T205C 3662:537 SEGGER J-Link V6.48a Log File (0000ms, 8367ms total)
T205C 3662:537 DLL Compiled: Jul 30 2019 15:16:09 (0000ms, 8367ms total)
T205C 3662:537 Logging started @ 2022-07-19 10:37 (0000ms, 8367ms total)
T205C 3662:540 JLINK_ExecCommand("Device = ATSAM4E16E", ...). Device "ATSAM4E16E" selected.  returns 0x00 (0001ms, 8368ms total)
T205C 3662:550 JLINK_TIF_Select(JLINKARM_TIF_JTAG)  returns 0x00 (0001ms, 8369ms total)
T205C 3662:551 JLINK_ConfigJTAG(IRPre = 0, DRPre = 0) (0000ms, 8369ms total)
T205C 3662:551 JLINK_SetSpeed(4000) (0000ms, 8369ms total)
T205C 3662:551 JLINK_ResetPullsRESET(OFF) (0000ms, 8369ms total)
T205C 3662:551 JLINK_Connect() >0x2F8 JTAG>TotalIRLen = 4, IRPrint = 0x01 >0x30 JTAG> >0x30 JTAG>JTAG chain detection found 1 devices: #0 Id: 0x4BA00477, IRLen: 04, CoreSight JTAG-DPScanning AP map to find all available APs >0x78 JTAG> >0x48 JTAG> >0x40 JTAG> >0x40 JTAG> >0x48 JTAG> >0x40 JTAG>AP[1]: Stopped AP scan as end of AP map has been reachedAP[0]: AHB-AP (IDR: 0x24770011)Iterating through AP map to find AHB-AP to use >0x78 JTAG> >0x48 JTAG> >0x48 JTAG> >0x70 JTAG> >0x40 JTAG> >0x30 JTAG>
 >0x40 JTAG> >0x40 JTAG>AP[0]: Core foundAP[0]: AHB-AP ROM base: 0xE00FF000 >0x40 JTAG> >0x40 JTAG> >0x30 JTAG> >0x40 JTAG> >0x40 JTAG>CPUID register: 0x410FC241. Implementer code: 0x41 (ARM)Found Cortex-M4 r0p1, Little endian. -- Max. mem block: 0x000023B8 -- CPU_ReadMem(4 bytes @ 0xE000EDF0) -- CPU_WriteMem(4 bytes @ 0xE000EDF0) -- CPU_ReadMem(4 bytes @ 0xE0002000)FPUnit: 6 code (BP) slots and 2 literal slots -- CPU_ReadMem(4 bytes @ 0xE000EDFC) -- CPU_WriteMem(4 bytes @ 0xE000EDFC)
 -- CPU_ReadMem(4 bytes @ 0xE0001000) -- CPU_WriteMem(4 bytes @ 0xE0001000) -- CPU_ReadMem(4 bytes @ 0xE000ED88) -- CPU_WriteMem(4 bytes @ 0xE000ED88) -- CPU_ReadMem(4 bytes @ 0xE000ED88) -- CPU_WriteMem(4 bytes @ 0xE000ED88)CoreSight components:ROMTbl[0] @ E00FF000 -- CPU_ReadMem(16 bytes @ 0xE00FF000) -- CPU_ReadMem(16 bytes @ 0xE000EFF0) -- CPU_ReadMem(16 bytes @ 0xE000EFE0)ROMTbl[0][0]: E000E000, CID: B105E00D, PID: 000BB00C SCS-M7 -- CPU_ReadMem(16 bytes @ 0xE0001FF0)
 -- CPU_ReadMem(16 bytes @ 0xE0001FE0)ROMTbl[0][1]: E0001000, CID: B105E00D, PID: 003BB002 DWT -- CPU_ReadMem(16 bytes @ 0xE0002FF0) -- CPU_ReadMem(16 bytes @ 0xE0002FE0)ROMTbl[0][2]: E0002000, CID: B105E00D, PID: 002BB003 FPB -- CPU_ReadMem(16 bytes @ 0xE0000FF0) -- CPU_ReadMem(16 bytes @ 0xE0000FE0)ROMTbl[0][3]: E0000000, CID: B105E00D, PID: 003BB001 ITM -- CPU_ReadMem(16 bytes @ 0xE00FF010) -- CPU_ReadMem(16 bytes @ 0xE0040FF0) -- CPU_ReadMem(16 bytes @ 0xE0040FE0)
ROMTbl[0][4]: E0040000, CID: B105900D, PID: 000BB9A1 TPIU  returns 0x00 (0023ms, 8392ms total)
T205C 3662:574 JLINK_Halt()  returns 0x00 (0005ms, 8397ms total)
T205C 3662:579 JLINK_BeginDownload(Flags = 0x00) (0000ms, 8397ms total)
T205C 3662:579 JLINK_WriteMem(0x400E0A04, 0x0004 Bytes, ...) - Data: 0B 01 00 5A -- CPU_WriteMem(4 bytes @ 0x400E0A04)  returns 0x04 (0001ms, 8398ms total)
T205C 3662:580 JLINK_EndDownload()  returns 0x00 (0000ms, 8398ms total)
T205C 3662:580 JLINK_ReadMemHW(0x400E0A08, 0x0004 Bytes, ...) -- CPU_ReadMem(4 bytes @ 0x400E0A08) - Data: 01 00 00 00  returns 0x00 (0001ms, 8399ms total)
T205C 3662:581 JLINK_SetResetType(JLINKARM_CM3_RESET_TYPE_NORMAL)  returns JLINKARM_CM3_RESET_TYPE_NORMAL (0000ms, 8399ms total)
T205C 3662:581 JLINK_Reset() -- CPU_ReadMem(16 bytes @ 0x20000000) -- CPU_WriteMem(16 bytes @ 0x20000000) -- CPU_ReadMem(4 bytes @ 0xE000EDFC) -- CPU_WriteMem(4 bytes @ 0xE000EDFC) -- CPU_ReadMem(4 bytes @ 0xE0001000) -- CPU_WriteMem(4 bytes @ 0xE000EDFC) -- CPU_WriteMem(16 bytes @ 0x20000000) -- CPU_WriteMem(4 bytes @ 0xE0002000) -- CPU_ReadMem(4 bytes @ 0xE000EDFC) -- CPU_ReadMem(4 bytes @ 0xE0001000) (0024ms, 8423ms total)
T205C 3662:606 JLINK_JTAG_GetDeviceID(DeviceIndex = 0)  returns 0x4BA00477 (0000ms, 8423ms total)
T205C 3662:606 JLINK_ReadMemU32(0x400E0740, 0x0001 Items, ...) -- CPU_ReadMem(4 bytes @ 0x400E0740) - Data: E0 0C CC A3  returns 1 (0001ms, 8424ms total)
T205C 3662:607 JLINK_ReadMemU32(0x400E0744, 0x0001 Items, ...) -- CPU_ReadMem(4 bytes @ 0x400E0744) - Data: 00 02 12 00  returns 1 (0000ms, 8424ms total)
T205C 3662:607 JLINK_BeginDownload(Flags = 0x00) (0000ms, 8424ms total)
T205C 3662:607 JLINK_WriteMem(0x400E0A04, 0x0004 Bytes, ...) - Data: 05 00 00 5A -- CPU_WriteMem(4 bytes @ 0x400E0A04)  returns 0x04 (0001ms, 8425ms total)
T205C 3662:608 JLINK_EndDownload()  returns 0x00 (0000ms, 8425ms total)
T205C 3662:608 JLINK_ReadMemHW(0x400E0A08, 0x0004 Bytes, ...) -- CPU_ReadMem(4 bytes @ 0x400E0A08) - Data: 00 00 00 00  returns 0x00 (0000ms, 8425ms total)
T205C 3662:609 JLINK_ReadMemHW(0x400E0A08, 0x0004 Bytes, ...) -- CPU_ReadMem(4 bytes @ 0x400E0A08) - Data: 00 00 00 00  returns 0x00 (0000ms, 8425ms total)
T205C 3662:614 JLINK_ReadMemHW(0x400E0A08, 0x0004 Bytes, ...) -- CPU_ReadMem(4 bytes @ 0x400E0A08) - Data: 00 00 00 00  returns 0x00 (0000ms, 8425ms total)
T3AC0 3662:615 JLINK_IsHalted()  returns TRUE (0000ms, 8425ms total)
T3AC0 3662:615 JLINK_GetMOEs(...) -- CPU_ReadMem(4 bytes @ 0xE000ED30)  returns 0x01 (0000ms, 8425ms total)
T3AC0 3662:615 JLINK_ReadReg(R15 (PC))  returns 0x00400730 (0000ms, 8425ms total)
T205C 3662:631 JLINK_ReadMemHW(0x400E0A08, 0x0004 Bytes, ...) -- CPU_ReadMem(4 bytes @ 0x400E0A08) - Data: 00 00 00 00  returns 0x00 (0000ms, 8425ms total)
T205C 3662:696 JLINK_ReadMemHW(0x400E0A08, 0x0004 Bytes, ...) -- CPU_ReadMem(4 bytes @ 0x400E0A08) - Data: 00 00 00 00  returns 0x00 (0001ms, 8426ms total)
T3AC0 3662:818 JLINK_IsHalted()  returns TRUE (0000ms, 8426ms total)
T205C 3662:953 JLINK_ReadMemHW(0x400E0A08, 0x0004 Bytes, ...) -- CPU_ReadMem(4 bytes @ 0x400E0A08) - Data: 00 00 00 00  returns 0x00 (0000ms, 8426ms total)
T3AC0 3663:018 JLINK_IsHalted()  returns TRUE (0000ms, 8426ms total)
T3AC0 3663:219 JLINK_IsHalted()  returns TRUE (0000ms, 8426ms total)
T3AC0 3663:425 JLINK_IsHalted()  returns TRUE (0000ms, 8426ms total)
T3AC0 3663:626 JLINK_IsHalted()  returns TRUE (0000ms, 8426ms total)
T3AC0 3663:826 JLINK_IsHalted()  returns TRUE (0001ms, 8427ms total)
T205C 3663:954 JLINK_ReadMemHW(0x400E0A08, 0x0004 Bytes, ...) -- CPU_ReadMem(4 bytes @ 0x400E0A08) - Data: 00 00 00 00  returns 0x00 (0000ms, 8426ms total)
T205C 3663:954 JLINK_ReadMemHW(0x400E0A08, 0x0004 Bytes, ...) -- CPU_ReadMem(4 bytes @ 0x400E0A08) - Data: 00 00 00 00  returns 0x00 (0001ms, 8427ms total)
T205C 3663:958 JLINK_ReadMemHW(0x400E0A08, 0x0004 Bytes, ...) -- CPU_ReadMem(4 bytes @ 0x400E0A08) - Data: 00 00 00 00  returns 0x00 (0000ms, 8427ms total)
T205C 3663:968 JLINK_ReadMemHW(0x400E0A08, 0x0004 Bytes, ...) -- CPU_ReadMem(4 bytes @ 0x400E0A08) - Data: 00 00 00 00  returns 0x00 (0000ms, 8427ms total)
T205C 3663:989 JLINK_ReadMemHW(0x400E0A08, 0x0004 Bytes, ...) -- CPU_ReadMem(4 bytes @ 0x400E0A08) - Data: 00 00 00 00  returns 0x00 (0000ms, 8427ms total)
T3AC0 3664:030 JLINK_IsHalted()  returns TRUE (0000ms, 8427ms total)
T205C 3664:053 JLINK_ReadMemHW(0x400E0A08, 0x0004 Bytes, ...) -- CPU_ReadMem(4 bytes @ 0x400E0A08) - Data: 00 00 00 00  returns 0x00 (0001ms, 8428ms total)
T3AC0 3664:233 JLINK_IsHalted()  returns TRUE (0000ms, 8428ms total)
T205C 3664:312 JLINK_ReadMemHW(0x400E0A08, 0x0004 Bytes, ...) -- CPU_ReadMem(4 bytes @ 0x400E0A08) - Data: 00 00 00 00  returns 0x00 (0000ms, 8428ms total)
T3AC0 3664:434 JLINK_IsHalted()  returns TRUE (0000ms, 8428ms total)
T3AC0 3664:635 JLINK_IsHalted()  returns TRUE (0000ms, 8428ms total)
T3AC0 3664:837 JLINK_IsHalted()  returns TRUE (0000ms, 8428ms total)
T3AC0 3665:037 JLINK_IsHalted()  returns TRUE (0000ms, 8428ms total)
T3AC0 3665:238 JLINK_IsHalted()  returns TRUE (0000ms, 8428ms total)
T205C 3665:314 JLINK_ReadMemHW(0x400E0A08, 0x0004 Bytes, ...) -- CPU_ReadMem(4 bytes @ 0x400E0A08) - Data: 00 00 00 00  returns 0x00 (0000ms, 8428ms total)
T205C 3665:315 JLINK_ReadMemHW(0x400E0A08, 0x0004 Bytes, ...) -- CPU_ReadMem(4 bytes @ 0x400E0A08) - Data: 00 00 00 00  returns 0x00 (0000ms, 8428ms total)
T205C 3665:316 JLINK_ReadMemHW(0x400E0A08, 0x0004 Bytes, ...) -- CPU_ReadMem(4 bytes @ 0x400E0A08) - Data: 00 00 00 00  returns 0x00 (0001ms, 8429ms total)
T205C 3665:323 JLINK_ReadMemHW(0x400E0A08, 0x0004 Bytes, ...) -- CPU_ReadMem(4 bytes @ 0x400E0A08) - Data: 00 00 00 00  returns 0x00 (0000ms, 8429ms total)
T205C 3665:340 JLINK_ReadMemHW(0x400E0A08, 0x0004 Bytes, ...) -- CPU_ReadMem(4 bytes @ 0x400E0A08) - Data: 00 00 00 00  returns 0x00 (0000ms, 8429ms total)
T205C 3665:406 JLINK_ReadMemHW(0x400E0A08, 0x0004 Bytes, ...) -- CPU_ReadMem(4 bytes @ 0x400E0A08) - Data: 00 00 00 00  returns 0x00 (0001ms, 8430ms total)
T3AC0 3665:439 JLINK_IsHalted()  returns TRUE (0000ms, 8430ms total)
T3AC0 3665:642 JLINK_IsHalted()  returns TRUE (0001ms, 8431ms total)
T205C 3665:665 JLINK_ReadMemHW(0x400E0A08, 0x0004 Bytes, ...) -- CPU_ReadMem(4 bytes @ 0x400E0A08) - Data: 00 00 00 00  returns 0x00 (0001ms, 8432ms total)
T3AC0 3665:845 JLINK_IsHalted()  returns TRUE (0000ms, 8432ms total)
T3AC0 3666:047 JLINK_IsHalted()  returns TRUE (0000ms, 8432ms total)
T3AC0 3666:250 JLINK_IsHalted()  returns TRUE (0000ms, 8432ms total)
T3AC0 3666:451 JLINK_IsHalted()  returns TRUE (0000ms, 8432ms total)
T3AC0 3666:653 JLINK_IsHalted()  returns TRUE (0000ms, 8432ms total)
T205C 3666:667 JLINK_ReadMemHW(0x400E0A08, 0x0004 Bytes, ...) -- CPU_ReadMem(4 bytes @ 0x400E0A08) - Data: 00 00 00 00  returns 0x00 (0000ms, 8432ms total)
T205C 3666:667 JLINK_ReadMemHW(0x400E0A08, 0x0004 Bytes, ...) -- CPU_ReadMem(4 bytes @ 0x400E0A08) - Data: 00 00 00 00  returns 0x00 (0001ms, 8433ms total)
T205C 3666:673 JLINK_ReadMemHW(0x400E0A08, 0x0004 Bytes, ...) -- CPU_ReadMem(4 bytes @ 0x400E0A08) - Data: 00 00 00 00  returns 0x00 (0001ms, 8434ms total)
T205C 3666:680 JLINK_ReadMemHW(0x400E0A08, 0x0004 Bytes, ...) -- CPU_ReadMem(4 bytes @ 0x400E0A08) - Data: 00 00 00 00  returns 0x00 (0000ms, 8434ms total)
T205C 3666:696 JLINK_ReadMemHW(0x400E0A08, 0x0004 Bytes, ...) -- CPU_ReadMem(4 bytes @ 0x400E0A08) - Data: 00 00 00 00  returns 0x00 (0000ms, 8434ms total)
T205C 3666:760 JLINK_ReadMemHW(0x400E0A08, 0x0004 Bytes, ...) -- CPU_ReadMem(4 bytes @ 0x400E0A08) - Data: 00 00 00 00  returns 0x00 (0001ms, 8435ms total)
T3AC0 3666:856 JLINK_IsHalted()  returns TRUE (0000ms, 8435ms total)
T205C 3667:018 JLINK_ReadMemHW(0x400E0A08, 0x0004 Bytes, ...) -- CPU_ReadMem(4 bytes @ 0x400E0A08) - Data: 00 00 00 00  returns 0x00 (0000ms, 8435ms total)
T3AC0 3667:057 JLINK_IsHalted()  returns TRUE (0000ms, 8435ms total)
T3AC0 3667:257 JLINK_IsHalted()  returns TRUE (0000ms, 8435ms total)
T3AC0 3667:459 JLINK_IsHalted()  returns TRUE (0000ms, 8435ms total)
T3AC0 3667:663 JLINK_IsHalted()  returns TRUE (0000ms, 8435ms total)
T3AC0 3667:864 JLINK_IsHalted()  returns TRUE (0000ms, 8435ms total)
T205C 3668:019 JLINK_ReadMemHW(0x400E0A08, 0x0004 Bytes, ...) -- CPU_ReadMem(4 bytes @ 0x400E0A08) - Data: 01 00 00 00  returns 0x00 (0001ms, 8436ms total)
T3AC0 3668:065 JLINK_IsHalted()  returns TRUE (0000ms, 8436ms total)
T205C 3668:066 JLINK_ResetPullsRESET(ON) (0000ms, 8436ms total)
T205C 3668:066 JLINK_ResetNoHalt() >0x2F8 JTAG>TotalIRLen = 4, IRPrint = 0x01 >0x30 JTAG> >0x30 JTAG>JTAG chain detection found 1 devices: #0 Id: 0x4BA00477, IRLen: 04, CoreSight JTAG-DPAP map detection skipped. Manually configured AP map found.AP[0]: AHB-AP (IDR: Not set) >0xB0 JTAG> >0x48 JTAG> >0x48 JTAG> >0x70 JTAG> >0x40 JTAG> >0x30 JTAG> >0x40 JTAG> >0x40 JTAG>AP[0]: Core foundAP[0]: AHB-AP ROM base: 0xE00FF000 >0x40 JTAG> >0x40 JTAG> >0x30 JTAG> >0x40 JTAG> >0x40 JTAG>
CPUID register: 0x410FC241. Implementer code: 0x41 (ARM)Found Cortex-M4 r0p1, Little endian. -- Max. mem block: 0x00001F48 -- CPU_ReadMem(4 bytes @ 0xE000EDF0) -- CPU_ReadMem(4 bytes @ 0xE0002000)FPUnit: 6 code (BP) slots and 2 literal slots -- CPU_ReadMem(4 bytes @ 0xE000EDFC) -- CPU_ReadMem(4 bytes @ 0xE0001000) -- CPU_ReadMem(4 bytes @ 0xE000ED88) -- CPU_WriteMem(4 bytes @ 0xE000ED88) -- CPU_ReadMem(4 bytes @ 0xE000ED88) -- CPU_WriteMem(4 bytes @ 0xE000ED88)CoreSight components:ROMTbl[0] @ E00FF000
 -- CPU_ReadMem(16 bytes @ 0xE00FF000) -- CPU_ReadMem(16 bytes @ 0xE000EFF0) -- CPU_ReadMem(16 bytes @ 0xE000EFE0)ROMTbl[0][0]: E000E000, CID: B105E00D, PID: 000BB00C SCS-M7 -- CPU_WriteMem(4 bytes @ 0xE0001000) -- CPU_ReadMem(16 bytes @ 0xE0001FF0) -- CPU_ReadMem(16 bytes @ 0xE0001FE0)ROMTbl[0][1]: E0001000, CID: B105E00D, PID: 003BB002 DWT -- CPU_ReadMem(16 bytes @ 0xE0002FF0) -- CPU_ReadMem(16 bytes @ 0xE0002FE0)ROMTbl[0][2]: E0002000, CID: B105E00D, PID: 002BB003 FPB
 -- CPU_ReadMem(16 bytes @ 0xE0000FF0) -- CPU_ReadMem(16 bytes @ 0xE0000FE0)ROMTbl[0][3]: E0000000, CID: B105E00D, PID: 003BB001 ITM -- CPU_ReadMem(16 bytes @ 0xE00FF010) -- CPU_ReadMem(16 bytes @ 0xE0040FF0) -- CPU_ReadMem(16 bytes @ 0xE0040FE0)ROMTbl[0][4]: E0040000, CID: B105900D, PID: 000BB9A1 TPIU
                JLINK_Reset() -- CPU_ReadMem(16 bytes @ 0x20000000) -- CPU_WriteMem(16 bytes @ 0x20000000) -- CPU_ReadMem(4 bytes @ 0xE000EDFC) -- CPU_WriteMem(4 bytes @ 0xE000EDFC) -- CPU_ReadMem(4 bytes @ 0xE0001000) -- CPU_WriteMem(4 bytes @ 0xE0001004) -- CPU_WriteMem(4 bytes @ 0xE000EDFC) -- CPU_WriteMem(16 bytes @ 0x20000000) -- CPU_WriteMem(4 bytes @ 0xE0002000) -- CPU_ReadMem(4 bytes @ 0xE000EDFC) -- CPU_ReadMem(4 bytes @ 0xE0001000) (0023ms, 0023ms total)
                JLINK_Go() -- CPU_ReadMem(4 bytes @ 0xE0001000) -- CPU_WriteMem(4 bytes @ 0xE0001004) (0001ms, 0024ms total)
               (0039ms, 8475ms total)
T205C 3668:105 JLINK_TIF_Select(JLINKARM_TIF_JTAG)  returns 0x00 (0000ms, 8475ms total)
T205C 3668:105 JLINK_ConfigJTAG(IRPre = 0, DRPre = 0) (0000ms, 8475ms total)
T205C 3668:105 JLINK_SetSpeed(4000) (0000ms, 8475ms total)
T205C 3668:105 JLINK_ResetPullsRESET(OFF) (0000ms, 8475ms total)
T205C 3668:105 JLINK_Connect() >0x2F8 JTAG>TotalIRLen = 4, IRPrint = 0x01 >0x30 JTAG> >0x30 JTAG>JTAG chain detection found 1 devices: #0 Id: 0x4BA00477, IRLen: 04, CoreSight JTAG-DPAP map detection skipped. Manually configured AP map found.AP[0]: AHB-AP (IDR: Not set) >0xB0 JTAG> >0x48 JTAG> >0x48 JTAG> >0x70 JTAG> >0x40 JTAG> >0x30 JTAG> >0x40 JTAG> >0x40 JTAG>AP[0]: Core foundAP[0]: AHB-AP ROM base: 0xE00FF000 >0x40 JTAG> >0x40 JTAG> >0x30 JTAG> >0x40 JTAG> >0x40 JTAG>
CPUID register: 0x410FC241. Implementer code: 0x41 (ARM)Found Cortex-M4 r0p1, Little endian. -- Max. mem block: 0x00001F48 -- CPU_ReadMem(4 bytes @ 0xE000EDF0) -- CPU_ReadMem(4 bytes @ 0xE0002000)FPUnit: 6 code (BP) slots and 2 literal slots -- CPU_ReadMem(4 bytes @ 0xE000EDFC) -- CPU_ReadMem(4 bytes @ 0xE0001000) -- CPU_WriteMem(4 bytes @ 0xE0001000) -- CPU_ReadMem(4 bytes @ 0xE000ED88) -- CPU_WriteMem(4 bytes @ 0xE000ED88) -- CPU_ReadMem(4 bytes @ 0xE000ED88) -- CPU_WriteMem(4 bytes @ 0xE000ED88)
CoreSight components:ROMTbl[0] @ E00FF000 -- CPU_ReadMem(16 bytes @ 0xE00FF000) -- CPU_ReadMem(16 bytes @ 0xE000EFF0) -- CPU_ReadMem(16 bytes @ 0xE000EFE0)ROMTbl[0][0]: E000E000, CID: B105E00D, PID: 000BB00C SCS-M7 -- CPU_ReadMem(16 bytes @ 0xE0001FF0) -- CPU_ReadMem(16 bytes @ 0xE0001FE0)ROMTbl[0][1]: E0001000, CID: B105E00D, PID: 003BB002 DWT -- CPU_ReadMem(16 bytes @ 0xE0002FF0) -- CPU_ReadMem(16 bytes @ 0xE0002FE0)ROMTbl[0][2]: E0002000, CID: B105E00D, PID: 002BB003 FPB
 -- CPU_ReadMem(16 bytes @ 0xE0000FF0) -- CPU_ReadMem(16 bytes @ 0xE0000FE0)ROMTbl[0][3]: E0000000, CID: B105E00D, PID: 003BB001 ITM -- CPU_ReadMem(16 bytes @ 0xE00FF010) -- CPU_ReadMem(16 bytes @ 0xE0040FF0) -- CPU_ReadMem(16 bytes @ 0xE0040FE0)ROMTbl[0][4]: E0040000, CID: B105900D, PID: 000BB9A1 TPIU  returns 0x00 (0015ms, 8490ms total)
T205C 3668:120 JLINK_Halt()  returns 0x00 (0004ms, 8494ms total)
T205C 3668:124 JLINK_BeginDownload(Flags = 0x00) (0000ms, 8494ms total)
T205C 3668:124 JLINK_WriteMem(0x400E0A04, 0x0004 Bytes, ...) - Data: 0B 01 00 5A -- CPU_WriteMem(4 bytes @ 0x400E0A04)  returns 0x04 (0001ms, 8495ms total)
T205C 3668:125 JLINK_EndDownload()  returns 0x00 (0000ms, 8495ms total)
T205C 3668:125 JLINK_ReadMemHW(0x400E0A08, 0x0004 Bytes, ...) -- CPU_ReadMem(4 bytes @ 0x400E0A08) - Data: 01 00 00 00  returns 0x00 (0000ms, 8495ms total)
T205C 3668:125 JLINK_SetResetType(JLINKARM_CM3_RESET_TYPE_NORMAL)  returns JLINKARM_CM3_RESET_TYPE_NORMAL (0000ms, 8495ms total)
T205C 3668:125 JLINK_Reset() -- CPU_ReadMem(16 bytes @ 0x20000000) -- CPU_WriteMem(16 bytes @ 0x20000000) -- CPU_ReadMem(4 bytes @ 0xE000EDFC) -- CPU_WriteMem(4 bytes @ 0xE000EDFC) -- CPU_ReadMem(4 bytes @ 0xE0001000) -- CPU_WriteMem(4 bytes @ 0xE000EDFC) -- CPU_WriteMem(16 bytes @ 0x20000000) -- CPU_WriteMem(4 bytes @ 0xE0002000) -- CPU_ReadMem(4 bytes @ 0xE000EDFC) -- CPU_ReadMem(4 bytes @ 0xE0001000) (0022ms, 8517ms total)
T205C 3668:149 JLINK_JTAG_GetDeviceID(DeviceIndex = 0)  returns 0x4BA00477 (0000ms, 8517ms total)
T205C 3668:149 JLINK_ReadMemU32(0x400E0740, 0x0001 Items, ...) -- CPU_ReadMem(4 bytes @ 0x400E0740) - Data: E0 0C CC A3  returns 1 (0001ms, 8518ms total)
T205C 3668:150 JLINK_ReadMemU32(0x400E0744, 0x0001 Items, ...) -- CPU_ReadMem(4 bytes @ 0x400E0744) - Data: 00 02 12 00  returns 1 (0000ms, 8518ms total)
T3070 3668:158 JLINK_IsHalted()  returns TRUE (0000ms, 8518ms total)
T3070 3668:158 JLINK_GetMOEs(...) -- CPU_ReadMem(4 bytes @ 0xE000ED30)  returns 0x01 (0000ms, 8518ms total)
T3070 3668:158 JLINK_ReadReg(R15 (PC))  returns 0xFFFFFFFE (0000ms, 8518ms total)
T205C 3668:159 JLINK_BeginDownload(Flags = 0x00) (0000ms, 8518ms total)
T205C 3668:159 JLINK_WriteMem(0x00400000, 0x1DD0 Bytes, ...) - Data: D8 3A 00 20 31 07 40 00 2F 07 40 00 2F 07 40 00 ... -- Read from flash cache (7632 bytes @ 0x00400000)  returns 0x1DD0 (0000ms, 8518ms total)
T205C 3668:159 JLINK_WriteMem(0x00401DD0, 0x084C Bytes, ...) - Data: 01 00 00 00 00 09 3D 00 10 00 00 20 00 00 00 00 ... -- Read from flash cache (2124 bytes @ 0x00401DD0)  returns 0x84C (0000ms, 8518ms total)
T3070 3668:361 JLINK_IsHalted()  returns TRUE (0000ms, 8518ms total)
T205C 3668:362 JLINK_EndDownload()Old firmware which does not support pausing periodic actions during flash download -- CPU_ReadMem(4 bytes @ 0xE000ED90) -- CPU_ReadMem(4 bytes @ 0xE000ED94) -- -------------------------------------- -- Start of determining dirty areas in flash cache -- End of determining dirty areas -- Start of preparing flash programming -- Calculating RAM usage -- RAM usage = 2860 Bytes -- Preserving CPU registers -- Preparing memory -- Preparing target -- Downloading RAMCode
 -- Checking target RAM -- Preparing RAMCode -- End of preparing flash programming -- CPU is running at 90000 kHz. -- Start of comparing flash -- CRC check was estimated as fastest method -- Comparing range 0x400000 - 0x402FFF (3 Sectors, 12 KB), using multi-block CRC calculation -- CRC does not match for sectors 0-2 -- End of comparing flash -- Start of erasing sectors -- End of erasing sectors -- Start of flash programming -- Programming range 0x00400000 - 0x00402FFF (  3 Sectors, 12 KB)
 -- End of flash programming -- 0x400000 - 0x402FFF (  3 Sectors, 12 KB) -- Start of verifying flash -- Checksum calculation was estimated as fastest method -- End of verifying flash -- Start of restoring -- Restoring RAMCode -- Restore target -- Restore memory -- Restoring CPU registers -- End of restoring -- Bank 0 @ 0x00400000: 1 range affected (12288 bytes) -- Total time needed: 0.302s (Prepare: 0.182s, Compare: 0.002s, Erase: 0.000s, Program: 0.061s, Verify: 0.000s, Restore: 0.055s)  returns 0x3000
 (0307ms, 8825ms total)
T205C 3668:669 JLINK_ResetPullsRESET(ON) (0000ms, 8825ms total)
T205C 3668:669 JLINK_ResetNoHalt() >0x2F8 JTAG>TotalIRLen = 4, IRPrint = 0x01 >0x30 JTAG> >0x30 JTAG>JTAG chain detection found 1 devices: #0 Id: 0x4BA00477, IRLen: 04, CoreSight JTAG-DPAP map detection skipped. Manually configured AP map found.AP[0]: AHB-AP (IDR: Not set) >0xB0 JTAG> >0x48 JTAG> >0x48 JTAG> >0x70 JTAG> >0x40 JTAG> >0x30 JTAG> >0x40 JTAG> >0x40 JTAG>AP[0]: Core foundAP[0]: AHB-AP ROM base: 0xE00FF000 >0x40 JTAG> >0x40 JTAG> >0x30 JTAG> >0x40 JTAG> >0x40 JTAG>
CPUID register: 0x410FC241. Implementer code: 0x41 (ARM)Found Cortex-M4 r0p1, Little endian. -- Max. mem block: 0x00001F48 -- CPU_ReadMem(4 bytes @ 0xE000EDF0) -- CPU_ReadMem(4 bytes @ 0xE0002000)FPUnit: 6 code (BP) slots and 2 literal slots -- CPU_ReadMem(4 bytes @ 0xE000EDFC) -- CPU_ReadMem(4 bytes @ 0xE0001000) -- CPU_ReadMem(4 bytes @ 0xE000ED88) -- CPU_WriteMem(4 bytes @ 0xE000ED88) -- CPU_ReadMem(4 bytes @ 0xE000ED88) -- CPU_WriteMem(4 bytes @ 0xE000ED88)CoreSight components:ROMTbl[0] @ E00FF000
 -- CPU_ReadMem(16 bytes @ 0xE00FF000) -- CPU_ReadMem(16 bytes @ 0xE000EFF0) -- CPU_ReadMem(16 bytes @ 0xE000EFE0)ROMTbl[0][0]: E000E000, CID: B105E00D, PID: 000BB00C SCS-M7 -- CPU_WriteMem(4 bytes @ 0xE0001000) -- CPU_ReadMem(16 bytes @ 0xE0001FF0) -- CPU_ReadMem(16 bytes @ 0xE0001FE0)ROMTbl[0][1]: E0001000, CID: B105E00D, PID: 003BB002 DWT -- CPU_ReadMem(16 bytes @ 0xE0002FF0) -- CPU_ReadMem(16 bytes @ 0xE0002FE0)ROMTbl[0][2]: E0002000, CID: B105E00D, PID: 002BB003 FPB
 -- CPU_ReadMem(16 bytes @ 0xE0000FF0) -- CPU_ReadMem(16 bytes @ 0xE0000FE0)ROMTbl[0][3]: E0000000, CID: B105E00D, PID: 003BB001 ITM -- CPU_ReadMem(16 bytes @ 0xE00FF010) -- CPU_ReadMem(16 bytes @ 0xE0040FF0) -- CPU_ReadMem(16 bytes @ 0xE0040FE0)ROMTbl[0][4]: E0040000, CID: B105900D, PID: 000BB9A1 TPIU
                JLINK_Reset() -- CPU_ReadMem(16 bytes @ 0x20000000) -- CPU_WriteMem(16 bytes @ 0x20000000) -- CPU_ReadMem(4 bytes @ 0xE000EDFC) -- CPU_WriteMem(4 bytes @ 0xE000EDFC) -- CPU_ReadMem(4 bytes @ 0xE0001000) -- CPU_WriteMem(4 bytes @ 0xE000EDFC) -- CPU_WriteMem(16 bytes @ 0x20000000) -- CPU_WriteMem(4 bytes @ 0xE0002000) -- CPU_ReadMem(4 bytes @ 0xE000EDFC) -- CPU_ReadMem(4 bytes @ 0xE0001000) (0025ms, 0025ms total)
                JLINK_Go() -- CPU_ReadMem(4 bytes @ 0xE0001000) -- CPU_WriteMem(4 bytes @ 0xE0001004) (0001ms, 0026ms total)
               (0040ms, 8865ms total)
T205C 3668:724 JLINK_Close() >0x70 JTAG> >0x40 JTAG> >0x30 JTAG> >0x30 JTAG> >0x30 JTAG> >0x30 JTAG> >0x48 JTAG> >0x30 JTAG> >0x08 JTAG> (0006ms, 8871ms total)
T205C 3668:724  (0006ms, 8871ms total)
T205C 3668:724 Closed (0006ms, 8871ms total)
