T2764 8385:208 SEGGER J-Link V6.48a Log File (0000ms, 18307ms total)
T2764 8385:208 DLL Compiled: Jul 30 2019 15:16:09 (0000ms, 18307ms total)
T2764 8385:208 Logging started @ 2022-06-28 15:14 (0001ms, 18308ms total)
T2764 8385:215 JLINK_ExecCommand("Device = ATSAM4E16E", ...). Device "ATSAM4E16E" selected.  returns 0x00 (0002ms, 18310ms total)
T2764 8385:630 JLINK_TIF_Select(JLINKARM_TIF_JTAG)  returns 0x00 (0001ms, 18311ms total)
T2764 8385:631 JLINK_ConfigJTAG(IRPre = 0, DRPre = 0) (0000ms, 18311ms total)
T2764 8385:631 JLINK_SetSpeed(6800) (0000ms, 18311ms total)
T2764 8385:631 JLINK_ResetPullsRESET(OFF) (0000ms, 18311ms total)
T2764 8385:631 JLINK_Connect() >0x2F8 JTAG>TotalIRLen = 4, IRPrint = 0x01 >0x30 JTAG> >0x30 JTAG>JTAG chain detection found 1 devices: #0 Id: 0x4BA00477, IRLen: 04, CoreSight JTAG-DPScanning AP map to find all available APs >0x78 JTAG> >0x48 JTAG> >0x40 JTAG> >0x40 JTAG> >0x48 JTAG> >0x40 JTAG>AP[1]: Stopped AP scan as end of AP map has been reachedAP[0]: AHB-AP (IDR: 0x24770011)Iterating through AP map to find AHB-AP to use >0x78 JTAG> >0x48 JTAG> >0x48 JTAG> >0x70 JTAG> >0x40 JTAG> >0x30 JTAG>
 >0x40 JTAG> >0x40 JTAG>AP[0]: Core foundAP[0]: AHB-AP ROM base: 0xE00FF000 >0x40 JTAG> >0x40 JTAG> >0x30 JTAG> >0x40 JTAG> >0x40 JTAG>CPUID register: 0x410FC241. Implementer code: 0x41 (ARM)Found Cortex-M4 r0p1, Little endian. -- Max. mem block: 0x000023B8 -- CPU_ReadMem(4 bytes @ 0xE000EDF0) -- CPU_WriteMem(4 bytes @ 0xE000EDF0) -- CPU_ReadMem(4 bytes @ 0xE0002000)FPUnit: 6 code (BP) slots and 2 literal slots -- CPU_ReadMem(4 bytes @ 0xE000EDFC) -- CPU_WriteMem(4 bytes @ 0xE000EDFC)
 -- CPU_ReadMem(4 bytes @ 0xE0001000) -- CPU_WriteMem(4 bytes @ 0xE0001000) -- CPU_ReadMem(4 bytes @ 0xE000ED88) -- CPU_WriteMem(4 bytes @ 0xE000ED88) -- CPU_ReadMem(4 bytes @ 0xE000ED88) -- CPU_WriteMem(4 bytes @ 0xE000ED88)CoreSight components:ROMTbl[0] @ E00FF000 -- CPU_ReadMem(16 bytes @ 0xE00FF000) -- CPU_ReadMem(16 bytes @ 0xE000EFF0) -- CPU_ReadMem(16 bytes @ 0xE000EFE0)ROMTbl[0][0]: E000E000, CID: B105E00D, PID: 000BB00C SCS-M7 -- CPU_ReadMem(16 bytes @ 0xE0001FF0)
 -- CPU_ReadMem(16 bytes @ 0xE0001FE0)ROMTbl[0][1]: E0001000, CID: B105E00D, PID: 003BB002 DWT -- CPU_ReadMem(16 bytes @ 0xE0002FF0) -- CPU_ReadMem(16 bytes @ 0xE0002FE0)ROMTbl[0][2]: E0002000, CID: B105E00D, PID: 002BB003 FPB -- CPU_ReadMem(16 bytes @ 0xE0000FF0) -- CPU_ReadMem(16 bytes @ 0xE0000FE0)ROMTbl[0][3]: E0000000, CID: B105E00D, PID: 003BB001 ITM -- CPU_ReadMem(16 bytes @ 0xE00FF010) -- CPU_ReadMem(16 bytes @ 0xE0040FF0) -- CPU_ReadMem(16 bytes @ 0xE0040FE0)
ROMTbl[0][4]: E0040000, CID: B105900D, PID: 000BB9A1 TPIU  returns 0x00 (0065ms, 18376ms total)
T2764 8385:696 JLINK_Halt()  returns 0x00 (0003ms, 18379ms total)
T2764 8385:699 JLINK_BeginDownload(Flags = 0x00) (0000ms, 18379ms total)
T2764 8385:699 JLINK_WriteMem(0x400E0A04, 0x0004 Bytes, ...) - Data: 0B 01 00 5A -- CPU_WriteMem(4 bytes @ 0x400E0A04)  returns 0x04 (0001ms, 18380ms total)
T2764 8385:700 JLINK_EndDownload()  returns 0x00 (0000ms, 18380ms total)
T2764 8385:700 JLINK_ReadMemHW(0x400E0A08, 0x0004 Bytes, ...) -- CPU_ReadMem(4 bytes @ 0x400E0A08) - Data: 01 00 00 00  returns 0x00 (0001ms, 18381ms total)
T2764 8385:701 JLINK_SetResetType(JLINKARM_CM3_RESET_TYPE_NORMAL)  returns JLINKARM_CM3_RESET_TYPE_NORMAL (0000ms, 18381ms total)
T2764 8385:701 JLINK_Reset() -- CPU_ReadMem(16 bytes @ 0x20000000) -- CPU_WriteMem(16 bytes @ 0x20000000) -- CPU_ReadMem(4 bytes @ 0xE000EDFC) -- CPU_WriteMem(4 bytes @ 0xE000EDFC) -- CPU_ReadMem(4 bytes @ 0xE0001000) -- CPU_WriteMem(4 bytes @ 0xE000EDFC) -- CPU_WriteMem(16 bytes @ 0x20000000) -- CPU_WriteMem(4 bytes @ 0xE0002000) -- CPU_ReadMem(4 bytes @ 0xE000EDFC) -- CPU_ReadMem(4 bytes @ 0xE0001000) (0023ms, 18404ms total)
T2764 8385:728 JLINK_JTAG_GetDeviceID(DeviceIndex = 0)  returns 0x4BA00477 (0000ms, 18404ms total)
T2764 8385:728 JLINK_ReadMemU32(0x400E0740, 0x0001 Items, ...) -- CPU_ReadMem(4 bytes @ 0x400E0740) - Data: E0 0C CC A3  returns 1 (0001ms, 18405ms total)
T2764 8385:729 JLINK_ReadMemU32(0x400E0744, 0x0001 Items, ...) -- CPU_ReadMem(4 bytes @ 0x400E0744) - Data: 00 02 12 00  returns 1 (0000ms, 18405ms total)
T2764 8385:729 JLINK_BeginDownload(Flags = 0x00) (0000ms, 18405ms total)
T2764 8385:729 JLINK_WriteMem(0x400E0A04, 0x0004 Bytes, ...) - Data: 05 00 00 5A -- CPU_WriteMem(4 bytes @ 0x400E0A04)  returns 0x04 (0002ms, 18407ms total)
T2764 8385:731 JLINK_EndDownload()  returns 0x00 (0000ms, 18407ms total)
T2764 8385:731 JLINK_ReadMemHW(0x400E0A08, 0x0004 Bytes, ...) -- CPU_ReadMem(4 bytes @ 0x400E0A08) - Data: 00 00 00 00  returns 0x00 (0000ms, 18407ms total)
T2764 8385:732 JLINK_ReadMemHW(0x400E0A08, 0x0004 Bytes, ...) -- CPU_ReadMem(4 bytes @ 0x400E0A08) - Data: 00 00 00 00  returns 0x00 (0000ms, 18407ms total)
T3D1C 8385:738 JLINK_IsHalted()  returns TRUE (0000ms, 18407ms total)
T2764 8385:738 JLINK_ReadMemHW(0x400E0A08, 0x0004 Bytes, ...) -- CPU_ReadMem(4 bytes @ 0x400E0A08) - Data: 00 00 00 00  returns 0x00 (0000ms, 18407ms total)
T3D1C 8385:738 JLINK_GetMOEs(...) -- CPU_ReadMem(4 bytes @ 0xE000ED30)  returns 0x01 (0000ms, 18407ms total)
T3D1C 8385:738 JLINK_ReadReg(R15 (PC))  returns 0x004009A4 (0000ms, 18407ms total)
T2764 8385:755 JLINK_ReadMemHW(0x400E0A08, 0x0004 Bytes, ...) -- CPU_ReadMem(4 bytes @ 0x400E0A08) - Data: 00 00 00 00  returns 0x00 (0000ms, 18407ms total)
T2764 8385:820 JLINK_ReadMemHW(0x400E0A08, 0x0004 Bytes, ...) -- CPU_ReadMem(4 bytes @ 0x400E0A08) - Data: 00 00 00 00  returns 0x00 (0000ms, 18407ms total)
T3D1C 8385:939 JLINK_IsHalted()  returns TRUE (0000ms, 18407ms total)
T2764 8386:077 JLINK_ReadMemHW(0x400E0A08, 0x0004 Bytes, ...) -- CPU_ReadMem(4 bytes @ 0x400E0A08) - Data: 00 00 00 00  returns 0x00 (0000ms, 18407ms total)
T3D1C 8386:141 JLINK_IsHalted()  returns TRUE (0000ms, 18407ms total)
T3D1C 8386:347 JLINK_IsHalted()  returns TRUE (0001ms, 18408ms total)
T3D1C 8386:548 JLINK_IsHalted()  returns TRUE (0000ms, 18407ms total)
T3D1C 8386:756 JLINK_IsHalted()  returns TRUE (0000ms, 18407ms total)
T3D1C 8386:958 JLINK_IsHalted()  returns TRUE (0000ms, 18407ms total)
T2764 8387:083 JLINK_ReadMemHW(0x400E0A08, 0x0004 Bytes, ...) -- CPU_ReadMem(4 bytes @ 0x400E0A08) - Data: 00 00 00 00  returns 0x00 (0000ms, 18407ms total)
T2764 8387:084 JLINK_ReadMemHW(0x400E0A08, 0x0004 Bytes, ...) -- CPU_ReadMem(4 bytes @ 0x400E0A08) - Data: 00 00 00 00  returns 0x00 (0000ms, 18407ms total)
T2764 8387:087 JLINK_ReadMemHW(0x400E0A08, 0x0004 Bytes, ...) -- CPU_ReadMem(4 bytes @ 0x400E0A08) - Data: 00 00 00 00  returns 0x00 (0000ms, 18407ms total)
T2764 8387:092 JLINK_ReadMemHW(0x400E0A08, 0x0004 Bytes, ...) -- CPU_ReadMem(4 bytes @ 0x400E0A08) - Data: 00 00 00 00  returns 0x00 (0001ms, 18408ms total)
T2764 8387:113 JLINK_ReadMemHW(0x400E0A08, 0x0004 Bytes, ...) -- CPU_ReadMem(4 bytes @ 0x400E0A08) - Data: 00 00 00 00  returns 0x00 (0000ms, 18408ms total)
T3D1C 8387:160 JLINK_IsHalted()  returns TRUE (0000ms, 18408ms total)
T2764 8387:178 JLINK_ReadMemHW(0x400E0A08, 0x0004 Bytes, ...) -- CPU_ReadMem(4 bytes @ 0x400E0A08) - Data: 00 00 00 00  returns 0x00 (0001ms, 18409ms total)
T3D1C 8387:361 JLINK_IsHalted()  returns TRUE (0000ms, 18409ms total)
T2764 8387:436 JLINK_ReadMemHW(0x400E0A08, 0x0004 Bytes, ...) -- CPU_ReadMem(4 bytes @ 0x400E0A08) - Data: 00 00 00 00  returns 0x00 (0000ms, 18409ms total)
T3D1C 8387:564 JLINK_IsHalted()  returns TRUE (0000ms, 18409ms total)
T3D1C 8387:765 JLINK_IsHalted()  returns TRUE (0000ms, 18409ms total)
T3D1C 8387:965 JLINK_IsHalted()  returns TRUE (0000ms, 18409ms total)
T3D1C 8388:166 JLINK_IsHalted()  returns TRUE (0001ms, 18410ms total)
T3D1C 8388:367 JLINK_IsHalted()  returns TRUE (0000ms, 18409ms total)
T2764 8388:437 JLINK_ReadMemHW(0x400E0A08, 0x0004 Bytes, ...) -- CPU_ReadMem(4 bytes @ 0x400E0A08) - Data: 00 00 00 00  returns 0x00 (0000ms, 18409ms total)
T2764 8388:437 JLINK_ReadMemHW(0x400E0A08, 0x0004 Bytes, ...) -- CPU_ReadMem(4 bytes @ 0x400E0A08) - Data: 00 00 00 00  returns 0x00 (0000ms, 18409ms total)
T2764 8388:442 JLINK_ReadMemHW(0x400E0A08, 0x0004 Bytes, ...) -- CPU_ReadMem(4 bytes @ 0x400E0A08) - Data: 00 00 00 00  returns 0x00 (0000ms, 18409ms total)
T2764 8388:446 JLINK_ReadMemHW(0x400E0A08, 0x0004 Bytes, ...) -- CPU_ReadMem(4 bytes @ 0x400E0A08) - Data: 00 00 00 00  returns 0x00 (0000ms, 18409ms total)
T2764 8388:463 JLINK_ReadMemHW(0x400E0A08, 0x0004 Bytes, ...) -- CPU_ReadMem(4 bytes @ 0x400E0A08) - Data: 00 00 00 00  returns 0x00 (0000ms, 18409ms total)
T2764 8388:528 JLINK_ReadMemHW(0x400E0A08, 0x0004 Bytes, ...) -- CPU_ReadMem(4 bytes @ 0x400E0A08) - Data: 00 00 00 00  returns 0x00 (0001ms, 18410ms total)
T3D1C 8388:569 JLINK_IsHalted()  returns TRUE (0000ms, 18410ms total)
T3D1C 8388:770 JLINK_IsHalted()  returns TRUE (0000ms, 18410ms total)
T2764 8388:786 JLINK_ReadMemHW(0x400E0A08, 0x0004 Bytes, ...) -- CPU_ReadMem(4 bytes @ 0x400E0A08) - Data: 00 00 00 00  returns 0x00 (0002ms, 18412ms total)
T3D1C 8388:972 JLINK_IsHalted()  returns TRUE (0000ms, 18412ms total)
T3D1C 8389:173 JLINK_IsHalted()  returns TRUE (0000ms, 18412ms total)
T3D1C 8389:374 JLINK_IsHalted()  returns TRUE (0000ms, 18412ms total)
T3D1C 8389:574 JLINK_IsHalted()  returns TRUE (0000ms, 18412ms total)
T3D1C 8389:774 JLINK_IsHalted()  returns TRUE (0000ms, 18412ms total)
T2764 8389:791 JLINK_ReadMemHW(0x400E0A08, 0x0004 Bytes, ...) -- CPU_ReadMem(4 bytes @ 0x400E0A08) - Data: 00 00 00 00  returns 0x00 (0001ms, 18413ms total)
T2764 8389:792 JLINK_ReadMemHW(0x400E0A08, 0x0004 Bytes, ...) -- CPU_ReadMem(4 bytes @ 0x400E0A08) - Data: 00 00 00 00  returns 0x00 (0001ms, 18414ms total)
T2764 8389:795 JLINK_ReadMemHW(0x400E0A08, 0x0004 Bytes, ...) -- CPU_ReadMem(4 bytes @ 0x400E0A08) - Data: 00 00 00 00  returns 0x00 (0001ms, 18415ms total)
T2764 8389:802 JLINK_ReadMemHW(0x400E0A08, 0x0004 Bytes, ...) -- CPU_ReadMem(4 bytes @ 0x400E0A08) - Data: 00 00 00 00  returns 0x00 (0000ms, 18415ms total)
T2764 8389:819 JLINK_ReadMemHW(0x400E0A08, 0x0004 Bytes, ...) -- CPU_ReadMem(4 bytes @ 0x400E0A08) - Data: 00 00 00 00  returns 0x00 (0000ms, 18415ms total)
T2764 8389:884 JLINK_ReadMemHW(0x400E0A08, 0x0004 Bytes, ...) -- CPU_ReadMem(4 bytes @ 0x400E0A08) - Data: 00 00 00 00  returns 0x00 (0000ms, 18415ms total)
T3D1C 8389:976 JLINK_IsHalted()  returns TRUE (0000ms, 18415ms total)
T2764 8390:146 JLINK_ReadMemHW(0x400E0A08, 0x0004 Bytes, ...) -- CPU_ReadMem(4 bytes @ 0x400E0A08) - Data: 00 00 00 00  returns 0x00 (0001ms, 18416ms total)
T3D1C 8390:176 JLINK_IsHalted()  returns TRUE (0000ms, 18416ms total)
T3D1C 8390:382 JLINK_IsHalted()  returns TRUE (0001ms, 18417ms total)
T3D1C 8390:584 JLINK_IsHalted()  returns TRUE (0000ms, 18416ms total)
T3D1C 8390:786 JLINK_IsHalted()  returns TRUE (0000ms, 18416ms total)
T3D1C 8390:987 JLINK_IsHalted()  returns TRUE (0000ms, 18416ms total)
T2764 8391:147 JLINK_ReadMemHW(0x400E0A08, 0x0004 Bytes, ...) -- CPU_ReadMem(4 bytes @ 0x400E0A08) - Data: 01 00 00 00  returns 0x00 (0000ms, 18416ms total)
T3D1C 8391:187 JLINK_IsHalted()  returns TRUE (0001ms, 18417ms total)
T2764 8391:190 JLINK_ResetPullsRESET(ON) (0000ms, 18416ms total)
T2764 8391:190 JLINK_ResetNoHalt() >0x2F8 JTAG>TotalIRLen = 4, IRPrint = 0x01 >0x30 JTAG> >0x30 JTAG>JTAG chain detection found 1 devices: #0 Id: 0x4BA00477, IRLen: 04, CoreSight JTAG-DPAP map detection skipped. Manually configured AP map found.AP[0]: AHB-AP (IDR: Not set) >0xB0 JTAG> >0x48 JTAG> >0x48 JTAG> >0x70 JTAG> >0x40 JTAG> >0x30 JTAG> >0x40 JTAG> >0x40 JTAG>AP[0]: Core foundAP[0]: AHB-AP ROM base: 0xE00FF000 >0x40 JTAG> >0x40 JTAG> >0x30 JTAG> >0x40 JTAG> >0x40 JTAG>
CPUID register: 0x410FC241. Implementer code: 0x41 (ARM)Found Cortex-M4 r0p1, Little endian. -- Max. mem block: 0x00001F48 -- CPU_ReadMem(4 bytes @ 0xE000EDF0) -- CPU_ReadMem(4 bytes @ 0xE0002000)FPUnit: 6 code (BP) slots and 2 literal slots -- CPU_ReadMem(4 bytes @ 0xE000EDFC) -- CPU_ReadMem(4 bytes @ 0xE0001000) -- CPU_ReadMem(4 bytes @ 0xE000ED88) -- CPU_WriteMem(4 bytes @ 0xE000ED88) -- CPU_ReadMem(4 bytes @ 0xE000ED88) -- CPU_WriteMem(4 bytes @ 0xE000ED88)CoreSight components:ROMTbl[0] @ E00FF000
 -- CPU_ReadMem(16 bytes @ 0xE00FF000) -- CPU_ReadMem(16 bytes @ 0xE000EFF0) -- CPU_ReadMem(16 bytes @ 0xE000EFE0)ROMTbl[0][0]: E000E000, CID: B105E00D, PID: 000BB00C SCS-M7 -- CPU_WriteMem(4 bytes @ 0xE0001000) -- CPU_ReadMem(16 bytes @ 0xE0001FF0) -- CPU_ReadMem(16 bytes @ 0xE0001FE0)ROMTbl[0][1]: E0001000, CID: B105E00D, PID: 003BB002 DWT -- CPU_ReadMem(16 bytes @ 0xE0002FF0) -- CPU_ReadMem(16 bytes @ 0xE0002FE0)ROMTbl[0][2]: E0002000, CID: B105E00D, PID: 002BB003 FPB
 -- CPU_ReadMem(16 bytes @ 0xE0000FF0) -- CPU_ReadMem(16 bytes @ 0xE0000FE0)ROMTbl[0][3]: E0000000, CID: B105E00D, PID: 003BB001 ITM -- CPU_ReadMem(16 bytes @ 0xE00FF010) -- CPU_ReadMem(16 bytes @ 0xE0040FF0) -- CPU_ReadMem(16 bytes @ 0xE0040FE0)ROMTbl[0][4]: E0040000, CID: B105900D, PID: 000BB9A1 TPIU
                JLINK_Reset() -- CPU_ReadMem(16 bytes @ 0x20000000) -- CPU_WriteMem(16 bytes @ 0x20000000) -- CPU_ReadMem(4 bytes @ 0xE000EDFC) -- CPU_WriteMem(4 bytes @ 0xE000EDFC) -- CPU_ReadMem(4 bytes @ 0xE0001000) -- CPU_WriteMem(4 bytes @ 0xE0001004) -- CPU_WriteMem(4 bytes @ 0xE000EDFC) -- CPU_WriteMem(16 bytes @ 0x20000000) -- CPU_WriteMem(4 bytes @ 0xE0002000) -- CPU_ReadMem(4 bytes @ 0xE000EDFC) -- CPU_ReadMem(4 bytes @ 0xE0001000) (0022ms, 0022ms total)
                JLINK_Go() -- CPU_ReadMem(4 bytes @ 0xE0001000) -- CPU_WriteMem(4 bytes @ 0xE0001004) (0001ms, 0023ms total)
               (0042ms, 18458ms total)
T2764 8391:232 JLINK_TIF_Select(JLINKARM_TIF_JTAG)  returns 0x00 (0000ms, 18458ms total)
T2764 8391:232 JLINK_ConfigJTAG(IRPre = 0, DRPre = 0) (0000ms, 18458ms total)
T2764 8391:232 JLINK_SetSpeed(6800) (0000ms, 18458ms total)
T2764 8391:232 JLINK_ResetPullsRESET(OFF) (0000ms, 18458ms total)
T2764 8391:232 JLINK_Connect() >0x2F8 JTAG>TotalIRLen = 4, IRPrint = 0x01 >0x30 JTAG> >0x30 JTAG>JTAG chain detection found 1 devices: #0 Id: 0x4BA00477, IRLen: 04, CoreSight JTAG-DPAP map detection skipped. Manually configured AP map found.AP[0]: AHB-AP (IDR: Not set) >0xB0 JTAG> >0x48 JTAG> >0x48 JTAG> >0x70 JTAG> >0x40 JTAG> >0x30 JTAG> >0x40 JTAG> >0x40 JTAG>AP[0]: Core foundAP[0]: AHB-AP ROM base: 0xE00FF000 >0x40 JTAG> >0x40 JTAG> >0x30 JTAG> >0x40 JTAG> >0x40 JTAG>
CPUID register: 0x410FC241. Implementer code: 0x41 (ARM)Found Cortex-M4 r0p1, Little endian. -- Max. mem block: 0x00001F48 -- CPU_ReadMem(4 bytes @ 0xE000EDF0) -- CPU_ReadMem(4 bytes @ 0xE0002000)FPUnit: 6 code (BP) slots and 2 literal slots -- CPU_ReadMem(4 bytes @ 0xE000EDFC) -- CPU_ReadMem(4 bytes @ 0xE0001000) -- CPU_WriteMem(4 bytes @ 0xE0001000) -- CPU_ReadMem(4 bytes @ 0xE000ED88) -- CPU_WriteMem(4 bytes @ 0xE000ED88) -- CPU_ReadMem(4 bytes @ 0xE000ED88) -- CPU_WriteMem(4 bytes @ 0xE000ED88)
CoreSight components:ROMTbl[0] @ E00FF000 -- CPU_ReadMem(16 bytes @ 0xE00FF000) -- CPU_ReadMem(16 bytes @ 0xE000EFF0) -- CPU_ReadMem(16 bytes @ 0xE000EFE0)ROMTbl[0][0]: E000E000, CID: B105E00D, PID: 000BB00C SCS-M7 -- CPU_ReadMem(16 bytes @ 0xE0001FF0) -- CPU_ReadMem(16 bytes @ 0xE0001FE0)ROMTbl[0][1]: E0001000, CID: B105E00D, PID: 003BB002 DWT -- CPU_ReadMem(16 bytes @ 0xE0002FF0) -- CPU_ReadMem(16 bytes @ 0xE0002FE0)ROMTbl[0][2]: E0002000, CID: B105E00D, PID: 002BB003 FPB
 -- CPU_ReadMem(16 bytes @ 0xE0000FF0) -- CPU_ReadMem(16 bytes @ 0xE0000FE0)ROMTbl[0][3]: E0000000, CID: B105E00D, PID: 003BB001 ITM -- CPU_ReadMem(16 bytes @ 0xE00FF010) -- CPU_ReadMem(16 bytes @ 0xE0040FF0) -- CPU_ReadMem(16 bytes @ 0xE0040FE0)ROMTbl[0][4]: E0040000, CID: B105900D, PID: 000BB9A1 TPIU  returns 0x00 (0018ms, 18476ms total)
T2764 8391:250 JLINK_Halt()  returns 0x00 (0003ms, 18479ms total)
T2764 8391:253 JLINK_BeginDownload(Flags = 0x00) (0000ms, 18479ms total)
T2764 8391:253 JLINK_WriteMem(0x400E0A04, 0x0004 Bytes, ...) - Data: 0B 01 00 5A -- CPU_WriteMem(4 bytes @ 0x400E0A04)  returns 0x04 (0001ms, 18480ms total)
T2764 8391:254 JLINK_EndDownload()  returns 0x00 (0000ms, 18480ms total)
T2764 8391:254 JLINK_ReadMemHW(0x400E0A08, 0x0004 Bytes, ...) -- CPU_ReadMem(4 bytes @ 0x400E0A08) - Data: 01 00 00 00  returns 0x00 (0000ms, 18480ms total)
T2764 8391:254 JLINK_SetResetType(JLINKARM_CM3_RESET_TYPE_NORMAL)  returns JLINKARM_CM3_RESET_TYPE_NORMAL (0001ms, 18481ms total)
T2764 8391:255 JLINK_Reset() -- CPU_ReadMem(16 bytes @ 0x20000000) -- CPU_WriteMem(16 bytes @ 0x20000000) -- CPU_ReadMem(4 bytes @ 0xE000EDFC) -- CPU_WriteMem(4 bytes @ 0xE000EDFC) -- CPU_ReadMem(4 bytes @ 0xE0001000) -- CPU_WriteMem(4 bytes @ 0xE000EDFC) -- CPU_WriteMem(16 bytes @ 0x20000000) -- CPU_WriteMem(4 bytes @ 0xE0002000) -- CPU_ReadMem(4 bytes @ 0xE000EDFC) -- CPU_ReadMem(4 bytes @ 0xE0001000) (0021ms, 18502ms total)
T2764 8391:280 JLINK_JTAG_GetDeviceID(DeviceIndex = 0)  returns 0x4BA00477 (0000ms, 18502ms total)
T2764 8391:280 JLINK_ReadMemU32(0x400E0740, 0x0001 Items, ...) -- CPU_ReadMem(4 bytes @ 0x400E0740) - Data: E0 0C CC A3  returns 1 (0000ms, 18502ms total)
T2764 8391:280 JLINK_ReadMemU32(0x400E0744, 0x0001 Items, ...) -- CPU_ReadMem(4 bytes @ 0x400E0744) - Data: 00 02 12 00  returns 1 (0001ms, 18503ms total)
T2170 8391:288 JLINK_IsHalted()  returns TRUE (0000ms, 18503ms total)
T2170 8391:288 JLINK_GetMOEs(...) -- CPU_ReadMem(4 bytes @ 0xE000ED30)  returns 0x01 (0000ms, 18503ms total)
T2170 8391:288 JLINK_ReadReg(R15 (PC))  returns 0xFFFFFFFE (0000ms, 18503ms total)
T2764 8391:314 JLINK_BeginDownload(Flags = 0x00) (0000ms, 18503ms total)
T2764 8391:314 JLINK_WriteMem(0x00400000, 0x1D48 Bytes, ...) - Data: A0 39 00 20 95 09 40 00 93 09 40 00 93 09 40 00 ... -- Read from flash cache (7496 bytes @ 0x00400000)  returns 0x1D48 (0001ms, 18504ms total)
T2764 8391:316 JLINK_WriteMem(0x00401D48, 0x0854 Bytes, ...) - Data: BF F3 5F 8F 01 38 FB D1 70 47 01 00 00 09 3D 00 ... -- Read from flash cache (2132 bytes @ 0x00401D48)  returns 0x854 (0000ms, 18504ms total)
T2764 8391:326 JLINK_EndDownload()Old firmware which does not support pausing periodic actions during flash download -- CPU_ReadMem(4 bytes @ 0xE000ED90) -- CPU_ReadMem(4 bytes @ 0xE000ED94) -- -------------------------------------- -- Start of determining dirty areas in flash cache -- End of determining dirty areas -- Start of preparing flash programming -- Calculating RAM usage -- RAM usage = 2860 Bytes -- Preserving CPU registers -- Preparing memory -- Preparing target -- Downloading RAMCode
 -- Checking target RAM -- Preparing RAMCode -- End of preparing flash programming -- CPU is running at 90000 kHz. -- Start of comparing flash -- CRC check was estimated as fastest method -- Comparing range 0x400000 - 0x402FFF (3 Sectors, 12 KB), using multi-block CRC calculation -- CRC does not match for sectors 0-2 -- End of comparing flash -- Start of erasing sectors -- End of erasing sectors -- Start of flash programming -- Programming range 0x00400000 - 0x00402FFF (  3 Sectors, 12 KB)
 -- End of flash programming -- 0x400000 - 0x402FFF (  3 Sectors, 12 KB) -- Start of verifying flash -- Checksum calculation was estimated as fastest method -- End of verifying flash -- Start of restoring -- Restoring RAMCode -- Restore target -- Restore memory -- Restoring CPU registers -- End of restoring -- Bank 0 @ 0x00400000: 1 range affected (12288 bytes) -- Total time needed: 0.301s (Prepare: 0.190s, Compare: 0.004s, Erase: 0.000s, Program: 0.049s, Verify: 0.000s, Restore: 0.055s)  returns 0x3000
 (0306ms, 18810ms total)
T2764 8391:632 JLINK_SetResetType(JLINKARM_CM3_RESET_TYPE_NORMAL)  returns JLINKARM_CM3_RESET_TYPE_NORMAL (0000ms, 18810ms total)
T2764 8391:632 JLINK_Reset() -- CPU_ReadMem(16 bytes @ 0x20000000) -- CPU_WriteMem(16 bytes @ 0x20000000) -- CPU_ReadMem(4 bytes @ 0xE000EDFC) -- CPU_WriteMem(4 bytes @ 0xE000EDFC) -- CPU_ReadMem(4 bytes @ 0xE0001000) -- CPU_WriteMem(4 bytes @ 0xE000EDFC) -- CPU_WriteMem(16 bytes @ 0x20000000) -- CPU_WriteMem(4 bytes @ 0xE0002000) -- CPU_ReadMem(4 bytes @ 0xE000EDFC) -- CPU_ReadMem(4 bytes @ 0xE0001000) (0023ms, 18833ms total)
T2170 8391:691 JLINK_IsHalted()  returns TRUE (0000ms, 18833ms total)
T25BC 8391:873 JLINK_Halt()  returns 0x00 (0000ms, 18833ms total)
T25BC 8391:873 JLINK_ReadReg(R15 (PC))  returns 0x00400994 (0000ms, 18833ms total)
T25BC 8391:873 JLINK_ReadReg(R13 (SP))  returns 0x200039A0 (0000ms, 18833ms total)
T25BC 8391:884 JLINK_ReadMemHW(0x00400994, 0x0004 Bytes, ...) -- CPU_ReadMem(4 bytes @ 0x00400994) - Data: 00 B5 83 B0  returns 0x00 (0000ms, 18833ms total)
T25BC 8391:884 JLINK_ReadReg(R0)  returns 0x00000000 (0000ms, 18833ms total)
T25BC 8391:884 JLINK_ReadReg(R1)  returns 0x00000000 (0000ms, 18833ms total)
T25BC 8391:884 JLINK_ReadReg(R2)  returns 0x00000000 (0000ms, 18833ms total)
T25BC 8391:884 JLINK_ReadReg(R3)  returns 0x00000000 (0000ms, 18833ms total)
T25BC 8391:884 JLINK_ReadReg(R4)  returns 0x00000000 (0000ms, 18833ms total)
T25BC 8391:884 JLINK_ReadReg(R5)  returns 0x00000000 (0000ms, 18833ms total)
T25BC 8391:884 JLINK_ReadReg(R6)  returns 0x00000000 (0000ms, 18833ms total)
T25BC 8391:884 JLINK_ReadReg(R7)  returns 0x00000000 (0000ms, 18833ms total)
T25BC 8391:885 JLINK_ReadReg(R8)  returns 0x00000000 (0000ms, 18834ms total)
T25BC 8391:885 JLINK_ReadReg(R9)  returns 0x00000000 (0000ms, 18834ms total)
T25BC 8391:885 JLINK_ReadReg(R10)  returns 0x00000000 (0000ms, 18834ms total)
T25BC 8391:885 JLINK_ReadReg(R11)  returns 0x00000000 (0000ms, 18834ms total)
T25BC 8391:885 JLINK_ReadReg(R12)  returns 0x00000000 (0000ms, 18834ms total)
T25BC 8391:885 JLINK_ReadReg(R13 (SP))  returns 0x200039A0 (0000ms, 18834ms total)
T25BC 8391:885 JLINK_ReadReg(R14)  returns 0xFFFFFFFF (0000ms, 18834ms total)
T25BC 8391:885 JLINK_ReadReg(R15 (PC))  returns 0x00400994 (0000ms, 18834ms total)
T25BC 8391:885 JLINK_ReadReg(XPSR)  returns 0x01000000 (0000ms, 18834ms total)
T25BC 8391:885 JLINK_ReadReg(MSP)  returns 0x200039A0 (0000ms, 18834ms total)
T25BC 8391:885 JLINK_ReadReg(PSP)  returns 0x00000000 (0000ms, 18834ms total)
T25BC 8391:885 JLINK_ReadReg(PRIMASK)  returns 0x00000000 (0000ms, 18834ms total)
T25BC 8391:885 JLINK_ReadReg(BASEPRI)  returns 0x00000000 (0000ms, 18834ms total)
T25BC 8391:885 JLINK_ReadReg(FAULTMASK)  returns 0x00000000 (0000ms, 18834ms total)
T25BC 8391:885 JLINK_ReadReg(CONTROL)  returns 0x00000000 (0000ms, 18834ms total)
T25BC 8391:885 JLINK_ReadReg(FPSCR)  returns 0x00000000 (0005ms, 18839ms total)
T25BC 8391:890 JLINK_ReadReg(FPS0)  returns 0x00000000 (0000ms, 18839ms total)
T25BC 8391:890 JLINK_ReadReg(FPS1)  returns 0x00000000 (0000ms, 18839ms total)
T25BC 8391:890 JLINK_ReadReg(FPS2)  returns 0x00000000 (0000ms, 18839ms total)
T25BC 8391:890 JLINK_ReadReg(FPS3)  returns 0x00000000 (0000ms, 18839ms total)
T25BC 8391:890 JLINK_ReadReg(FPS4)  returns 0x00000000 (0000ms, 18839ms total)
T25BC 8391:890 JLINK_ReadReg(FPS5)  returns 0x00000000 (0000ms, 18839ms total)
T25BC 8391:890 JLINK_ReadReg(FPS6)  returns 0x00000000 (0000ms, 18839ms total)
T25BC 8391:890 JLINK_ReadReg(FPS7)  returns 0x00000000 (0000ms, 18839ms total)
T25BC 8391:890 JLINK_ReadReg(FPS8)  returns 0x00000000 (0000ms, 18839ms total)
T25BC 8391:890 JLINK_ReadReg(FPS9)  returns 0x00000000 (0000ms, 18839ms total)
T25BC 8391:890 JLINK_ReadReg(FPS10)  returns 0x00000000 (0000ms, 18839ms total)
T25BC 8391:890 JLINK_ReadReg(FPS11)  returns 0x00000000 (0000ms, 18839ms total)
T25BC 8391:890 JLINK_ReadReg(FPS12)  returns 0x00000000 (0000ms, 18839ms total)
T25BC 8391:890 JLINK_ReadReg(FPS13)  returns 0x00000000 (0000ms, 18839ms total)
T25BC 8391:890 JLINK_ReadReg(FPS14)  returns 0x00000000 (0000ms, 18839ms total)
T25BC 8391:890 JLINK_ReadReg(FPS15)  returns 0x00000000 (0000ms, 18839ms total)
T25BC 8391:890 JLINK_ReadReg(FPS16)  returns 0x00000000 (0000ms, 18839ms total)
T25BC 8391:890 JLINK_ReadReg(FPS17)  returns 0x00000000 (0000ms, 18839ms total)
T25BC 8391:891 JLINK_ReadReg(FPS18)  returns 0x00000000 (0000ms, 18840ms total)
T25BC 8391:891 JLINK_ReadReg(FPS19)  returns 0x00000000 (0000ms, 18840ms total)
T25BC 8391:891 JLINK_ReadReg(FPS20)  returns 0x00000000 (0000ms, 18840ms total)
T25BC 8391:891 JLINK_ReadReg(FPS21)  returns 0x00000000 (0000ms, 18840ms total)
T25BC 8391:891 JLINK_ReadReg(FPS22)  returns 0x00000000 (0000ms, 18840ms total)
T25BC 8391:891 JLINK_ReadReg(FPS23)  returns 0x00000000 (0000ms, 18840ms total)
T25BC 8391:891 JLINK_ReadReg(FPS24)  returns 0x00000000 (0000ms, 18840ms total)
T25BC 8391:891 JLINK_ReadReg(FPS25)  returns 0x00000000 (0000ms, 18840ms total)
T25BC 8391:891 JLINK_ReadReg(FPS26)  returns 0x00000000 (0000ms, 18840ms total)
T25BC 8391:891 JLINK_ReadReg(FPS27)  returns 0x00000000 (0000ms, 18840ms total)
T25BC 8391:891 JLINK_ReadReg(FPS28)  returns 0x00000000 (0000ms, 18840ms total)
T25BC 8391:891 JLINK_ReadReg(FPS29)  returns 0x00000000 (0000ms, 18840ms total)
T25BC 8391:891 JLINK_ReadReg(FPS30)  returns 0x00000000 (0000ms, 18840ms total)
T25BC 8391:891 JLINK_ReadReg(FPS31)  returns 0x00000000 (0000ms, 18840ms total)
T25BC 8391:892 JLINK_ReadMemHW(0x00400994, 0x0002 Bytes, ...) -- CPU_ReadMem(2 bytes @ 0x00400994) - Data: 00 B5  returns 0x00 (0001ms, 18841ms total)
T2170 8391:893 JLINK_IsHalted()  returns TRUE (0000ms, 18841ms total)
T25BC 8391:954 JLINK_ReadReg(R0)  returns 0x00000000 (0000ms, 18841ms total)
T25BC 8391:954 JLINK_ReadReg(R1)  returns 0x00000000 (0000ms, 18841ms total)
T25BC 8391:954 JLINK_ReadReg(R2)  returns 0x00000000 (0000ms, 18841ms total)
T25BC 8391:954 JLINK_ReadReg(R3)  returns 0x00000000 (0000ms, 18841ms total)
T25BC 8391:954 JLINK_ReadReg(R4)  returns 0x00000000 (0000ms, 18841ms total)
T25BC 8391:954 JLINK_ReadReg(R5)  returns 0x00000000 (0000ms, 18841ms total)
T25BC 8391:954 JLINK_ReadReg(R6)  returns 0x00000000 (0000ms, 18841ms total)
T25BC 8391:954 JLINK_ReadReg(R7)  returns 0x00000000 (0001ms, 18842ms total)
T25BC 8391:955 JLINK_ReadReg(R8)  returns 0x00000000 (0000ms, 18842ms total)
T25BC 8391:955 JLINK_ReadReg(R9)  returns 0x00000000 (0000ms, 18842ms total)
T25BC 8391:955 JLINK_ReadReg(R10)  returns 0x00000000 (0000ms, 18842ms total)
T25BC 8391:955 JLINK_ReadReg(R11)  returns 0x00000000 (0000ms, 18842ms total)
T25BC 8391:955 JLINK_ReadReg(R12)  returns 0x00000000 (0000ms, 18842ms total)
T25BC 8391:955 JLINK_ReadReg(R13 (SP))  returns 0x200039A0 (0000ms, 18842ms total)
T25BC 8391:955 JLINK_ReadReg(R14)  returns 0xFFFFFFFF (0000ms, 18842ms total)
T25BC 8391:955 JLINK_ReadReg(R15 (PC))  returns 0x00400994 (0000ms, 18842ms total)
T25BC 8391:955 JLINK_ReadReg(XPSR)  returns 0x01000000 (0000ms, 18842ms total)
T25BC 8391:955 JLINK_ReadReg(MSP)  returns 0x200039A0 (0000ms, 18842ms total)
T25BC 8391:955 JLINK_ReadReg(PSP)  returns 0x00000000 (0000ms, 18842ms total)
T25BC 8391:955 JLINK_ReadReg(PRIMASK)  returns 0x00000000 (0000ms, 18842ms total)
T25BC 8391:955 JLINK_ReadReg(BASEPRI)  returns 0x00000000 (0000ms, 18842ms total)
T25BC 8391:955 JLINK_ReadReg(FAULTMASK)  returns 0x00000000 (0000ms, 18842ms total)
T25BC 8391:955 JLINK_ReadReg(CONTROL)  returns 0x00000000 (0000ms, 18842ms total)
T25BC 8391:955 JLINK_ReadReg(FPSCR)  returns 0x00000000 (0000ms, 18842ms total)
T25BC 8391:955 JLINK_ReadReg(FPS0)  returns 0x00000000 (0000ms, 18842ms total)
T25BC 8391:955 JLINK_ReadReg(FPS1)  returns 0x00000000 (0000ms, 18842ms total)
T25BC 8391:955 JLINK_ReadReg(FPS2)  returns 0x00000000 (0000ms, 18842ms total)
T25BC 8391:955 JLINK_ReadReg(FPS3)  returns 0x00000000 (0001ms, 18843ms total)
T25BC 8391:956 JLINK_ReadReg(FPS4)  returns 0x00000000 (0000ms, 18843ms total)
T25BC 8391:956 JLINK_ReadReg(FPS5)  returns 0x00000000 (0000ms, 18843ms total)
T25BC 8391:956 JLINK_ReadReg(FPS6)  returns 0x00000000 (0000ms, 18843ms total)
T25BC 8391:956 JLINK_ReadReg(FPS7)  returns 0x00000000 (0000ms, 18843ms total)
T25BC 8391:956 JLINK_ReadReg(FPS8)  returns 0x00000000 (0000ms, 18843ms total)
T25BC 8391:956 JLINK_ReadReg(FPS9)  returns 0x00000000 (0000ms, 18843ms total)
T25BC 8391:956 JLINK_ReadReg(FPS10)  returns 0x00000000 (0000ms, 18843ms total)
T25BC 8391:956 JLINK_ReadReg(FPS11)  returns 0x00000000 (0000ms, 18843ms total)
T25BC 8391:956 JLINK_ReadReg(FPS12)  returns 0x00000000 (0000ms, 18843ms total)
T25BC 8391:956 JLINK_ReadReg(FPS13)  returns 0x00000000 (0000ms, 18843ms total)
T25BC 8391:956 JLINK_ReadReg(FPS14)  returns 0x00000000 (0000ms, 18843ms total)
T25BC 8391:956 JLINK_ReadReg(FPS15)  returns 0x00000000 (0000ms, 18843ms total)
T25BC 8391:956 JLINK_ReadReg(FPS16)  returns 0x00000000 (0000ms, 18843ms total)
T25BC 8391:956 JLINK_ReadReg(FPS17)  returns 0x00000000 (0000ms, 18843ms total)
T25BC 8391:956 JLINK_ReadReg(FPS18)  returns 0x00000000 (0000ms, 18843ms total)
T25BC 8391:956 JLINK_ReadReg(FPS19)  returns 0x00000000 (0000ms, 18843ms total)
T25BC 8391:956 JLINK_ReadReg(FPS20)  returns 0x00000000 (0000ms, 18843ms total)
T25BC 8391:956 JLINK_ReadReg(FPS21)  returns 0x00000000 (0000ms, 18843ms total)
T25BC 8391:956 JLINK_ReadReg(FPS22)  returns 0x00000000 (0000ms, 18843ms total)
T25BC 8391:956 JLINK_ReadReg(FPS23)  returns 0x00000000 (0000ms, 18843ms total)
T25BC 8391:956 JLINK_ReadReg(FPS24)  returns 0x00000000 (0001ms, 18844ms total)
T25BC 8391:957 JLINK_ReadReg(FPS25)  returns 0x00000000 (0000ms, 18844ms total)
T25BC 8391:957 JLINK_ReadReg(FPS26)  returns 0x00000000 (0000ms, 18844ms total)
T25BC 8391:957 JLINK_ReadReg(FPS27)  returns 0x00000000 (0000ms, 18844ms total)
T25BC 8391:957 JLINK_ReadReg(FPS28)  returns 0x00000000 (0000ms, 18844ms total)
T25BC 8391:957 JLINK_ReadReg(FPS29)  returns 0x00000000 (0000ms, 18844ms total)
T25BC 8391:957 JLINK_ReadReg(FPS30)  returns 0x00000000 (0000ms, 18844ms total)
T25BC 8391:957 JLINK_ReadReg(FPS31)  returns 0x00000000 (0000ms, 18844ms total)
T25BC 8391:979 JLINK_ReadMemHW(0x00400994, 0x0004 Bytes, ...) -- CPU_ReadMem(4 bytes @ 0x00400994) - Data: 00 B5 83 B0  returns 0x00 (0000ms, 18844ms total)
T25BC 8392:031 JLINK_ReadMemHW(0x00400270, 0x0002 Bytes, ...) -- CPU_ReadMem(2 bytes @ 0x00400270) - Data: 22 4B  returns 0x00 (0000ms, 18844ms total)
T25BC 8392:031 JLINK_ReadMemHW(0x004002FC, 0x0004 Bytes, ...) -- CPU_ReadMem(4 bytes @ 0x004002FC) - Data: 51 03 40 00  returns 0x00 (0001ms, 18845ms total)
T25BC 8392:032 JLINK_ReadMemHW(0x004002EC, 0x0002 Bytes, ...) -- CPU_ReadMem(2 bytes @ 0x004002EC) - Data: 16 4D  returns 0x00 (0002ms, 18847ms total)
T2764 8392:071 JLINK_GetNumBPUnits(Type = 0xFFFFFF02)  returns 0x06 (0000ms, 18847ms total)
T2764 8392:071 JLINK_SetBPEx(Addr = 0x004002EC, Type = 0xFFFFFFF2)  returns 0x00000001 (0000ms, 18847ms total)
T2764 8392:071 JLINK_GetBPInfo(BPHandle = 1)  returns 0x00 (0000ms, 18847ms total)
T25BC 8392:093 JLINK_SetResetType(JLINKARM_CM3_RESET_TYPE_NORMAL)  returns JLINKARM_CM3_RESET_TYPE_NORMAL (0000ms, 18847ms total)
T25BC 8392:093 JLINK_Reset() -- CPU_ReadMem(16 bytes @ 0x20000000) -- CPU_WriteMem(16 bytes @ 0x20000000) -- CPU_ReadMem(4 bytes @ 0xE000EDFC) -- CPU_WriteMem(4 bytes @ 0xE000EDFC) -- CPU_ReadMem(4 bytes @ 0xE0001000) -- CPU_WriteMem(4 bytes @ 0xE0001004) -- CPU_WriteMem(4 bytes @ 0xE000EDFC) -- CPU_WriteMem(16 bytes @ 0x20000000) -- CPU_WriteMem(4 bytes @ 0xE0002000) -- CPU_ReadMem(4 bytes @ 0xE000EDFC) -- CPU_ReadMem(4 bytes @ 0xE0001000) (0024ms, 18871ms total)
T2170 8392:117 JLINK_IsHalted()  returns TRUE (0000ms, 18871ms total)
T2170 8392:118 JLINK_GetMOEs(...) -- CPU_ReadMem(4 bytes @ 0xE000ED30)  returns 0x01 (0000ms, 18871ms total)
T2170 8392:118 JLINK_ReadReg(R15 (PC))  returns 0x00400994 (0000ms, 18871ms total)
T25BC 8392:128 JLINK_ReadReg(R15 (PC))  returns 0x00400994 (0000ms, 18871ms total)
T25BC 8392:128 JLINK_ReadReg(R13 (SP))  returns 0x200039A0 (0000ms, 18871ms total)
T25BC 8392:128 JLINK_ReadMemHW(0x00400994, 0x0004 Bytes, ...) -- CPU_ReadMem(4 bytes @ 0x00400994) - Data: 00 B5 83 B0  returns 0x00 (0001ms, 18872ms total)
T25BC 8392:217 JLINK_ReadMemHW(0x0040026C, 0x0001 Bytes, ...) -- CPU_ReadMem(1 bytes @ 0x0040026C) - Data: 70  returns 0x00 (0002ms, 18874ms total)
T25BC 8392:295 JLINK_ReadReg(R15 (PC))  returns 0x00400994 (0000ms, 18874ms total)
T25BC 8392:296 JLINK_SetBPEx(Addr = 0x0040026C, Type = 0xFFFFFFF2)  returns 0x00000002 (0001ms, 18875ms total)
T25BC 8392:297 JLINK_GetBPInfo(BPHandle = 2)  returns 0x00 (0000ms, 18875ms total)
T25BC 8392:297 JLINK_Go() -- CPU_ReadMem(4 bytes @ 0xE0001000) -- CPU_WriteMem(4 bytes @ 0xE000ED30) -- CPU_WriteMem(4 bytes @ 0xE0002008) -- CPU_WriteMem(4 bytes @ 0xE000200C) -- CPU_WriteMem(4 bytes @ 0xE0002010) -- CPU_WriteMem(4 bytes @ 0xE0002014) -- CPU_WriteMem(4 bytes @ 0xE0002018) -- CPU_WriteMem(4 bytes @ 0xE000201C) -- CPU_WriteMem(4 bytes @ 0xE0001004) (0004ms, 18879ms total)
T2170 8392:301 JLINK_IsHalted()  returns FALSE (0000ms, 18879ms total)
T2170 8392:322 JLINK_IsHalted()  returns TRUE (0002ms, 18881ms total)
T2170 8392:324 JLINK_GetMOEs(...) -- CPU_ReadMem(4 bytes @ 0xE000ED30)  returns 0x01 (0001ms, 18880ms total)
T2170 8392:325 JLINK_ReadReg(R15 (PC))  returns 0x0040026C (0000ms, 18880ms total)
T25BC 8392:332 JLINK_ReadReg(R15 (PC))  returns 0x0040026C (0000ms, 18880ms total)
T25BC 8392:332 JLINK_ReadReg(R13 (SP))  returns 0x20003990 (0000ms, 18880ms total)
T25BC 8392:332 JLINK_ReadMemHW(0x0040026C, 0x0004 Bytes, ...) -- CPU_ReadMem(4 bytes @ 0x0040026C) - Data: 70 B5 8C B0  returns 0x00 (0001ms, 18881ms total)
T25BC 8392:358 JLINK_WriteU32(0xE000EDFC, 0x01000000) -- CPU_WriteMem(4 bytes @ 0xE000EDFC)  returns 0 (0001ms, 18882ms total)
T25BC 8392:359 JLINK_ReadMem (0xE0001000, 0x0004 Bytes, ...) -- CPU_ReadMem(4 bytes @ 0xE0001000) - Data: 01 00 00 40  returns 0x00 (0000ms, 18882ms total)
T25BC 8392:360 JLINK_WriteU32(0xE0001000, 0x40000001)  returns 0 (0000ms, 18882ms total)
T25BC 8392:360 JLINK_WriteU32(0xE0001028, 0x00000100)  returns 0 (0000ms, 18882ms total)
T25BC 8392:360 JLINK_ReadMem (0xE0001028, 0x0004 Bytes, ...) -- CPU_WriteMem(4 bytes @ 0xE0001028) -- CPU_ReadMem(4 bytes @ 0xE0001028) - Data: 00 00 00 00  returns 0x00 (0001ms, 18883ms total)
T25BC 8392:361 JLINK_WriteU32(0xE0001024, 0x0000001F)  returns 0 (0000ms, 18883ms total)
T25BC 8392:361 JLINK_ReadMem (0xE0001024, 0x0004 Bytes, ...) -- CPU_WriteMem(4 bytes @ 0xE0001024) -- CPU_ReadMem(4 bytes @ 0xE0001024) - Data: 0F 00 00 00  returns 0x00 (0001ms, 18884ms total)
T25BC 8392:362 JLINK_WriteU32(0xE0001038, 0x00000100)  returns 0 (0000ms, 18884ms total)
T25BC 8392:363 JLINK_ReadMem (0xE0001038, 0x0004 Bytes, ...) -- CPU_WriteMem(4 bytes @ 0xE0001038) -- CPU_ReadMem(4 bytes @ 0xE0001038) - Data: 00 03 00 00  returns 0x00 (0001ms, 18886ms total)
T25BC 8392:364 JLINK_WriteU32(0xE0001034, 0x0000001F)  returns 0 (0000ms, 18886ms total)
T25BC 8392:364 JLINK_ReadMem (0xE0001034, 0x0004 Bytes, ...) -- CPU_WriteMem(4 bytes @ 0xE0001034) -- CPU_ReadMem(4 bytes @ 0xE0001034) - Data: 0F 00 00 00  returns 0x00 (0001ms, 18887ms total)
T25BC 8392:365 JLINK_WriteU32(0xE0001048, 0x00000100)  returns 0 (0000ms, 18887ms total)
T25BC 8392:365 JLINK_ReadMem (0xE0001048, 0x0004 Bytes, ...) -- CPU_WriteMem(4 bytes @ 0xE0001048) -- CPU_ReadMem(4 bytes @ 0xE0001048) - Data: 00 00 00 00  returns 0x00 (0001ms, 18888ms total)
T25BC 8392:366 JLINK_WriteU32(0xE0001044, 0x0000001F)  returns 0 (0000ms, 18888ms total)
T25BC 8392:366 JLINK_ReadMem (0xE0001044, 0x0004 Bytes, ...) -- CPU_WriteMem(4 bytes @ 0xE0001044) -- CPU_ReadMem(4 bytes @ 0xE0001044) - Data: 0F 00 00 00  returns 0x00 (0001ms, 18889ms total)
T25BC 8392:367 JLINK_WriteU32(0xE0001058, 0x00000100)  returns 0 (0000ms, 18889ms total)
T25BC 8392:367 JLINK_ReadMem (0xE0001058, 0x0004 Bytes, ...) -- CPU_WriteMem(4 bytes @ 0xE0001058) -- CPU_ReadMem(4 bytes @ 0xE0001058) - Data: 00 00 00 00  returns 0x00 (0001ms, 18890ms total)
T25BC 8392:368 JLINK_WriteU32(0xE0001054, 0x0000001F)  returns 0 (0000ms, 18890ms total)
T25BC 8392:368 JLINK_ReadMem (0xE0001054, 0x0004 Bytes, ...) -- CPU_WriteMem(4 bytes @ 0xE0001054) -- CPU_ReadMem(4 bytes @ 0xE0001054) - Data: 0F 00 00 00  returns 0x00 (0001ms, 18891ms total)
T25BC 8392:369 JLINK_WriteU32(0xE0001020, 0x00000000)  returns 0 (0000ms, 18891ms total)
T25BC 8392:369 JLINK_WriteU32(0xE0001024, 0x00000000)  returns 0 (0000ms, 18891ms total)
T25BC 8392:369 JLINK_WriteU32(0xE0001028, 0x00000000)  returns 0 (0000ms, 18891ms total)
T25BC 8392:369 JLINK_WriteU32(0xE0001030, 0x00000000)  returns 0 (0000ms, 18891ms total)
T25BC 8392:369 JLINK_WriteU32(0xE0001034, 0x00000000)  returns 0 (0001ms, 18892ms total)
T25BC 8392:370 JLINK_WriteU32(0xE0001038, 0x00000000)  returns 0 (0000ms, 18892ms total)
T25BC 8392:370 JLINK_WriteU32(0xE0001040, 0x00000000)  returns 0 (0000ms, 18892ms total)
T25BC 8392:370 JLINK_WriteU32(0xE0001044, 0x00000000)  returns 0 (0000ms, 18892ms total)
T25BC 8392:370 JLINK_WriteU32(0xE0001048, 0x00000000)  returns 0 (0000ms, 18892ms total)
T25BC 8392:370 JLINK_WriteU32(0xE0001050, 0x00000000)  returns 0 (0000ms, 18892ms total)
T25BC 8392:370 JLINK_WriteU32(0xE0001054, 0x00000000)  returns 0 (0000ms, 18892ms total)
T25BC 8392:370 JLINK_WriteU32(0xE0001058, 0x00000000)  returns 0 (0000ms, 18892ms total)
T25BC 8392:370 JLINK_GetBPInfo(BPHandle = 2)  returns 0x00 (0000ms, 18892ms total)
T25BC 8392:370 JLINK_ClrBPEx(BPHandle = 0x00000002)  returns 0x00 (0000ms, 18892ms total)
T25BC 8392:371 JLINK_ReadReg(R15 (PC))  returns 0x0040026C (0000ms, 18892ms total)
T25BC 8392:371 JLINK_Go() -- CPU_WriteMem(4 bytes @ 0xE0001000) -- CPU_ReadMem(4 bytes @ 0xE0001000) -- CPU_WriteMem(4 bytes @ 0xE000ED30) -- CPU_WriteMem(4 bytes @ 0xE0001020) -- CPU_WriteMem(4 bytes @ 0xE0001030) -- CPU_WriteMem(4 bytes @ 0xE0001040) -- CPU_WriteMem(4 bytes @ 0xE0001050) -- CPU_WriteMem(4 bytes @ 0xE0001024) -- CPU_WriteMem(4 bytes @ 0xE0001034) -- CPU_WriteMem(4 bytes @ 0xE0001044) -- CPU_WriteMem(4 bytes @ 0xE0001054) -- CPU_WriteMem(4 bytes @ 0xE0001028)
 -- CPU_WriteMem(4 bytes @ 0xE0001038) -- CPU_WriteMem(4 bytes @ 0xE0001048) -- CPU_WriteMem(4 bytes @ 0xE0001058) -- CPU_WriteMem(4 bytes @ 0xE000200C) (0005ms, 18897ms total)
T2170 8392:376 JLINK_IsHalted()  returns FALSE (0001ms, 18898ms total)
T2170 8392:417 JLINK_IsHalted()  returns TRUE (0003ms, 18900ms total)
T2170 8392:420 JLINK_GetMOEs(...) -- CPU_ReadMem(4 bytes @ 0xE000ED30)  returns 0x01 (0000ms, 18897ms total)
T2170 8392:420 JLINK_ReadReg(R15 (PC))  returns 0x004002EC (0000ms, 18897ms total)
T25BC 8392:428 JLINK_ReadReg(R15 (PC))  returns 0x004002EC (0000ms, 18897ms total)
T25BC 8392:428 JLINK_ReadReg(R13 (SP))  returns 0x20003950 (0000ms, 18897ms total)
T25BC 8392:428 JLINK_ReadMemHW(0x004002EC, 0x0004 Bytes, ...) -- CPU_ReadMem(4 bytes @ 0x004002EC) - Data: 16 4D 66 66  returns 0x00 (0001ms, 18898ms total)
T2170 8392:622 JLINK_IsHalted()  returns TRUE (0000ms, 18898ms total)
T2170 8392:822 JLINK_IsHalted()  returns TRUE (0001ms, 18899ms total)
T2170 8393:026 JLINK_IsHalted()  returns TRUE (0000ms, 18898ms total)
T2170 8393:228 JLINK_IsHalted()  returns TRUE (0000ms, 18898ms total)
T2170 8393:429 JLINK_IsHalted()  returns TRUE (0000ms, 18898ms total)
T2170 8393:633 JLINK_IsHalted()  returns TRUE (0000ms, 18898ms total)
T2170 8393:836 JLINK_IsHalted()  returns TRUE (0000ms, 18898ms total)
T2170 8394:038 JLINK_IsHalted()  returns TRUE (0000ms, 18898ms total)
T2170 8394:239 JLINK_IsHalted()  returns TRUE (0000ms, 18898ms total)
T2170 8394:440 JLINK_IsHalted()  returns TRUE (0000ms, 18898ms total)
T2170 8394:640 JLINK_IsHalted()  returns TRUE (0000ms, 18898ms total)
T2170 8394:841 JLINK_IsHalted()  returns TRUE (0000ms, 18898ms total)
T2170 8395:041 JLINK_IsHalted()  returns TRUE (0000ms, 18898ms total)
T2170 8395:242 JLINK_IsHalted()  returns TRUE (0000ms, 18898ms total)
T2170 8395:444 JLINK_IsHalted()  returns TRUE (0000ms, 18898ms total)
T2170 8395:645 JLINK_IsHalted()  returns TRUE (0000ms, 18898ms total)
T2170 8395:845 JLINK_IsHalted()  returns TRUE (0000ms, 18898ms total)
T2170 8396:046 JLINK_IsHalted()  returns TRUE (0000ms, 18898ms total)
T2170 8396:248 JLINK_IsHalted()  returns TRUE (0000ms, 18898ms total)
T2170 8396:448 JLINK_IsHalted()  returns TRUE (0000ms, 18898ms total)
T2170 8396:649 JLINK_IsHalted()  returns TRUE (0000ms, 18898ms total)
T2170 8396:850 JLINK_IsHalted()  returns TRUE (0000ms, 18898ms total)
T2170 8397:050 JLINK_IsHalted()  returns TRUE (0000ms, 18898ms total)
T2170 8397:251 JLINK_IsHalted()  returns TRUE (0000ms, 18898ms total)
T2170 8397:452 JLINK_IsHalted()  returns TRUE (0000ms, 18898ms total)
T2170 8397:653 JLINK_IsHalted()  returns TRUE (0000ms, 18898ms total)
T2170 8397:853 JLINK_IsHalted()  returns TRUE (0001ms, 18899ms total)
T2170 8398:054 JLINK_IsHalted()  returns TRUE (0000ms, 18898ms total)
T2170 8398:254 JLINK_IsHalted()  returns TRUE (0000ms, 18898ms total)
T2170 8398:455 JLINK_IsHalted()  returns TRUE (0001ms, 18899ms total)
T2170 8398:656 JLINK_IsHalted()  returns TRUE (0000ms, 18898ms total)
T2170 8398:857 JLINK_IsHalted()  returns TRUE (0000ms, 18898ms total)
T2170 8399:058 JLINK_IsHalted()  returns TRUE (0001ms, 18899ms total)
T2170 8399:263 JLINK_IsHalted()  returns TRUE (0000ms, 18898ms total)
T2170 8399:471 JLINK_IsHalted()  returns TRUE (0000ms, 18898ms total)
T2170 8399:673 JLINK_IsHalted()  returns TRUE (0001ms, 18899ms total)
T2170 8399:876 JLINK_IsHalted()  returns TRUE (0000ms, 18898ms total)
T2170 8400:076 JLINK_IsHalted()  returns TRUE (0000ms, 18898ms total)
T2170 8400:279 JLINK_IsHalted()  returns TRUE (0001ms, 18899ms total)
T2170 8400:481 JLINK_IsHalted()  returns TRUE (0000ms, 18898ms total)
T2170 8400:685 JLINK_IsHalted()  returns TRUE (0000ms, 18898ms total)
T2170 8400:886 JLINK_IsHalted()  returns TRUE (0000ms, 18898ms total)
T2170 8401:087 JLINK_IsHalted()  returns TRUE (0015ms, 18913ms total)
T2170 8401:302 JLINK_IsHalted()  returns TRUE (0000ms, 18898ms total)
T2170 8401:502 JLINK_IsHalted()  returns TRUE (0002ms, 18900ms total)
T2170 8401:704 JLINK_IsHalted()  returns TRUE (0000ms, 18898ms total)
T2170 8401:908 JLINK_IsHalted()  returns TRUE (0000ms, 18898ms total)
T2170 8402:109 JLINK_IsHalted()  returns TRUE (0000ms, 18898ms total)
T2170 8402:309 JLINK_IsHalted()  returns TRUE (0000ms, 18898ms total)
T2170 8402:510 JLINK_IsHalted()  returns TRUE (0000ms, 18898ms total)
T2170 8402:710 JLINK_IsHalted()  returns TRUE (0001ms, 18899ms total)
T2170 8402:915 JLINK_IsHalted()  returns TRUE (0000ms, 18898ms total)
T2170 8403:118 JLINK_IsHalted()  returns TRUE (0000ms, 18898ms total)
T2170 8403:319 JLINK_IsHalted()  returns TRUE (0000ms, 18898ms total)
T2170 8403:520 JLINK_IsHalted()  returns TRUE (0000ms, 18898ms total)
T2170 8403:723 JLINK_IsHalted()  returns TRUE (0001ms, 18899ms total)
T2170 8403:924 JLINK_IsHalted()  returns TRUE (0000ms, 18898ms total)
T2170 8404:126 JLINK_IsHalted()  returns TRUE (0000ms, 18898ms total)
T25BC 8404:128 JLINK_ReadReg(R15 (PC))  returns 0x004002EC (0000ms, 18898ms total)
T25BC 8404:128 JLINK_GetBPInfo(BPHandle = 1)  returns 0x00 (0000ms, 18898ms total)
T25BC 8404:128 JLINK_ClrBPEx(BPHandle = 0x00000001)  returns 0x00 (0000ms, 18898ms total)
T25BC 8404:128 JLINK_Step() -- Read from flash cache (2 bytes @ 0x004002EC) -- CPU_ReadMem(4 bytes @ 0xE000ED18) -- CPU_WriteMem(4 bytes @ 0xE000ED18) -- CPU_ReadMem(4 bytes @ 0xE000ED18) -- CPU_WriteMem(4 bytes @ 0xE000ED18) -- CPU_ReadMem(4 bytes @ 0xE0001004) -- Read from flash cache (4 bytes @ 0x00400348) -- Simulated  returns 0x00 (0003ms, 18901ms total)
T25BC 8404:131 JLINK_SetBPEx(Addr = 0x004002EC, Type = 0xFFFFFFF2)  returns 0x00000003 (0000ms, 18901ms total)
T25BC 8404:131 JLINK_GetBPInfo(BPHandle = 3)  returns 0x00 (0000ms, 18901ms total)
T25BC 8404:131 JLINK_Go() -- CPU_ReadMem(4 bytes @ 0xE0001000) -- CPU_WriteMem(4 bytes @ 0xE000ED30) -- CPU_WriteMem(4 bytes @ 0xE0001004) (0003ms, 18904ms total)
T2170 8404:134 JLINK_IsHalted()  returns FALSE (0000ms, 18904ms total)
T2170 8404:144 JLINK_IsHalted()  returns FALSE (0000ms, 18904ms total)
T2170 8404:185 JLINK_IsHalted()  returns FALSE (0000ms, 18904ms total)
T2170 8404:345 JLINK_IsHalted()  returns FALSE (0000ms, 18904ms total)
T2170 8404:545 JLINK_IsHalted()  returns FALSE (0000ms, 18904ms total)
T2170 8404:746 JLINK_IsHalted()  returns FALSE (0000ms, 18904ms total)
T2170 8404:951 JLINK_IsHalted()  returns FALSE (0001ms, 18905ms total)
T2170 8405:156 JLINK_IsHalted()  returns FALSE (0000ms, 18904ms total)
T2170 8405:358 JLINK_IsHalted()  returns FALSE (0000ms, 18904ms total)
T2170 8405:558 JLINK_IsHalted()  returns FALSE (0000ms, 18904ms total)
T2170 8405:758 JLINK_IsHalted()  returns FALSE (0000ms, 18904ms total)
T2170 8405:960 JLINK_IsHalted()  returns FALSE (0000ms, 18904ms total)
T2170 8406:162 JLINK_IsHalted()  returns FALSE (0001ms, 18905ms total)
T2170 8406:364 JLINK_IsHalted()  returns FALSE (0001ms, 18905ms total)
T2170 8406:566 JLINK_IsHalted()  returns FALSE (0000ms, 18905ms total)
T2170 8406:767 JLINK_IsHalted()  returns FALSE (0000ms, 18905ms total)
T2170 8406:969 JLINK_IsHalted()  returns FALSE (0000ms, 18905ms total)
T2170 8407:171 JLINK_IsHalted()  returns FALSE (0000ms, 18905ms total)
T2170 8407:373 JLINK_IsHalted()  returns FALSE (0000ms, 18905ms total)
T2170 8407:577 JLINK_IsHalted()  returns FALSE (0000ms, 18905ms total)
T2170 8407:778 JLINK_IsHalted()  returns FALSE (0000ms, 18905ms total)
T2170 8407:980 JLINK_IsHalted()  returns FALSE (0000ms, 18905ms total)
T2170 8408:181 JLINK_IsHalted()  returns FALSE (0000ms, 18905ms total)
T2170 8408:384 JLINK_IsHalted()  returns FALSE (0001ms, 18906ms total)
T2170 8408:585 JLINK_IsHalted()  returns FALSE (0000ms, 18905ms total)
T2170 8408:786 JLINK_IsHalted()  returns FALSE (0002ms, 18907ms total)
T2170 8408:992 JLINK_IsHalted()  returns FALSE (0000ms, 18905ms total)
T2170 8409:196 JLINK_IsHalted()  returns FALSE (0000ms, 18905ms total)
T2170 8409:397 JLINK_IsHalted()  returns FALSE (0001ms, 18906ms total)
T2170 8409:598 JLINK_IsHalted()  returns FALSE (0000ms, 18905ms total)
T2170 8409:798 JLINK_IsHalted()  returns FALSE (0000ms, 18905ms total)
T2170 8409:999 JLINK_IsHalted()  returns FALSE (0000ms, 18905ms total)
T2170 8410:200 JLINK_IsHalted()  returns FALSE (0000ms, 18905ms total)
T2170 8410:400 JLINK_IsHalted()  returns FALSE (0001ms, 18906ms total)
T2170 8410:601 JLINK_IsHalted()  returns FALSE (0000ms, 18905ms total)
T2170 8410:804 JLINK_IsHalted()  returns FALSE (0006ms, 18911ms total)
T2170 8411:011 JLINK_IsHalted()  returns FALSE (0000ms, 18905ms total)
T2170 8411:212 JLINK_IsHalted()  returns FALSE (0001ms, 18906ms total)
T2170 8411:413 JLINK_IsHalted()  returns FALSE (0002ms, 18907ms total)
T2170 8411:616 JLINK_IsHalted()  returns FALSE (0003ms, 18908ms total)
T2170 8411:820 JLINK_IsHalted()  returns FALSE (0000ms, 18905ms total)
T2170 8412:023 JLINK_IsHalted()  returns FALSE (0000ms, 18905ms total)
T2170 8412:226 JLINK_IsHalted()  returns FALSE (0001ms, 18906ms total)
T2170 8412:429 JLINK_IsHalted()  returns FALSE (0000ms, 18905ms total)
T2170 8412:630 JLINK_IsHalted()  returns FALSE (0000ms, 18905ms total)
T2170 8412:832 JLINK_IsHalted()  returns FALSE (0000ms, 18905ms total)
T2170 8413:033 JLINK_IsHalted()  returns FALSE (0000ms, 18905ms total)
T2170 8413:240 JLINK_IsHalted()  returns FALSE (0003ms, 18908ms total)
T2170 8413:443 JLINK_IsHalted()  returns FALSE (0000ms, 18905ms total)
T2170 8413:647 JLINK_IsHalted()  returns FALSE (0000ms, 18905ms total)
T2170 8413:847 JLINK_IsHalted()  returns FALSE (0001ms, 18906ms total)
T2170 8414:048 JLINK_IsHalted()  returns FALSE (0000ms, 18905ms total)
T2170 8414:249 JLINK_IsHalted()  returns FALSE (0000ms, 18905ms total)
T2170 8414:452 JLINK_IsHalted()  returns FALSE (0000ms, 18905ms total)
T2170 8414:654 JLINK_IsHalted()  returns FALSE (0000ms, 18905ms total)
T2170 8414:855 JLINK_IsHalted()  returns FALSE (0001ms, 18906ms total)
T2170 8415:056 JLINK_IsHalted()  returns FALSE (0001ms, 18906ms total)
T2170 8415:258 JLINK_IsHalted()  returns FALSE (0001ms, 18906ms total)
T2170 8415:459 JLINK_IsHalted()  returns FALSE (0001ms, 18906ms total)
T2170 8415:660 JLINK_IsHalted()  returns FALSE (0000ms, 18905ms total)
T2170 8415:861 JLINK_IsHalted()  returns FALSE (0000ms, 18905ms total)
T2170 8416:062 JLINK_IsHalted()  returns FALSE (0000ms, 18905ms total)
T2170 8416:263 JLINK_IsHalted()  returns FALSE (0000ms, 18905ms total)
T2170 8416:464 JLINK_IsHalted()  returns FALSE (0000ms, 18905ms total)
T2170 8416:665 JLINK_IsHalted()  returns FALSE (0000ms, 18905ms total)
T2170 8416:867 JLINK_IsHalted()  returns FALSE (0000ms, 18905ms total)
T2170 8417:067 JLINK_IsHalted()  returns FALSE (0000ms, 18905ms total)
T2170 8417:267 JLINK_IsHalted()  returns FALSE (0001ms, 18906ms total)
T2170 8417:469 JLINK_IsHalted()  returns FALSE (0001ms, 18906ms total)
T2170 8417:672 JLINK_IsHalted()  returns FALSE (0001ms, 18906ms total)
T2170 8417:874 JLINK_IsHalted()  returns FALSE (0000ms, 18905ms total)
T2170 8418:074 JLINK_IsHalted()  returns FALSE (0001ms, 18906ms total)
T2170 8418:275 JLINK_IsHalted()  returns FALSE (0001ms, 18906ms total)
T2170 8418:477 JLINK_IsHalted()  returns FALSE (0000ms, 18905ms total)
T2170 8418:680 JLINK_IsHalted()  returns FALSE (0000ms, 18905ms total)
T2170 8418:884 JLINK_IsHalted()  returns FALSE (0000ms, 18905ms total)
T2170 8419:085 JLINK_IsHalted()  returns FALSE (0000ms, 18905ms total)
T2170 8419:286 JLINK_IsHalted()  returns FALSE (0000ms, 18905ms total)
T2170 8419:488 JLINK_IsHalted()  returns FALSE (0000ms, 18905ms total)
T2170 8419:694 JLINK_IsHalted()  returns FALSE (0001ms, 18906ms total)
T2170 8419:897 JLINK_IsHalted()  returns FALSE (0000ms, 18905ms total)
T2170 8420:100 JLINK_IsHalted()  returns FALSE (0000ms, 18905ms total)
T2170 8420:300 JLINK_IsHalted()  returns FALSE (0001ms, 18906ms total)
T2170 8420:504 JLINK_IsHalted()  returns FALSE (0000ms, 18905ms total)
T2170 8420:704 JLINK_IsHalted()  returns FALSE (0001ms, 18906ms total)
T2170 8420:911 JLINK_IsHalted()  returns FALSE (0000ms, 18905ms total)
T2170 8421:111 JLINK_IsHalted()  returns FALSE (0000ms, 18905ms total)
T2170 8421:316 JLINK_IsHalted()  returns FALSE (0000ms, 18905ms total)
T2170 8421:518 JLINK_IsHalted()  returns FALSE (0000ms, 18905ms total)
T2170 8421:720 JLINK_IsHalted()  returns FALSE (0001ms, 18906ms total)
T2170 8421:922 JLINK_IsHalted()  returns FALSE (0000ms, 18905ms total)
T2170 8422:126 JLINK_IsHalted()  returns FALSE (0000ms, 18905ms total)
T2170 8422:328 JLINK_IsHalted()  returns FALSE (0000ms, 18905ms total)
T2170 8422:529 JLINK_IsHalted()  returns FALSE (0000ms, 18905ms total)
T2170 8422:730 JLINK_IsHalted()  returns FALSE (0001ms, 18906ms total)
T2170 8422:937 JLINK_IsHalted()  returns FALSE (0000ms, 18905ms total)
T2170 8423:139 JLINK_IsHalted()  returns FALSE (0000ms, 18905ms total)
T2170 8423:341 JLINK_IsHalted()  returns FALSE (0000ms, 18905ms total)
T2170 8423:544 JLINK_IsHalted()  returns FALSE (0000ms, 18905ms total)
T2170 8423:748 JLINK_IsHalted()  returns FALSE (0000ms, 18905ms total)
T2170 8423:949 JLINK_IsHalted()  returns FALSE (0000ms, 18905ms total)
T2170 8424:152 JLINK_IsHalted()  returns FALSE (0000ms, 18905ms total)
T2170 8424:353 JLINK_IsHalted()  returns FALSE (0001ms, 18906ms total)
T2170 8424:556 JLINK_IsHalted()  returns FALSE (0000ms, 18905ms total)
T25BC 8424:656 JLINK_Halt()  returns 0x00 (0003ms, 18908ms total)
T2170 8424:757 JLINK_IsHalted()  returns TRUE (0000ms, 18908ms total)
T2170 8424:757 JLINK_GetMOEs(...) -- CPU_ReadMem(4 bytes @ 0xE000ED30)  returns 0x01 (0000ms, 18908ms total)
T2170 8424:757 JLINK_ReadReg(R15 (PC))  returns 0x20000000 (0000ms, 18908ms total)
T25BC 8424:762 JLINK_ReadReg(R15 (PC))  returns 0x20000000 (0000ms, 18908ms total)
T25BC 8424:762 JLINK_ReadReg(R13 (SP))  returns 0x20003950 (0000ms, 18908ms total)
T25BC 8424:783 JLINK_ReadMem (0x20000000, 0x0004 Bytes, ...) -- CPU_ReadMem(64 bytes @ 0x20000000) -- Updating C cache (64 bytes @ 0x20000000) -- Read from C cache (4 bytes @ 0x20000000) - Data: BF F3 5F 8F  returns 0x00 (0001ms, 18909ms total)
T25BC 8424:787 JLINK_ReadReg(R0)  returns 0x003E7BA8 (0000ms, 18909ms total)
T25BC 8424:787 JLINK_ReadReg(R1)  returns 0x2000395C (0000ms, 18909ms total)
T25BC 8424:787 JLINK_ReadReg(R2)  returns 0x00000FFF (0000ms, 18909ms total)
T25BC 8424:787 JLINK_ReadReg(R3)  returns 0x20000001 (0000ms, 18909ms total)
T25BC 8424:787 JLINK_ReadReg(R4)  returns 0x400B0000 (0000ms, 18909ms total)
T25BC 8424:787 JLINK_ReadReg(R5)  returns 0x0082CA25 (0000ms, 18909ms total)
T25BC 8424:787 JLINK_ReadReg(R6)  returns 0x0000000F (0000ms, 18909ms total)
T25BC 8424:787 JLINK_ReadReg(R7)  returns 0x00000000 (0000ms, 18909ms total)
T25BC 8424:787 JLINK_ReadReg(R8)  returns 0x00000000 (0000ms, 18909ms total)
T25BC 8424:787 JLINK_ReadReg(R9)  returns 0x00000000 (0000ms, 18909ms total)
T25BC 8424:787 JLINK_ReadReg(R10)  returns 0x00000000 (0000ms, 18909ms total)
T25BC 8424:787 JLINK_ReadReg(R11)  returns 0x00000000 (0000ms, 18909ms total)
T25BC 8424:787 JLINK_ReadReg(R12)  returns 0x00000000 (0000ms, 18909ms total)
T25BC 8424:788 JLINK_ReadReg(R13 (SP))  returns 0x20003950 (0000ms, 18909ms total)
T25BC 8424:788 JLINK_ReadReg(R14)  returns 0x004002F9 (0000ms, 18909ms total)
T25BC 8424:788 JLINK_ReadReg(R15 (PC))  returns 0x20000000 (0000ms, 18909ms total)
T25BC 8424:788 JLINK_ReadReg(XPSR)  returns 0x21000000 (0000ms, 18909ms total)
T25BC 8424:788 JLINK_ReadReg(MSP)  returns 0x20003950 (0000ms, 18909ms total)
T25BC 8424:788 JLINK_ReadReg(PSP)  returns 0x00000000 (0000ms, 18909ms total)
T25BC 8424:788 JLINK_ReadReg(PRIMASK)  returns 0x00000000 (0000ms, 18909ms total)
T25BC 8424:788 JLINK_ReadReg(BASEPRI)  returns 0x00000000 (0000ms, 18909ms total)
T25BC 8424:788 JLINK_ReadReg(FAULTMASK)  returns 0x00000000 (0000ms, 18909ms total)
T25BC 8424:788 JLINK_ReadReg(CONTROL)  returns 0x00000000 (0000ms, 18909ms total)
T25BC 8424:788 JLINK_ReadReg(FPSCR)  returns 0x00000000 (0004ms, 18913ms total)
T25BC 8424:792 JLINK_ReadReg(FPS0)  returns 0x00000000 (0001ms, 18914ms total)
T25BC 8424:793 JLINK_ReadReg(FPS1)  returns 0x00000000 (0000ms, 18914ms total)
T25BC 8424:793 JLINK_ReadReg(FPS2)  returns 0x00000000 (0000ms, 18914ms total)
T25BC 8424:793 JLINK_ReadReg(FPS3)  returns 0x00000000 (0000ms, 18914ms total)
T25BC 8424:793 JLINK_ReadReg(FPS4)  returns 0x00000000 (0000ms, 18914ms total)
T25BC 8424:793 JLINK_ReadReg(FPS5)  returns 0x00000000 (0000ms, 18914ms total)
T25BC 8424:793 JLINK_ReadReg(FPS6)  returns 0x00000000 (0000ms, 18914ms total)
T25BC 8424:793 JLINK_ReadReg(FPS7)  returns 0x00000000 (0000ms, 18914ms total)
T25BC 8424:793 JLINK_ReadReg(FPS8)  returns 0x00000000 (0000ms, 18914ms total)
T25BC 8424:793 JLINK_ReadReg(FPS9)  returns 0x00000000 (0000ms, 18914ms total)
T25BC 8424:793 JLINK_ReadReg(FPS10)  returns 0x00000000 (0000ms, 18914ms total)
T25BC 8424:793 JLINK_ReadReg(FPS11)  returns 0x00000000 (0000ms, 18914ms total)
T25BC 8424:793 JLINK_ReadReg(FPS12)  returns 0x00000000 (0000ms, 18914ms total)
T25BC 8424:793 JLINK_ReadReg(FPS13)  returns 0x00000000 (0000ms, 18914ms total)
T25BC 8424:793 JLINK_ReadReg(FPS14)  returns 0x00000000 (0000ms, 18914ms total)
T25BC 8424:793 JLINK_ReadReg(FPS15)  returns 0x00000000 (0000ms, 18914ms total)
T25BC 8424:793 JLINK_ReadReg(FPS16)  returns 0x00000000 (0000ms, 18914ms total)
T25BC 8424:793 JLINK_ReadReg(FPS17)  returns 0x00000000 (0000ms, 18914ms total)
T25BC 8424:793 JLINK_ReadReg(FPS18)  returns 0x00000000 (0000ms, 18914ms total)
T25BC 8424:793 JLINK_ReadReg(FPS19)  returns 0x00000000 (0000ms, 18914ms total)
T25BC 8424:793 JLINK_ReadReg(FPS20)  returns 0x00000000 (0000ms, 18914ms total)
T25BC 8424:793 JLINK_ReadReg(FPS21)  returns 0x00000000 (0001ms, 18915ms total)
T25BC 8424:794 JLINK_ReadReg(FPS22)  returns 0x00000000 (0000ms, 18915ms total)
T25BC 8424:794 JLINK_ReadReg(FPS23)  returns 0x00000000 (0000ms, 18915ms total)
T25BC 8424:794 JLINK_ReadReg(FPS24)  returns 0x00000000 (0000ms, 18915ms total)
T25BC 8424:794 JLINK_ReadReg(FPS25)  returns 0x00000000 (0000ms, 18915ms total)
T25BC 8424:794 JLINK_ReadReg(FPS26)  returns 0x00000000 (0000ms, 18915ms total)
T25BC 8424:794 JLINK_ReadReg(FPS27)  returns 0x00000000 (0000ms, 18915ms total)
T25BC 8424:794 JLINK_ReadReg(FPS28)  returns 0x00000000 (0000ms, 18915ms total)
T25BC 8424:794 JLINK_ReadReg(FPS29)  returns 0x00000000 (0000ms, 18915ms total)
T25BC 8424:794 JLINK_ReadReg(FPS30)  returns 0x00000000 (0000ms, 18915ms total)
T25BC 8424:794 JLINK_ReadReg(FPS31)  returns 0x00000000 (0000ms, 18915ms total)
T25BC 8424:796 JLINK_ReadMemHW(0x004002F8, 0x0004 Bytes, ...) -- CPU_ReadMem(4 bytes @ 0x004002F8) - Data: F9 E7 00 BF  returns 0x00 (0002ms, 18917ms total)
T2170 8424:958 JLINK_IsHalted()  returns TRUE (0000ms, 18917ms total)
T2170 8425:158 JLINK_IsHalted()  returns TRUE (0000ms, 18917ms total)
T2170 8425:360 JLINK_IsHalted()  returns TRUE (0000ms, 18917ms total)
T2170 8425:561 JLINK_IsHalted()  returns TRUE (0000ms, 18917ms total)
T2170 8425:761 JLINK_IsHalted()  returns TRUE (0000ms, 18917ms total)
T2170 8425:962 JLINK_IsHalted()  returns TRUE (0000ms, 18917ms total)
T2170 8426:163 JLINK_IsHalted()  returns TRUE (0000ms, 18917ms total)
T2170 8426:366 JLINK_IsHalted()  returns TRUE (0000ms, 18917ms total)
T2170 8426:572 JLINK_IsHalted()  returns TRUE (0000ms, 18917ms total)
T2170 8426:774 JLINK_IsHalted()  returns TRUE (0000ms, 18917ms total)
T2170 8426:975 JLINK_IsHalted()  returns TRUE (0000ms, 18917ms total)
T2170 8427:178 JLINK_IsHalted()  returns TRUE (0000ms, 18917ms total)
T2170 8427:378 JLINK_IsHalted()  returns TRUE (0000ms, 18917ms total)
T2170 8427:580 JLINK_IsHalted()  returns TRUE (0000ms, 18917ms total)
T2170 8427:782 JLINK_IsHalted()  returns TRUE (0000ms, 18917ms total)
T2170 8427:984 JLINK_IsHalted()  returns TRUE (0000ms, 18917ms total)
T2170 8428:184 JLINK_IsHalted()  returns TRUE (0000ms, 18917ms total)
T2170 8428:385 JLINK_IsHalted()  returns TRUE (0000ms, 18917ms total)
T2764 8428:523 JLINK_GetBPInfo(BPHandle = 3)  returns 0x00 (0000ms, 18917ms total)
T2764 8428:523 JLINK_ClrBPEx(BPHandle = 0x00000003)  returns 0x00 (0000ms, 18917ms total)
T2170 8428:585 JLINK_IsHalted()  returns TRUE (0000ms, 18917ms total)
T2764 8428:586 JLINK_ResetPullsRESET(ON) (0000ms, 18917ms total)
T2764 8428:586 JLINK_ResetNoHalt() >0x2F8 JTAG>TotalIRLen = 4, IRPrint = 0x01 >0x30 JTAG> >0x30 JTAG>JTAG chain detection found 1 devices: #0 Id: 0x4BA00477, IRLen: 04, CoreSight JTAG-DPAP map detection skipped. Manually configured AP map found.AP[0]: AHB-AP (IDR: Not set) >0xB0 JTAG> >0x48 JTAG> >0x48 JTAG> >0x70 JTAG> >0x40 JTAG> >0x30 JTAG> >0x40 JTAG> >0x40 JTAG>AP[0]: Core foundAP[0]: AHB-AP ROM base: 0xE00FF000 >0x40 JTAG> >0x40 JTAG> >0x30 JTAG> >0x40 JTAG> >0x40 JTAG>
CPUID register: 0x410FC241. Implementer code: 0x41 (ARM)Found Cortex-M4 r0p1, Little endian. -- Max. mem block: 0x00001F48 -- CPU_ReadMem(4 bytes @ 0xE000EDF0) -- CPU_ReadMem(4 bytes @ 0xE0002000)FPUnit: 6 code (BP) slots and 2 literal slots -- CPU_ReadMem(4 bytes @ 0xE0001000) -- CPU_ReadMem(4 bytes @ 0xE000ED88) -- CPU_WriteMem(4 bytes @ 0xE000ED88) -- CPU_ReadMem(4 bytes @ 0xE000ED88) -- CPU_WriteMem(4 bytes @ 0xE000ED88)CoreSight components:ROMTbl[0] @ E00FF000 -- CPU_ReadMem(16 bytes @ 0xE00FF000)
 -- CPU_ReadMem(16 bytes @ 0xE000EFF0) -- CPU_ReadMem(16 bytes @ 0xE000EFE0)ROMTbl[0][0]: E000E000, CID: B105E00D, PID: 000BB00C SCS-M7 -- CPU_WriteMem(4 bytes @ 0xE0001000) -- CPU_ReadMem(16 bytes @ 0xE0001FF0) -- CPU_ReadMem(16 bytes @ 0xE0001FE0)ROMTbl[0][1]: E0001000, CID: B105E00D, PID: 003BB002 DWT -- CPU_ReadMem(16 bytes @ 0xE0002FF0) -- CPU_ReadMem(16 bytes @ 0xE0002FE0)ROMTbl[0][2]: E0002000, CID: B105E00D, PID: 002BB003 FPB -- CPU_ReadMem(16 bytes @ 0xE0000FF0)
 -- CPU_ReadMem(16 bytes @ 0xE0000FE0)ROMTbl[0][3]: E0000000, CID: B105E00D, PID: 003BB001 ITM -- CPU_ReadMem(16 bytes @ 0xE00FF010) -- CPU_ReadMem(16 bytes @ 0xE0040FF0) -- CPU_ReadMem(16 bytes @ 0xE0040FE0)ROMTbl[0][4]: E0040000, CID: B105900D, PID: 000BB9A1 TPIU
                JLINK_Reset() -- CPU_ReadMem(16 bytes @ 0x20000000) -- CPU_WriteMem(16 bytes @ 0x20000000) -- CPU_ReadMem(4 bytes @ 0xE000EDFC) -- CPU_WriteMem(4 bytes @ 0xE000EDFC) -- CPU_ReadMem(4 bytes @ 0xE0001000) -- CPU_WriteMem(4 bytes @ 0xE000EDFC) -- CPU_WriteMem(16 bytes @ 0x20000000) -- CPU_WriteMem(4 bytes @ 0xE0002000) -- CPU_ReadMem(4 bytes @ 0xE000EDFC) -- CPU_ReadMem(4 bytes @ 0xE0001000) (0023ms, 0023ms total)
                JLINK_Go() -- CPU_ReadMem(4 bytes @ 0xE0001000) -- CPU_WriteMem(4 bytes @ 0xE0002008) -- CPU_WriteMem(4 bytes @ 0xE000200C) -- CPU_WriteMem(4 bytes @ 0xE0002010) -- CPU_WriteMem(4 bytes @ 0xE0002014) -- CPU_WriteMem(4 bytes @ 0xE0002018) -- CPU_WriteMem(4 bytes @ 0xE000201C) -- CPU_WriteMem(4 bytes @ 0xE0001004) (0003ms, 0026ms total)
               (0043ms, 18960ms total)
T2764 8428:654 JLINK_Close() -- CPU is running -- CPU_WriteMem(4 bytes @ 0xE0002008) -- CPU is running -- CPU_WriteMem(4 bytes @ 0xE000200C) -- CPU is running -- CPU_WriteMem(4 bytes @ 0xE0002010) -- CPU is running -- CPU_WriteMem(4 bytes @ 0xE0002014) -- CPU is running -- CPU_WriteMem(4 bytes @ 0xE0002018) -- CPU is running -- CPU_WriteMem(4 bytes @ 0xE000201C) >0x70 JTAG> >0x40 JTAG> >0x30 JTAG> >0x30 JTAG> >0x30 JTAG> >0x30 JTAG> >0x48 JTAG> >0x30 JTAG> >0x08 JTAG> (0014ms, 18974ms total)
T2764 8428:654  (0014ms, 18974ms total)
T2764 8428:654 Closed (0014ms, 18974ms total)
