T415C 7314:294 SEGGER J-Link V6.48a Log File (0000ms, 30233ms total)
T415C 7314:294 DLL Compiled: Jul 30 2019 15:16:09 (0000ms, 30233ms total)
T415C 7314:294 Logging started @ 2022-07-04 10:21 (0000ms, 30233ms total)
T415C 7314:298 JLINK_ExecCommand("Device = ATSAM4E16E", ...). Device "ATSAM4E16E" selected.  returns 0x00 (0001ms, 30234ms total)
T415C 7314:312 JLINK_TIF_Select(JLINKARM_TIF_JTAG)  returns 0x00 (0001ms, 30235ms total)
T415C 7314:313 JLINK_ConfigJTAG(IRPre = 0, DRPre = 0) (0000ms, 30235ms total)
T415C 7314:313 JLINK_SetSpeed(6800) (0000ms, 30235ms total)
T415C 7314:313 JLINK_ResetPullsRESET(OFF) (0000ms, 30235ms total)
T415C 7314:313 JLINK_Connect() >0x2F8 JTAG>TotalIRLen = 4, IRPrint = 0x01 >0x30 JTAG> >0x30 JTAG>JTAG chain detection found 1 devices: #0 Id: 0x4BA00477, IRLen: 04, CoreSight JTAG-DPScanning AP map to find all available APs >0x78 JTAG> >0x48 JTAG> >0x40 JTAG> >0x40 JTAG> >0x48 JTAG> >0x40 JTAG>AP[1]: Stopped AP scan as end of AP map has been reachedAP[0]: AHB-AP (IDR: 0x24770011)Iterating through AP map to find AHB-AP to use >0x78 JTAG> >0x48 JTAG> >0x48 JTAG> >0x70 JTAG> >0x40 JTAG> >0x30 JTAG>
 >0x40 JTAG> >0x40 JTAG>AP[0]: Core foundAP[0]: AHB-AP ROM base: 0xE00FF000 >0x40 JTAG> >0x40 JTAG> >0x30 JTAG> >0x40 JTAG> >0x40 JTAG>CPUID register: 0x410FC241. Implementer code: 0x41 (ARM)Found Cortex-M4 r0p1, Little endian. -- Max. mem block: 0x000023B8 -- CPU_ReadMem(4 bytes @ 0xE000EDF0) -- CPU_WriteMem(4 bytes @ 0xE000EDF0) -- CPU_ReadMem(4 bytes @ 0xE0002000)FPUnit: 6 code (BP) slots and 2 literal slots -- CPU_ReadMem(4 bytes @ 0xE000EDFC) -- CPU_WriteMem(4 bytes @ 0xE000EDFC)
 -- CPU_ReadMem(4 bytes @ 0xE0001000) -- CPU_WriteMem(4 bytes @ 0xE0001000) -- CPU_ReadMem(4 bytes @ 0xE000ED88) -- CPU_WriteMem(4 bytes @ 0xE000ED88) -- CPU_ReadMem(4 bytes @ 0xE000ED88) -- CPU_WriteMem(4 bytes @ 0xE000ED88)CoreSight components:ROMTbl[0] @ E00FF000 -- CPU_ReadMem(16 bytes @ 0xE00FF000) -- CPU_ReadMem(16 bytes @ 0xE000EFF0) -- CPU_ReadMem(16 bytes @ 0xE000EFE0)ROMTbl[0][0]: E000E000, CID: B105E00D, PID: 000BB00C SCS-M7 -- CPU_ReadMem(16 bytes @ 0xE0001FF0)
 -- CPU_ReadMem(16 bytes @ 0xE0001FE0)ROMTbl[0][1]: E0001000, CID: B105E00D, PID: 003BB002 DWT -- CPU_ReadMem(16 bytes @ 0xE0002FF0) -- CPU_ReadMem(16 bytes @ 0xE0002FE0)ROMTbl[0][2]: E0002000, CID: B105E00D, PID: 002BB003 FPB -- CPU_ReadMem(16 bytes @ 0xE0000FF0) -- CPU_ReadMem(16 bytes @ 0xE0000FE0)ROMTbl[0][3]: E0000000, CID: B105E00D, PID: 003BB001 ITM -- CPU_ReadMem(16 bytes @ 0xE00FF010) -- CPU_ReadMem(16 bytes @ 0xE0040FF0) -- CPU_ReadMem(16 bytes @ 0xE0040FE0)
ROMTbl[0][4]: E0040000, CID: B105900D, PID: 000BB9A1 TPIU  returns 0x00 (0020ms, 30255ms total)
T415C 7314:333 JLINK_Halt()  returns 0x00 (0003ms, 30258ms total)
T415C 7314:336 JLINK_BeginDownload(Flags = 0x00) (0000ms, 30258ms total)
T415C 7314:336 JLINK_WriteMem(0x400E0A04, 0x0004 Bytes, ...) - Data: 0B 01 00 5A -- CPU_WriteMem(4 bytes @ 0x400E0A04)  returns 0x04 (0000ms, 30258ms total)
T415C 7314:336 JLINK_EndDownload()  returns 0x00 (0000ms, 30258ms total)
T415C 7314:336 JLINK_ReadMemHW(0x400E0A08, 0x0004 Bytes, ...) -- CPU_ReadMem(4 bytes @ 0x400E0A08) - Data: 01 00 00 00  returns 0x00 (0001ms, 30259ms total)
T415C 7314:337 JLINK_SetResetType(JLINKARM_CM3_RESET_TYPE_NORMAL)  returns JLINKARM_CM3_RESET_TYPE_NORMAL (0000ms, 30259ms total)
T415C 7314:337 JLINK_Reset() -- CPU_ReadMem(16 bytes @ 0x20000000) -- CPU_WriteMem(16 bytes @ 0x20000000) -- CPU_ReadMem(4 bytes @ 0xE000EDFC) -- CPU_WriteMem(4 bytes @ 0xE000EDFC) -- CPU_ReadMem(4 bytes @ 0xE0001000) -- CPU_WriteMem(4 bytes @ 0xE000EDFC) -- CPU_WriteMem(16 bytes @ 0x20000000) -- CPU_WriteMem(4 bytes @ 0xE0002000) -- CPU_ReadMem(4 bytes @ 0xE000EDFC) -- CPU_ReadMem(4 bytes @ 0xE0001000) (0021ms, 30280ms total)
T415C 7314:359 JLINK_JTAG_GetDeviceID(DeviceIndex = 0)  returns 0x4BA00477 (0000ms, 30280ms total)
T415C 7314:359 JLINK_ReadMemU32(0x400E0740, 0x0001 Items, ...) -- CPU_ReadMem(4 bytes @ 0x400E0740) - Data: E0 0C CC A3  returns 1 (0000ms, 30280ms total)
T415C 7314:359 JLINK_ReadMemU32(0x400E0744, 0x0001 Items, ...) -- CPU_ReadMem(4 bytes @ 0x400E0744) - Data: 00 02 12 00  returns 1 (0001ms, 30281ms total)
T415C 7314:360 JLINK_BeginDownload(Flags = 0x00) (0000ms, 30281ms total)
T415C 7314:360 JLINK_WriteMem(0x400E0A04, 0x0004 Bytes, ...) - Data: 05 00 00 5A -- CPU_WriteMem(4 bytes @ 0x400E0A04)  returns 0x04 (0000ms, 30281ms total)
T415C 7314:360 JLINK_EndDownload()  returns 0x00 (0000ms, 30281ms total)
T415C 7314:360 JLINK_ReadMemHW(0x400E0A08, 0x0004 Bytes, ...) -- CPU_ReadMem(4 bytes @ 0x400E0A08) - Data: 00 00 00 00  returns 0x00 (0001ms, 30282ms total)
T415C 7314:363 JLINK_ReadMemHW(0x400E0A08, 0x0004 Bytes, ...) -- CPU_ReadMem(4 bytes @ 0x400E0A08) - Data: 00 00 00 00  returns 0x00 (0000ms, 30282ms total)
T415C 7314:368 JLINK_ReadMemHW(0x400E0A08, 0x0004 Bytes, ...) -- CPU_ReadMem(4 bytes @ 0x400E0A08) - Data: 00 00 00 00  returns 0x00 (0000ms, 30282ms total)
T3088 7314:368 JLINK_IsHalted()  returns TRUE (0000ms, 30282ms total)
T3088 7314:368 JLINK_GetMOEs(...) -- CPU_ReadMem(4 bytes @ 0xE000ED30)  returns 0x01 (0001ms, 30283ms total)
T3088 7314:369 JLINK_ReadReg(R15 (PC))  returns 0x004009DC (0000ms, 30283ms total)
T415C 7314:384 JLINK_ReadMemHW(0x400E0A08, 0x0004 Bytes, ...) -- CPU_ReadMem(4 bytes @ 0x400E0A08) - Data: 00 00 00 00  returns 0x00 (0000ms, 30283ms total)
T415C 7314:450 JLINK_ReadMemHW(0x400E0A08, 0x0004 Bytes, ...) -- CPU_ReadMem(4 bytes @ 0x400E0A08) - Data: 00 00 00 00  returns 0x00 (0000ms, 30283ms total)
T3088 7314:573 JLINK_IsHalted()  returns TRUE (0000ms, 30283ms total)
T415C 7314:707 JLINK_ReadMemHW(0x400E0A08, 0x0004 Bytes, ...) -- CPU_ReadMem(4 bytes @ 0x400E0A08) - Data: 00 00 00 00  returns 0x00 (0001ms, 30284ms total)
T3088 7314:774 JLINK_IsHalted()  returns TRUE (0000ms, 30284ms total)
T3088 7314:977 JLINK_IsHalted()  returns TRUE (0000ms, 30284ms total)
T3088 7315:179 JLINK_IsHalted()  returns TRUE (0000ms, 30284ms total)
T3088 7315:379 JLINK_IsHalted()  returns TRUE (0000ms, 30284ms total)
T3088 7315:582 JLINK_IsHalted()  returns TRUE (0001ms, 30285ms total)
T415C 7315:712 JLINK_ReadMemHW(0x400E0A08, 0x0004 Bytes, ...) -- CPU_ReadMem(4 bytes @ 0x400E0A08) - Data: 00 00 00 00  returns 0x00 (0000ms, 30284ms total)
T415C 7315:713 JLINK_ReadMemHW(0x400E0A08, 0x0004 Bytes, ...) -- CPU_ReadMem(4 bytes @ 0x400E0A08) - Data: 00 00 00 00  returns 0x00 (0001ms, 30285ms total)
T415C 7315:715 JLINK_ReadMemHW(0x400E0A08, 0x0004 Bytes, ...) -- CPU_ReadMem(4 bytes @ 0x400E0A08) - Data: 00 00 00 00  returns 0x00 (0000ms, 30285ms total)
T415C 7315:720 JLINK_ReadMemHW(0x400E0A08, 0x0004 Bytes, ...) -- CPU_ReadMem(4 bytes @ 0x400E0A08) - Data: 00 00 00 00  returns 0x00 (0000ms, 30285ms total)
T415C 7315:736 JLINK_ReadMemHW(0x400E0A08, 0x0004 Bytes, ...) -- CPU_ReadMem(4 bytes @ 0x400E0A08) - Data: 00 00 00 00  returns 0x00 (0001ms, 30286ms total)
T3088 7315:785 JLINK_IsHalted()  returns TRUE (0000ms, 30286ms total)
T415C 7315:803 JLINK_ReadMemHW(0x400E0A08, 0x0004 Bytes, ...) -- CPU_ReadMem(4 bytes @ 0x400E0A08) - Data: 00 00 00 00  returns 0x00 (0001ms, 30287ms total)
T3088 7315:990 JLINK_IsHalted()  returns TRUE (0000ms, 30287ms total)
T415C 7316:060 JLINK_ReadMemHW(0x400E0A08, 0x0004 Bytes, ...) -- CPU_ReadMem(4 bytes @ 0x400E0A08) - Data: 00 00 00 00  returns 0x00 (0000ms, 30287ms total)
T3088 7316:192 JLINK_IsHalted()  returns TRUE (0001ms, 30288ms total)
T3088 7316:393 JLINK_IsHalted()  returns TRUE (0000ms, 30287ms total)
T3088 7316:593 JLINK_IsHalted()  returns TRUE (0000ms, 30287ms total)
T3088 7316:795 JLINK_IsHalted()  returns TRUE (0001ms, 30288ms total)
T3088 7316:996 JLINK_IsHalted()  returns TRUE (0000ms, 30287ms total)
T415C 7317:062 JLINK_ReadMemHW(0x400E0A08, 0x0004 Bytes, ...) -- CPU_ReadMem(4 bytes @ 0x400E0A08) - Data: 00 00 00 00  returns 0x00 (0000ms, 30287ms total)
T415C 7317:062 JLINK_ReadMemHW(0x400E0A08, 0x0004 Bytes, ...) -- CPU_ReadMem(4 bytes @ 0x400E0A08) - Data: 00 00 00 00  returns 0x00 (0001ms, 30288ms total)
T415C 7317:066 JLINK_ReadMemHW(0x400E0A08, 0x0004 Bytes, ...) -- CPU_ReadMem(4 bytes @ 0x400E0A08) - Data: 00 00 00 00  returns 0x00 (0000ms, 30288ms total)
T415C 7317:072 JLINK_ReadMemHW(0x400E0A08, 0x0004 Bytes, ...) -- CPU_ReadMem(4 bytes @ 0x400E0A08) - Data: 00 00 00 00  returns 0x00 (0000ms, 30288ms total)
T415C 7317:090 JLINK_ReadMemHW(0x400E0A08, 0x0004 Bytes, ...) -- CPU_ReadMem(4 bytes @ 0x400E0A08) - Data: 00 00 00 00  returns 0x00 (0000ms, 30288ms total)
T415C 7317:155 JLINK_ReadMemHW(0x400E0A08, 0x0004 Bytes, ...) -- CPU_ReadMem(4 bytes @ 0x400E0A08) - Data: 00 00 00 00  returns 0x00 (0000ms, 30288ms total)
T3088 7317:197 JLINK_IsHalted()  returns TRUE (0000ms, 30288ms total)
T3088 7317:399 JLINK_IsHalted()  returns TRUE (0000ms, 30288ms total)
T415C 7317:412 JLINK_ReadMemHW(0x400E0A08, 0x0004 Bytes, ...) -- CPU_ReadMem(4 bytes @ 0x400E0A08) - Data: 00 00 00 00  returns 0x00 (0000ms, 30288ms total)
T3088 7317:600 JLINK_IsHalted()  returns TRUE (0000ms, 30288ms total)
T3088 7317:801 JLINK_IsHalted()  returns TRUE (0000ms, 30288ms total)
T3088 7318:002 JLINK_IsHalted()  returns TRUE (0000ms, 30288ms total)
T3088 7318:202 JLINK_IsHalted()  returns TRUE (0000ms, 30288ms total)
T3088 7318:404 JLINK_IsHalted()  returns TRUE (0000ms, 30288ms total)
T415C 7318:413 JLINK_ReadMemHW(0x400E0A08, 0x0004 Bytes, ...) -- CPU_ReadMem(4 bytes @ 0x400E0A08) - Data: 00 00 00 00  returns 0x00 (0000ms, 30288ms total)
T415C 7318:413 JLINK_ReadMemHW(0x400E0A08, 0x0004 Bytes, ...) -- CPU_ReadMem(4 bytes @ 0x400E0A08) - Data: 00 00 00 00  returns 0x00 (0001ms, 30289ms total)
T415C 7318:417 JLINK_ReadMemHW(0x400E0A08, 0x0004 Bytes, ...) -- CPU_ReadMem(4 bytes @ 0x400E0A08) - Data: 00 00 00 00  returns 0x00 (0000ms, 30289ms total)
T415C 7318:422 JLINK_ReadMemHW(0x400E0A08, 0x0004 Bytes, ...) -- CPU_ReadMem(4 bytes @ 0x400E0A08) - Data: 00 00 00 00  returns 0x00 (0000ms, 30289ms total)
T415C 7318:438 JLINK_ReadMemHW(0x400E0A08, 0x0004 Bytes, ...) -- CPU_ReadMem(4 bytes @ 0x400E0A08) - Data: 00 00 00 00  returns 0x00 (0001ms, 30290ms total)
T415C 7318:503 JLINK_ReadMemHW(0x400E0A08, 0x0004 Bytes, ...) -- CPU_ReadMem(4 bytes @ 0x400E0A08) - Data: 00 00 00 00  returns 0x00 (0001ms, 30291ms total)
T3088 7318:604 JLINK_IsHalted()  returns TRUE (0000ms, 30291ms total)
T415C 7318:762 JLINK_ReadMemHW(0x400E0A08, 0x0004 Bytes, ...) -- CPU_ReadMem(4 bytes @ 0x400E0A08) - Data: 00 00 00 00  returns 0x00 (0000ms, 30291ms total)
T3088 7318:807 JLINK_IsHalted()  returns TRUE (0000ms, 30291ms total)
T3088 7319:008 JLINK_IsHalted()  returns TRUE (0000ms, 30291ms total)
T3088 7319:208 JLINK_IsHalted()  returns TRUE (0000ms, 30291ms total)
T3088 7319:409 JLINK_IsHalted()  returns TRUE (0000ms, 30291ms total)
T3088 7319:609 JLINK_IsHalted()  returns TRUE (0000ms, 30291ms total)
T415C 7319:764 JLINK_ReadMemHW(0x400E0A08, 0x0004 Bytes, ...) -- CPU_ReadMem(4 bytes @ 0x400E0A08) - Data: 01 00 00 00  returns 0x00 (0000ms, 30291ms total)
T3088 7319:809 JLINK_IsHalted()  returns TRUE (0000ms, 30291ms total)
T415C 7319:810 JLINK_ResetPullsRESET(ON) (0000ms, 30291ms total)
T415C 7319:810 JLINK_ResetNoHalt() >0x2F8 JTAG>TotalIRLen = 4, IRPrint = 0x01 >0x30 JTAG> >0x30 JTAG>JTAG chain detection found 1 devices: #0 Id: 0x4BA00477, IRLen: 04, CoreSight JTAG-DPAP map detection skipped. Manually configured AP map found.AP[0]: AHB-AP (IDR: Not set) >0xB0 JTAG> >0x48 JTAG> >0x48 JTAG> >0x70 JTAG> >0x40 JTAG> >0x30 JTAG> >0x40 JTAG> >0x40 JTAG>AP[0]: Core foundAP[0]: AHB-AP ROM base: 0xE00FF000 >0x40 JTAG> >0x40 JTAG> >0x30 JTAG> >0x40 JTAG> >0x40 JTAG>
CPUID register: 0x410FC241. Implementer code: 0x41 (ARM)Found Cortex-M4 r0p1, Little endian. -- Max. mem block: 0x00001F48 -- CPU_ReadMem(4 bytes @ 0xE000EDF0) -- CPU_ReadMem(4 bytes @ 0xE0002000)FPUnit: 6 code (BP) slots and 2 literal slots -- CPU_ReadMem(4 bytes @ 0xE000EDFC) -- CPU_ReadMem(4 bytes @ 0xE0001000) -- CPU_ReadMem(4 bytes @ 0xE000ED88) -- CPU_WriteMem(4 bytes @ 0xE000ED88) -- CPU_ReadMem(4 bytes @ 0xE000ED88) -- CPU_WriteMem(4 bytes @ 0xE000ED88)CoreSight components:ROMTbl[0] @ E00FF000
 -- CPU_ReadMem(16 bytes @ 0xE00FF000) -- CPU_ReadMem(16 bytes @ 0xE000EFF0) -- CPU_ReadMem(16 bytes @ 0xE000EFE0)ROMTbl[0][0]: E000E000, CID: B105E00D, PID: 000BB00C SCS-M7 -- CPU_WriteMem(4 bytes @ 0xE0001000) -- CPU_ReadMem(16 bytes @ 0xE0001FF0) -- CPU_ReadMem(16 bytes @ 0xE0001FE0)ROMTbl[0][1]: E0001000, CID: B105E00D, PID: 003BB002 DWT -- CPU_ReadMem(16 bytes @ 0xE0002FF0) -- CPU_ReadMem(16 bytes @ 0xE0002FE0)ROMTbl[0][2]: E0002000, CID: B105E00D, PID: 002BB003 FPB
 -- CPU_ReadMem(16 bytes @ 0xE0000FF0) -- CPU_ReadMem(16 bytes @ 0xE0000FE0)ROMTbl[0][3]: E0000000, CID: B105E00D, PID: 003BB001 ITM -- CPU_ReadMem(16 bytes @ 0xE00FF010) -- CPU_ReadMem(16 bytes @ 0xE0040FF0) -- CPU_ReadMem(16 bytes @ 0xE0040FE0)ROMTbl[0][4]: E0040000, CID: B105900D, PID: 000BB9A1 TPIU
                JLINK_Reset() -- CPU_ReadMem(16 bytes @ 0x20000000) -- CPU_WriteMem(16 bytes @ 0x20000000) -- CPU_ReadMem(4 bytes @ 0xE000EDFC) -- CPU_WriteMem(4 bytes @ 0xE000EDFC) -- CPU_ReadMem(4 bytes @ 0xE0001000) -- CPU_WriteMem(4 bytes @ 0xE0001004) -- CPU_WriteMem(4 bytes @ 0xE000EDFC) -- CPU_WriteMem(16 bytes @ 0x20000000) -- CPU_WriteMem(4 bytes @ 0xE0002000) -- CPU_ReadMem(4 bytes @ 0xE000EDFC) -- CPU_ReadMem(4 bytes @ 0xE0001000) (0022ms, 0022ms total)
                JLINK_Go() -- CPU_ReadMem(4 bytes @ 0xE0001000) -- CPU_WriteMem(4 bytes @ 0xE0001004) (0001ms, 0023ms total)
               (0037ms, 30328ms total)
T415C 7319:847 JLINK_TIF_Select(JLINKARM_TIF_JTAG)  returns 0x00 (0000ms, 30328ms total)
T415C 7319:847 JLINK_ConfigJTAG(IRPre = 0, DRPre = 0) (0000ms, 30328ms total)
T415C 7319:847 JLINK_SetSpeed(6800) (0000ms, 30328ms total)
T415C 7319:847 JLINK_ResetPullsRESET(OFF) (0000ms, 30328ms total)
T415C 7319:847 JLINK_Connect() >0x2F8 JTAG>TotalIRLen = 4, IRPrint = 0x01 >0x30 JTAG> >0x30 JTAG>JTAG chain detection found 1 devices: #0 Id: 0x4BA00477, IRLen: 04, CoreSight JTAG-DPAP map detection skipped. Manually configured AP map found.AP[0]: AHB-AP (IDR: Not set) >0xB0 JTAG> >0x48 JTAG> >0x48 JTAG> >0x70 JTAG> >0x40 JTAG> >0x30 JTAG> >0x40 JTAG> >0x40 JTAG>AP[0]: Core foundAP[0]: AHB-AP ROM base: 0xE00FF000 >0x40 JTAG> >0x40 JTAG> >0x30 JTAG> >0x40 JTAG> >0x40 JTAG>
CPUID register: 0x410FC241. Implementer code: 0x41 (ARM)Found Cortex-M4 r0p1, Little endian. -- Max. mem block: 0x00001F48 -- CPU_ReadMem(4 bytes @ 0xE000EDF0) -- CPU_ReadMem(4 bytes @ 0xE0002000)FPUnit: 6 code (BP) slots and 2 literal slots -- CPU_ReadMem(4 bytes @ 0xE000EDFC) -- CPU_ReadMem(4 bytes @ 0xE0001000) -- CPU_WriteMem(4 bytes @ 0xE0001000) -- CPU_ReadMem(4 bytes @ 0xE000ED88) -- CPU_WriteMem(4 bytes @ 0xE000ED88) -- CPU_ReadMem(4 bytes @ 0xE000ED88) -- CPU_WriteMem(4 bytes @ 0xE000ED88)
CoreSight components:ROMTbl[0] @ E00FF000 -- CPU_ReadMem(16 bytes @ 0xE00FF000) -- CPU_ReadMem(16 bytes @ 0xE000EFF0) -- CPU_ReadMem(16 bytes @ 0xE000EFE0)ROMTbl[0][0]: E000E000, CID: B105E00D, PID: 000BB00C SCS-M7 -- CPU_ReadMem(16 bytes @ 0xE0001FF0) -- CPU_ReadMem(16 bytes @ 0xE0001FE0)ROMTbl[0][1]: E0001000, CID: B105E00D, PID: 003BB002 DWT -- CPU_ReadMem(16 bytes @ 0xE0002FF0) -- CPU_ReadMem(16 bytes @ 0xE0002FE0)ROMTbl[0][2]: E0002000, CID: B105E00D, PID: 002BB003 FPB
 -- CPU_ReadMem(16 bytes @ 0xE0000FF0) -- CPU_ReadMem(16 bytes @ 0xE0000FE0)ROMTbl[0][3]: E0000000, CID: B105E00D, PID: 003BB001 ITM -- CPU_ReadMem(16 bytes @ 0xE00FF010) -- CPU_ReadMem(16 bytes @ 0xE0040FF0) -- CPU_ReadMem(16 bytes @ 0xE0040FE0)ROMTbl[0][4]: E0040000, CID: B105900D, PID: 000BB9A1 TPIU  returns 0x00 (0014ms, 30342ms total)
T415C 7319:861 JLINK_Halt()  returns 0x00 (0002ms, 30344ms total)
T415C 7319:864 JLINK_BeginDownload(Flags = 0x00) (0000ms, 30344ms total)
T415C 7319:864 JLINK_WriteMem(0x400E0A04, 0x0004 Bytes, ...) - Data: 0B 01 00 5A -- CPU_WriteMem(4 bytes @ 0x400E0A04)  returns 0x04 (0000ms, 30344ms total)
T415C 7319:864 JLINK_EndDownload()  returns 0x00 (0000ms, 30344ms total)
T415C 7319:864 JLINK_ReadMemHW(0x400E0A08, 0x0004 Bytes, ...) -- CPU_ReadMem(4 bytes @ 0x400E0A08) - Data: 01 00 00 00  returns 0x00 (0001ms, 30345ms total)
T415C 7319:865 JLINK_SetResetType(JLINKARM_CM3_RESET_TYPE_NORMAL)  returns JLINKARM_CM3_RESET_TYPE_NORMAL (0000ms, 30345ms total)
T415C 7319:865 JLINK_Reset() -- CPU_ReadMem(16 bytes @ 0x20000000) -- CPU_WriteMem(16 bytes @ 0x20000000) -- CPU_ReadMem(4 bytes @ 0xE000EDFC) -- CPU_WriteMem(4 bytes @ 0xE000EDFC) -- CPU_ReadMem(4 bytes @ 0xE0001000) -- CPU_WriteMem(4 bytes @ 0xE000EDFC) -- CPU_WriteMem(16 bytes @ 0x20000000) -- CPU_WriteMem(4 bytes @ 0xE0002000) -- CPU_ReadMem(4 bytes @ 0xE000EDFC) -- CPU_ReadMem(4 bytes @ 0xE0001000) (0020ms, 30365ms total)
T415C 7319:887 JLINK_JTAG_GetDeviceID(DeviceIndex = 0)  returns 0x4BA00477 (0000ms, 30365ms total)
T415C 7319:887 JLINK_ReadMemU32(0x400E0740, 0x0001 Items, ...) -- CPU_ReadMem(4 bytes @ 0x400E0740) - Data: E0 0C CC A3  returns 1 (0000ms, 30365ms total)
T415C 7319:887 JLINK_ReadMemU32(0x400E0744, 0x0001 Items, ...) -- CPU_ReadMem(4 bytes @ 0x400E0744) - Data: 00 02 12 00  returns 1 (0001ms, 30366ms total)
T1EA0 7319:896 JLINK_IsHalted()  returns TRUE (0000ms, 30366ms total)
T1EA0 7319:896 JLINK_GetMOEs(...) -- CPU_ReadMem(4 bytes @ 0xE000ED30)  returns 0x01 (0000ms, 30366ms total)
T1EA0 7319:896 JLINK_ReadReg(R15 (PC))  returns 0xFFFFFFFE (0000ms, 30366ms total)
T415C 7319:897 JLINK_BeginDownload(Flags = 0x00) (0000ms, 30366ms total)
T415C 7319:897 JLINK_WriteMem(0x00400000, 0x1D90 Bytes, ...) - Data: A0 39 00 20 DD 09 40 00 DB 09 40 00 DB 09 40 00 ... -- Read from flash cache (7568 bytes @ 0x00400000)  returns 0x1D90 (0000ms, 30366ms total)
T415C 7319:898 JLINK_WriteMem(0x00401D90, 0x0854 Bytes, ...) - Data: BF F3 5F 8F 01 38 FB D1 70 47 01 00 00 09 3D 00 ... -- Read from flash cache (2132 bytes @ 0x00401D90)  returns 0x854 (0000ms, 30366ms total)
T415C 7319:901 JLINK_EndDownload()Old firmware which does not support pausing periodic actions during flash download -- CPU_ReadMem(4 bytes @ 0xE000ED90) -- CPU_ReadMem(4 bytes @ 0xE000ED94) -- -------------------------------------- -- Start of determining dirty areas in flash cache -- End of determining dirty areas -- Start of preparing flash programming -- Calculating RAM usage -- RAM usage = 2860 Bytes -- Preserving CPU registers -- Preparing memory -- Preparing target -- Downloading RAMCode
 -- Checking target RAM -- Preparing RAMCode -- End of preparing flash programming -- CPU is running at 90000 kHz. -- Start of comparing flash -- CRC check was estimated as fastest method -- Comparing range 0x400000 - 0x402FFF (3 Sectors, 12 KB), using multi-block CRC calculation -- CRC does not match for sectors 0-2 -- End of comparing flash -- Start of erasing sectors -- End of erasing sectors -- Start of flash programming -- Programming range 0x00400000 - 0x00402FFF (  3 Sectors, 12 KB)
 -- End of flash programming -- 0x400000 - 0x402FFF (  3 Sectors, 12 KB) -- Start of verifying flash -- Checksum calculation was estimated as fastest method -- End of verifying flash -- Start of restoring -- Restoring RAMCode -- Restore target -- Restore memory -- Restoring CPU registers -- End of restoring -- Bank 0 @ 0x00400000: 1 range affected (12288 bytes) -- Total time needed: 0.284s (Prepare: 0.179s, Compare: 0.002s, Erase: 0.000s, Program: 0.046s, Verify: 0.000s, Restore: 0.055s)  returns 0x3000
 (0287ms, 30653ms total)
T415C 7320:188 JLINK_SetResetType(JLINKARM_CM3_RESET_TYPE_NORMAL)  returns JLINKARM_CM3_RESET_TYPE_NORMAL (0000ms, 30653ms total)
T415C 7320:188 JLINK_Reset() -- CPU_ReadMem(16 bytes @ 0x20000000) -- CPU_WriteMem(16 bytes @ 0x20000000) -- CPU_ReadMem(4 bytes @ 0xE000EDFC) -- CPU_WriteMem(4 bytes @ 0xE000EDFC) -- CPU_ReadMem(4 bytes @ 0xE0001000) -- CPU_WriteMem(4 bytes @ 0xE000EDFC) -- CPU_WriteMem(16 bytes @ 0x20000000) -- CPU_WriteMem(4 bytes @ 0xE0002000) -- CPU_ReadMem(4 bytes @ 0xE000EDFC) -- CPU_ReadMem(4 bytes @ 0xE0001000) (0022ms, 30675ms total)
T1EA0 7320:298 JLINK_IsHalted()  returns TRUE (0000ms, 30675ms total)
T4440 7320:315 JLINK_Halt()  returns 0x00 (0000ms, 30675ms total)
T4440 7320:315 JLINK_ReadReg(R15 (PC))  returns 0x004009DC (0000ms, 30675ms total)
T4440 7320:315 JLINK_ReadReg(R13 (SP))  returns 0x200039A0 (0000ms, 30675ms total)
T4440 7320:320 JLINK_ReadMemHW(0x004009DC, 0x0004 Bytes, ...) -- CPU_ReadMem(4 bytes @ 0x004009DC) - Data: 00 B5 83 B0  returns 0x00 (0000ms, 30675ms total)
T4440 7320:320 JLINK_ReadReg(R0)  returns 0x00000000 (0000ms, 30675ms total)
T4440 7320:320 JLINK_ReadReg(R1)  returns 0x00000000 (0000ms, 30675ms total)
T4440 7320:320 JLINK_ReadReg(R2)  returns 0x00000000 (0000ms, 30675ms total)
T4440 7320:320 JLINK_ReadReg(R3)  returns 0x00000000 (0000ms, 30675ms total)
T4440 7320:320 JLINK_ReadReg(R4)  returns 0x00000000 (0000ms, 30675ms total)
T4440 7320:320 JLINK_ReadReg(R5)  returns 0x00000000 (0000ms, 30675ms total)
T4440 7320:320 JLINK_ReadReg(R6)  returns 0x00000000 (0000ms, 30675ms total)
T4440 7320:320 JLINK_ReadReg(R7)  returns 0x00000000 (0000ms, 30675ms total)
T4440 7320:320 JLINK_ReadReg(R8)  returns 0x00000000 (0000ms, 30675ms total)
T4440 7320:320 JLINK_ReadReg(R9)  returns 0x00000000 (0000ms, 30675ms total)
T4440 7320:320 JLINK_ReadReg(R10)  returns 0x00000000 (0000ms, 30675ms total)
T4440 7320:320 JLINK_ReadReg(R11)  returns 0x00000000 (0000ms, 30675ms total)
T4440 7320:320 JLINK_ReadReg(R12)  returns 0x00000000 (0000ms, 30675ms total)
T4440 7320:320 JLINK_ReadReg(R13 (SP))  returns 0x200039A0 (0000ms, 30675ms total)
T4440 7320:320 JLINK_ReadReg(R14)  returns 0xFFFFFFFF (0000ms, 30675ms total)
T4440 7320:320 JLINK_ReadReg(R15 (PC))  returns 0x004009DC (0000ms, 30675ms total)
T4440 7320:320 JLINK_ReadReg(XPSR)  returns 0x01000000 (0000ms, 30675ms total)
T4440 7320:320 JLINK_ReadReg(MSP)  returns 0x200039A0 (0000ms, 30675ms total)
T4440 7320:320 JLINK_ReadReg(PSP)  returns 0x00000000 (0000ms, 30675ms total)
T4440 7320:320 JLINK_ReadReg(PRIMASK)  returns 0x00000000 (0000ms, 30675ms total)
T4440 7320:320 JLINK_ReadReg(BASEPRI)  returns 0x00000000 (0000ms, 30675ms total)
T4440 7320:320 JLINK_ReadReg(FAULTMASK)  returns 0x00000000 (0000ms, 30675ms total)
T4440 7320:320 JLINK_ReadReg(CONTROL)  returns 0x00000000 (0000ms, 30675ms total)
T4440 7320:320 JLINK_ReadReg(FPSCR)  returns 0x00000000 (0005ms, 30680ms total)
T4440 7320:325 JLINK_ReadReg(FPS0)  returns 0x00000000 (0000ms, 30680ms total)
T4440 7320:325 JLINK_ReadReg(FPS1)  returns 0x00000000 (0000ms, 30680ms total)
T4440 7320:325 JLINK_ReadReg(FPS2)  returns 0x00000000 (0000ms, 30680ms total)
T4440 7320:325 JLINK_ReadReg(FPS3)  returns 0x00000000 (0000ms, 30680ms total)
T4440 7320:325 JLINK_ReadReg(FPS4)  returns 0x00000000 (0000ms, 30680ms total)
T4440 7320:325 JLINK_ReadReg(FPS5)  returns 0x00000000 (0000ms, 30680ms total)
T4440 7320:325 JLINK_ReadReg(FPS6)  returns 0x00000000 (0000ms, 30680ms total)
T4440 7320:325 JLINK_ReadReg(FPS7)  returns 0x00000000 (0000ms, 30680ms total)
T4440 7320:325 JLINK_ReadReg(FPS8)  returns 0x00000000 (0000ms, 30680ms total)
T4440 7320:325 JLINK_ReadReg(FPS9)  returns 0x00000000 (0000ms, 30680ms total)
T4440 7320:325 JLINK_ReadReg(FPS10)  returns 0x00000000 (0000ms, 30680ms total)
T4440 7320:325 JLINK_ReadReg(FPS11)  returns 0x00000000 (0000ms, 30680ms total)
T4440 7320:325 JLINK_ReadReg(FPS12)  returns 0x00000000 (0000ms, 30680ms total)
T4440 7320:325 JLINK_ReadReg(FPS13)  returns 0x00000000 (0000ms, 30680ms total)
T4440 7320:325 JLINK_ReadReg(FPS14)  returns 0x00000000 (0000ms, 30680ms total)
T4440 7320:325 JLINK_ReadReg(FPS15)  returns 0x00000000 (0000ms, 30680ms total)
T4440 7320:325 JLINK_ReadReg(FPS16)  returns 0x00000000 (0000ms, 30680ms total)
T4440 7320:325 JLINK_ReadReg(FPS17)  returns 0x00000000 (0000ms, 30680ms total)
T4440 7320:325 JLINK_ReadReg(FPS18)  returns 0x00000000 (0000ms, 30680ms total)
T4440 7320:325 JLINK_ReadReg(FPS19)  returns 0x00000000 (0000ms, 30680ms total)
T4440 7320:325 JLINK_ReadReg(FPS20)  returns 0x00000000 (0000ms, 30680ms total)
T4440 7320:325 JLINK_ReadReg(FPS21)  returns 0x00000000 (0000ms, 30680ms total)
T4440 7320:325 JLINK_ReadReg(FPS22)  returns 0x00000000 (0000ms, 30680ms total)
T4440 7320:325 JLINK_ReadReg(FPS23)  returns 0x00000000 (0000ms, 30680ms total)
T4440 7320:325 JLINK_ReadReg(FPS24)  returns 0x00000000 (0000ms, 30680ms total)
T4440 7320:325 JLINK_ReadReg(FPS25)  returns 0x00000000 (0000ms, 30680ms total)
T4440 7320:325 JLINK_ReadReg(FPS26)  returns 0x00000000 (0001ms, 30681ms total)
T4440 7320:326 JLINK_ReadReg(FPS27)  returns 0x00000000 (0000ms, 30681ms total)
T4440 7320:326 JLINK_ReadReg(FPS28)  returns 0x00000000 (0000ms, 30681ms total)
T4440 7320:326 JLINK_ReadReg(FPS29)  returns 0x00000000 (0000ms, 30681ms total)
T4440 7320:326 JLINK_ReadReg(FPS30)  returns 0x00000000 (0000ms, 30681ms total)
T4440 7320:326 JLINK_ReadReg(FPS31)  returns 0x00000000 (0000ms, 30681ms total)
T4440 7320:326 JLINK_ReadMemHW(0x004009DC, 0x0002 Bytes, ...) -- CPU_ReadMem(2 bytes @ 0x004009DC) - Data: 00 B5  returns 0x00 (0001ms, 30682ms total)
T4440 7320:356 JLINK_ReadReg(R0)  returns 0x00000000 (0000ms, 30682ms total)
T4440 7320:356 JLINK_ReadReg(R1)  returns 0x00000000 (0000ms, 30682ms total)
T4440 7320:356 JLINK_ReadReg(R2)  returns 0x00000000 (0000ms, 30682ms total)
T4440 7320:356 JLINK_ReadReg(R3)  returns 0x00000000 (0000ms, 30682ms total)
T4440 7320:356 JLINK_ReadReg(R4)  returns 0x00000000 (0000ms, 30682ms total)
T4440 7320:356 JLINK_ReadReg(R5)  returns 0x00000000 (0000ms, 30682ms total)
T4440 7320:356 JLINK_ReadReg(R6)  returns 0x00000000 (0000ms, 30682ms total)
T4440 7320:356 JLINK_ReadReg(R7)  returns 0x00000000 (0000ms, 30682ms total)
T4440 7320:356 JLINK_ReadReg(R8)  returns 0x00000000 (0000ms, 30682ms total)
T4440 7320:356 JLINK_ReadReg(R9)  returns 0x00000000 (0000ms, 30682ms total)
T4440 7320:356 JLINK_ReadReg(R10)  returns 0x00000000 (0000ms, 30682ms total)
T4440 7320:356 JLINK_ReadReg(R11)  returns 0x00000000 (0000ms, 30682ms total)
T4440 7320:356 JLINK_ReadReg(R12)  returns 0x00000000 (0000ms, 30682ms total)
T4440 7320:356 JLINK_ReadReg(R13 (SP))  returns 0x200039A0 (0000ms, 30682ms total)
T4440 7320:356 JLINK_ReadReg(R14)  returns 0xFFFFFFFF (0000ms, 30682ms total)
T4440 7320:356 JLINK_ReadReg(R15 (PC))  returns 0x004009DC (0000ms, 30682ms total)
T4440 7320:356 JLINK_ReadReg(XPSR)  returns 0x01000000 (0000ms, 30682ms total)
T4440 7320:356 JLINK_ReadReg(MSP)  returns 0x200039A0 (0000ms, 30682ms total)
T4440 7320:356 JLINK_ReadReg(PSP)  returns 0x00000000 (0001ms, 30683ms total)
T4440 7320:357 JLINK_ReadReg(PRIMASK)  returns 0x00000000 (0000ms, 30683ms total)
T4440 7320:357 JLINK_ReadReg(BASEPRI)  returns 0x00000000 (0000ms, 30683ms total)
T4440 7320:357 JLINK_ReadReg(FAULTMASK)  returns 0x00000000 (0000ms, 30683ms total)
T4440 7320:357 JLINK_ReadReg(CONTROL)  returns 0x00000000 (0000ms, 30683ms total)
T4440 7320:357 JLINK_ReadReg(FPSCR)  returns 0x00000000 (0000ms, 30683ms total)
T4440 7320:357 JLINK_ReadReg(FPS0)  returns 0x00000000 (0000ms, 30683ms total)
T4440 7320:357 JLINK_ReadReg(FPS1)  returns 0x00000000 (0000ms, 30683ms total)
T4440 7320:357 JLINK_ReadReg(FPS2)  returns 0x00000000 (0000ms, 30683ms total)
T4440 7320:357 JLINK_ReadReg(FPS3)  returns 0x00000000 (0000ms, 30683ms total)
T4440 7320:357 JLINK_ReadReg(FPS4)  returns 0x00000000 (0000ms, 30683ms total)
T4440 7320:357 JLINK_ReadReg(FPS5)  returns 0x00000000 (0000ms, 30683ms total)
T4440 7320:357 JLINK_ReadReg(FPS6)  returns 0x00000000 (0000ms, 30683ms total)
T4440 7320:357 JLINK_ReadReg(FPS7)  returns 0x00000000 (0000ms, 30683ms total)
T4440 7320:357 JLINK_ReadReg(FPS8)  returns 0x00000000 (0000ms, 30683ms total)
T4440 7320:357 JLINK_ReadReg(FPS9)  returns 0x00000000 (0000ms, 30683ms total)
T4440 7320:357 JLINK_ReadReg(FPS10)  returns 0x00000000 (0000ms, 30683ms total)
T4440 7320:357 JLINK_ReadReg(FPS11)  returns 0x00000000 (0000ms, 30683ms total)
T4440 7320:357 JLINK_ReadReg(FPS12)  returns 0x00000000 (0000ms, 30683ms total)
T4440 7320:357 JLINK_ReadReg(FPS13)  returns 0x00000000 (0000ms, 30683ms total)
T4440 7320:357 JLINK_ReadReg(FPS14)  returns 0x00000000 (0000ms, 30683ms total)
T4440 7320:357 JLINK_ReadReg(FPS15)  returns 0x00000000 (0000ms, 30683ms total)
T4440 7320:357 JLINK_ReadReg(FPS16)  returns 0x00000000 (0000ms, 30683ms total)
T4440 7320:357 JLINK_ReadReg(FPS17)  returns 0x00000000 (0000ms, 30683ms total)
T4440 7320:357 JLINK_ReadReg(FPS18)  returns 0x00000000 (0000ms, 30683ms total)
T4440 7320:357 JLINK_ReadReg(FPS19)  returns 0x00000000 (0000ms, 30683ms total)
T4440 7320:358 JLINK_ReadReg(FPS20)  returns 0x00000000 (0000ms, 30684ms total)
T4440 7320:358 JLINK_ReadReg(FPS21)  returns 0x00000000 (0000ms, 30684ms total)
T4440 7320:358 JLINK_ReadReg(FPS22)  returns 0x00000000 (0000ms, 30684ms total)
T4440 7320:358 JLINK_ReadReg(FPS23)  returns 0x00000000 (0000ms, 30684ms total)
T4440 7320:358 JLINK_ReadReg(FPS24)  returns 0x00000000 (0000ms, 30684ms total)
T4440 7320:358 JLINK_ReadReg(FPS25)  returns 0x00000000 (0000ms, 30684ms total)
T4440 7320:358 JLINK_ReadReg(FPS26)  returns 0x00000000 (0000ms, 30684ms total)
T4440 7320:358 JLINK_ReadReg(FPS27)  returns 0x00000000 (0000ms, 30684ms total)
T4440 7320:358 JLINK_ReadReg(FPS28)  returns 0x00000000 (0000ms, 30684ms total)
T4440 7320:358 JLINK_ReadReg(FPS29)  returns 0x00000000 (0000ms, 30684ms total)
T4440 7320:358 JLINK_ReadReg(FPS30)  returns 0x00000000 (0000ms, 30684ms total)
T4440 7320:358 JLINK_ReadReg(FPS31)  returns 0x00000000 (0000ms, 30684ms total)
T4440 7320:366 JLINK_ReadMemHW(0x004009DC, 0x0004 Bytes, ...) -- CPU_ReadMem(4 bytes @ 0x004009DC) - Data: 00 B5 83 B0  returns 0x00 (0001ms, 30685ms total)
T4440 7320:390 JLINK_ReadMemHW(0x00400270, 0x0002 Bytes, ...) -- CPU_ReadMem(2 bytes @ 0x00400270) - Data: 2D 4B  returns 0x00 (0001ms, 30686ms total)
T4440 7320:391 JLINK_ReadMemHW(0x00400328, 0x0004 Bytes, ...) -- CPU_ReadMem(4 bytes @ 0x00400328) - Data: 85 03 40 00  returns 0x00 (0000ms, 30686ms total)
T4440 7320:392 JLINK_ReadMemHW(0x00400310, 0x0002 Bytes, ...) -- CPU_ReadMem(2 bytes @ 0x00400310) - Data: 19 4D  returns 0x00 (0001ms, 30687ms total)
T415C 7320:410 JLINK_GetNumBPUnits(Type = 0xFFFFFF02)  returns 0x06 (0000ms, 30687ms total)
T415C 7320:410 JLINK_SetBPEx(Addr = 0x00400310, Type = 0xFFFFFFF2)  returns 0x00000001 (0000ms, 30687ms total)
T415C 7320:410 JLINK_GetBPInfo(BPHandle = 1)  returns 0x00 (0000ms, 30687ms total)
T4440 7320:422 JLINK_SetResetType(JLINKARM_CM3_RESET_TYPE_NORMAL)  returns JLINKARM_CM3_RESET_TYPE_NORMAL (0000ms, 30687ms total)
T4440 7320:422 JLINK_Reset() -- CPU_ReadMem(16 bytes @ 0x20000000) -- CPU_WriteMem(16 bytes @ 0x20000000) -- CPU_ReadMem(4 bytes @ 0xE000EDFC) -- CPU_WriteMem(4 bytes @ 0xE000EDFC) -- CPU_ReadMem(4 bytes @ 0xE0001000) -- CPU_WriteMem(4 bytes @ 0xE0001004) -- CPU_WriteMem(4 bytes @ 0xE000EDFC) -- CPU_WriteMem(16 bytes @ 0x20000000) -- CPU_WriteMem(4 bytes @ 0xE0002000) -- CPU_ReadMem(4 bytes @ 0xE000EDFC) -- CPU_ReadMem(4 bytes @ 0xE0001000) (0021ms, 30708ms total)
T1EA0 7320:443 JLINK_IsHalted()  returns TRUE (0000ms, 30708ms total)
T1EA0 7320:443 JLINK_GetMOEs(...) -- CPU_ReadMem(4 bytes @ 0xE000ED30)  returns 0x01 (0001ms, 30709ms total)
T1EA0 7320:444 JLINK_ReadReg(R15 (PC))  returns 0x004009DC (0000ms, 30709ms total)
T4440 7320:453 JLINK_ReadReg(R15 (PC))  returns 0x004009DC (0000ms, 30709ms total)
T4440 7320:453 JLINK_ReadReg(R13 (SP))  returns 0x200039A0 (0000ms, 30709ms total)
T4440 7320:453 JLINK_ReadMemHW(0x004009DC, 0x0004 Bytes, ...) -- CPU_ReadMem(4 bytes @ 0x004009DC) - Data: 00 B5 83 B0  returns 0x00 (0001ms, 30710ms total)
T4440 7320:499 JLINK_ReadMemHW(0x0040026C, 0x0001 Bytes, ...) -- CPU_ReadMem(1 bytes @ 0x0040026C) - Data: 00  returns 0x00 (0001ms, 30711ms total)
T4440 7320:530 JLINK_ReadReg(R15 (PC))  returns 0x004009DC (0000ms, 30711ms total)
T4440 7320:530 JLINK_SetBPEx(Addr = 0x0040026C, Type = 0xFFFFFFF2)  returns 0x00000002 (0000ms, 30711ms total)
T4440 7320:530 JLINK_GetBPInfo(BPHandle = 2)  returns 0x00 (0000ms, 30711ms total)
T4440 7320:530 JLINK_Go() -- CPU_ReadMem(4 bytes @ 0xE0001000) -- CPU_WriteMem(4 bytes @ 0xE000ED30) -- CPU_WriteMem(4 bytes @ 0xE0002008) -- CPU_WriteMem(4 bytes @ 0xE000200C) -- CPU_WriteMem(4 bytes @ 0xE0002010) -- CPU_WriteMem(4 bytes @ 0xE0002014) -- CPU_WriteMem(4 bytes @ 0xE0002018) -- CPU_WriteMem(4 bytes @ 0xE000201C) -- CPU_WriteMem(4 bytes @ 0xE0001004) (0003ms, 30714ms total)
T1EA0 7320:533 JLINK_IsHalted()  returns FALSE (0001ms, 30715ms total)
T1EA0 7320:555 JLINK_IsHalted()  returns TRUE (0002ms, 30716ms total)
T1EA0 7320:557 JLINK_GetMOEs(...) -- CPU_ReadMem(4 bytes @ 0xE000ED30)  returns 0x01 (0001ms, 30715ms total)
T1EA0 7320:558 JLINK_ReadReg(R15 (PC))  returns 0x0040026C (0000ms, 30715ms total)
T4440 7320:564 JLINK_ReadReg(R15 (PC))  returns 0x0040026C (0000ms, 30715ms total)
T4440 7320:564 JLINK_ReadReg(R13 (SP))  returns 0x20003990 (0000ms, 30715ms total)
T4440 7320:564 JLINK_ReadMemHW(0x0040026C, 0x0004 Bytes, ...) -- CPU_ReadMem(4 bytes @ 0x0040026C) - Data: 00 B5 8D B0  returns 0x00 (0000ms, 30715ms total)
T4440 7320:594 JLINK_WriteU32(0xE000EDFC, 0x01000000) -- CPU_WriteMem(4 bytes @ 0xE000EDFC)  returns 0 (0001ms, 30716ms total)
T4440 7320:595 JLINK_ReadMem (0xE0001000, 0x0004 Bytes, ...) -- CPU_ReadMem(4 bytes @ 0xE0001000) - Data: 01 00 00 40  returns 0x00 (0000ms, 30716ms total)
T4440 7320:595 JLINK_WriteU32(0xE0001000, 0x40000001)  returns 0 (0000ms, 30716ms total)
T4440 7320:595 JLINK_WriteU32(0xE0001028, 0x00000100)  returns 0 (0000ms, 30716ms total)
T4440 7320:595 JLINK_ReadMem (0xE0001028, 0x0004 Bytes, ...) -- CPU_WriteMem(4 bytes @ 0xE0001028) -- CPU_ReadMem(4 bytes @ 0xE0001028) - Data: 00 00 00 00  returns 0x00 (0002ms, 30718ms total)
T4440 7320:597 JLINK_WriteU32(0xE0001024, 0x0000001F)  returns 0 (0000ms, 30718ms total)
T4440 7320:597 JLINK_ReadMem (0xE0001024, 0x0004 Bytes, ...) -- CPU_WriteMem(4 bytes @ 0xE0001024) -- CPU_ReadMem(4 bytes @ 0xE0001024) - Data: 0F 00 00 00  returns 0x00 (0001ms, 30719ms total)
T4440 7320:598 JLINK_WriteU32(0xE0001038, 0x00000100)  returns 0 (0000ms, 30719ms total)
T4440 7320:598 JLINK_ReadMem (0xE0001038, 0x0004 Bytes, ...) -- CPU_WriteMem(4 bytes @ 0xE0001038) -- CPU_ReadMem(4 bytes @ 0xE0001038) - Data: 00 03 00 00  returns 0x00 (0001ms, 30720ms total)
T4440 7320:599 JLINK_WriteU32(0xE0001034, 0x0000001F)  returns 0 (0000ms, 30720ms total)
T4440 7320:599 JLINK_ReadMem (0xE0001034, 0x0004 Bytes, ...) -- CPU_WriteMem(4 bytes @ 0xE0001034) -- CPU_ReadMem(4 bytes @ 0xE0001034) - Data: 0F 00 00 00  returns 0x00 (0001ms, 30721ms total)
T4440 7320:600 JLINK_WriteU32(0xE0001048, 0x00000100)  returns 0 (0000ms, 30721ms total)
T4440 7320:600 JLINK_ReadMem (0xE0001048, 0x0004 Bytes, ...) -- CPU_WriteMem(4 bytes @ 0xE0001048) -- CPU_ReadMem(4 bytes @ 0xE0001048) - Data: 00 00 00 00  returns 0x00 (0001ms, 30722ms total)
T4440 7320:601 JLINK_WriteU32(0xE0001044, 0x0000001F)  returns 0 (0000ms, 30722ms total)
T4440 7320:601 JLINK_ReadMem (0xE0001044, 0x0004 Bytes, ...) -- CPU_WriteMem(4 bytes @ 0xE0001044) -- CPU_ReadMem(4 bytes @ 0xE0001044) - Data: 0F 00 00 00  returns 0x00 (0001ms, 30723ms total)
T4440 7320:602 JLINK_WriteU32(0xE0001058, 0x00000100)  returns 0 (0000ms, 30723ms total)
T4440 7320:602 JLINK_ReadMem (0xE0001058, 0x0004 Bytes, ...) -- CPU_WriteMem(4 bytes @ 0xE0001058) -- CPU_ReadMem(4 bytes @ 0xE0001058) - Data: 00 00 00 00  returns 0x00 (0001ms, 30724ms total)
T4440 7320:603 JLINK_WriteU32(0xE0001054, 0x0000001F)  returns 0 (0000ms, 30724ms total)
T4440 7320:603 JLINK_ReadMem (0xE0001054, 0x0004 Bytes, ...) -- CPU_WriteMem(4 bytes @ 0xE0001054) -- CPU_ReadMem(4 bytes @ 0xE0001054) - Data: 0F 00 00 00  returns 0x00 (0001ms, 30725ms total)
T4440 7320:604 JLINK_WriteU32(0xE0001020, 0x00000000)  returns 0 (0000ms, 30725ms total)
T4440 7320:604 JLINK_WriteU32(0xE0001024, 0x00000000)  returns 0 (0000ms, 30725ms total)
T4440 7320:604 JLINK_WriteU32(0xE0001028, 0x00000000)  returns 0 (0000ms, 30725ms total)
T4440 7320:604 JLINK_WriteU32(0xE0001030, 0x00000000)  returns 0 (0000ms, 30725ms total)
T4440 7320:604 JLINK_WriteU32(0xE0001034, 0x00000000)  returns 0 (0000ms, 30725ms total)
T4440 7320:604 JLINK_WriteU32(0xE0001038, 0x00000000)  returns 0 (0000ms, 30725ms total)
T4440 7320:604 JLINK_WriteU32(0xE0001040, 0x00000000)  returns 0 (0000ms, 30725ms total)
T4440 7320:604 JLINK_WriteU32(0xE0001044, 0x00000000)  returns 0 (0000ms, 30725ms total)
T4440 7320:604 JLINK_WriteU32(0xE0001048, 0x00000000)  returns 0 (0000ms, 30725ms total)
T4440 7320:604 JLINK_WriteU32(0xE0001050, 0x00000000)  returns 0 (0000ms, 30725ms total)
T4440 7320:604 JLINK_WriteU32(0xE0001054, 0x00000000)  returns 0 (0000ms, 30725ms total)
T4440 7320:604 JLINK_WriteU32(0xE0001058, 0x00000000)  returns 0 (0000ms, 30725ms total)
T4440 7320:604 JLINK_GetBPInfo(BPHandle = 2)  returns 0x00 (0000ms, 30725ms total)
T4440 7320:604 JLINK_ClrBPEx(BPHandle = 0x00000002)  returns 0x00 (0000ms, 30725ms total)
T4440 7320:604 JLINK_ReadReg(R15 (PC))  returns 0x0040026C (0000ms, 30725ms total)
T4440 7320:604 JLINK_Go() -- CPU_WriteMem(4 bytes @ 0xE0001000) -- CPU_ReadMem(4 bytes @ 0xE0001000) -- CPU_WriteMem(4 bytes @ 0xE000ED30) -- CPU_WriteMem(4 bytes @ 0xE0001020) -- CPU_WriteMem(4 bytes @ 0xE0001030) -- CPU_WriteMem(4 bytes @ 0xE0001040) -- CPU_WriteMem(4 bytes @ 0xE0001050) -- CPU_WriteMem(4 bytes @ 0xE0001024) -- CPU_WriteMem(4 bytes @ 0xE0001034) -- CPU_WriteMem(4 bytes @ 0xE0001044) -- CPU_WriteMem(4 bytes @ 0xE0001054) -- CPU_WriteMem(4 bytes @ 0xE0001028)
 -- CPU_WriteMem(4 bytes @ 0xE0001038) -- CPU_WriteMem(4 bytes @ 0xE0001048) -- CPU_WriteMem(4 bytes @ 0xE0001058) -- CPU_WriteMem(4 bytes @ 0xE000200C) (0006ms, 30731ms total)
T1EA0 7320:610 JLINK_IsHalted()  returns FALSE (0001ms, 30732ms total)
T1EA0 7320:652 JLINK_IsHalted()  returns TRUE (0002ms, 30733ms total)
T1EA0 7320:654 JLINK_GetMOEs(...) -- CPU_ReadMem(4 bytes @ 0xE000ED30)  returns 0x01 (0001ms, 30732ms total)
T1EA0 7320:655 JLINK_ReadReg(R15 (PC))  returns 0x00400310 (0000ms, 30732ms total)
T4440 7320:661 JLINK_ReadReg(R15 (PC))  returns 0x00400310 (0000ms, 30732ms total)
T4440 7320:661 JLINK_ReadReg(R13 (SP))  returns 0x20003958 (0000ms, 30732ms total)
T4440 7320:661 JLINK_ReadMemHW(0x00400310, 0x0004 Bytes, ...) -- CPU_ReadMem(4 bytes @ 0x00400310) - Data: 19 4D 26 60  returns 0x00 (0001ms, 30733ms total)
T1EA0 7320:856 JLINK_IsHalted()  returns TRUE (0000ms, 30733ms total)
T4440 7321:033 JLINK_ReadMem (0x200008A8, 0x0002 Bytes, ...) -- CPU_ReadMem(64 bytes @ 0x20000880) -- Updating C cache (64 bytes @ 0x20000880) -- Read from C cache (2 bytes @ 0x200008A8) - Data: 00 00  returns 0x00 (0001ms, 30734ms total)
T1EA0 7321:057 JLINK_IsHalted()  returns TRUE (0000ms, 30734ms total)
T4440 7321:171 JLINK_ReadMem (0x200008A8, 0x0002 Bytes, ...) -- Read from C cache (2 bytes @ 0x200008A8) - Data: 00 00  returns 0x00 (0000ms, 30734ms total)
T1EA0 7321:261 JLINK_IsHalted()  returns TRUE (0000ms, 30734ms total)
T1EA0 7321:461 JLINK_IsHalted()  returns TRUE (0000ms, 30734ms total)
T1EA0 7321:663 JLINK_IsHalted()  returns TRUE (0000ms, 30734ms total)
T1EA0 7321:866 JLINK_IsHalted()  returns TRUE (0000ms, 30734ms total)
T1EA0 7322:067 JLINK_IsHalted()  returns TRUE (0000ms, 30734ms total)
T1EA0 7322:268 JLINK_IsHalted()  returns TRUE (0000ms, 30734ms total)
T1EA0 7322:468 JLINK_IsHalted()  returns TRUE (0000ms, 30734ms total)
T1EA0 7322:669 JLINK_IsHalted()  returns TRUE (0000ms, 30734ms total)
T1EA0 7322:870 JLINK_IsHalted()  returns TRUE (0000ms, 30734ms total)
T1EA0 7323:073 JLINK_IsHalted()  returns TRUE (0000ms, 30734ms total)
T4440 7323:268 JLINK_ReadReg(R15 (PC))  returns 0x00400310 (0000ms, 30734ms total)
T4440 7323:268 JLINK_GetBPInfo(BPHandle = 1)  returns 0x00 (0000ms, 30734ms total)
T4440 7323:268 JLINK_ClrBPEx(BPHandle = 0x00000001)  returns 0x00 (0000ms, 30734ms total)
T4440 7323:268 JLINK_Step() -- Read from flash cache (2 bytes @ 0x00400310) -- CPU_ReadMem(4 bytes @ 0xE000ED18) -- CPU_WriteMem(4 bytes @ 0xE000ED18) -- CPU_ReadMem(4 bytes @ 0xE000ED18) -- CPU_WriteMem(4 bytes @ 0xE000ED18) -- CPU_ReadMem(4 bytes @ 0xE0001004) -- Read from flash cache (4 bytes @ 0x00400378) -- Simulated  returns 0x00 (0002ms, 30736ms total)
T4440 7323:270 JLINK_SetBPEx(Addr = 0x00400310, Type = 0xFFFFFFF2)  returns 0x00000003 (0000ms, 30736ms total)
T4440 7323:270 JLINK_GetBPInfo(BPHandle = 3)  returns 0x00 (0000ms, 30736ms total)
T4440 7323:271 JLINK_Go() -- CPU_ReadMem(4 bytes @ 0xE0001000) -- CPU_WriteMem(4 bytes @ 0xE000ED30) -- CPU_WriteMem(4 bytes @ 0xE0001004) (0001ms, 30737ms total)
T1EA0 7323:272 JLINK_IsHalted()  returns FALSE (0001ms, 30738ms total)
T1EA0 7323:284 JLINK_IsHalted()  returns FALSE (0000ms, 30737ms total)
T1EA0 7323:324 JLINK_IsHalted()  returns FALSE (0000ms, 30737ms total)
T1EA0 7323:486 JLINK_IsHalted()  returns FALSE (0000ms, 30737ms total)
T1EA0 7323:689 JLINK_IsHalted()  returns FALSE (0000ms, 30737ms total)
T1EA0 7323:890 JLINK_IsHalted()  returns FALSE (0000ms, 30737ms total)
T1EA0 7324:093 JLINK_IsHalted()  returns FALSE (0001ms, 30738ms total)
T1EA0 7324:294 JLINK_IsHalted()  returns FALSE (0001ms, 30738ms total)
T1EA0 7324:496 JLINK_IsHalted()  returns FALSE (0000ms, 30737ms total)
T1EA0 7324:697 JLINK_IsHalted()  returns FALSE (0000ms, 30737ms total)
T1EA0 7324:898 JLINK_IsHalted()  returns FALSE (0000ms, 30737ms total)
T1EA0 7325:099 JLINK_IsHalted()  returns FALSE (0000ms, 30737ms total)
T1EA0 7325:299 JLINK_IsHalted()  returns FALSE (0000ms, 30737ms total)
T1EA0 7325:500 JLINK_IsHalted()  returns FALSE (0000ms, 30737ms total)
T1EA0 7325:701 JLINK_IsHalted()  returns FALSE (0000ms, 30737ms total)
T1EA0 7325:904 JLINK_IsHalted()  returns FALSE (0000ms, 30737ms total)
T1EA0 7326:104 JLINK_IsHalted()  returns FALSE (0000ms, 30737ms total)
T1EA0 7326:304 JLINK_IsHalted()  returns FALSE (0000ms, 30737ms total)
T1EA0 7326:508 JLINK_IsHalted()  returns FALSE (0000ms, 30737ms total)
T1EA0 7326:708 JLINK_IsHalted()  returns FALSE (0000ms, 30737ms total)
T1EA0 7326:909 JLINK_IsHalted()  returns FALSE (0000ms, 30737ms total)
T1EA0 7327:110 JLINK_IsHalted()  returns FALSE (0000ms, 30737ms total)
T1EA0 7327:311 JLINK_IsHalted()  returns FALSE (0001ms, 30738ms total)
T1EA0 7327:513 JLINK_IsHalted()  returns FALSE (0000ms, 30737ms total)
T1EA0 7327:714 JLINK_IsHalted()  returns FALSE (0000ms, 30737ms total)
T1EA0 7327:915 JLINK_IsHalted()  returns FALSE (0000ms, 30737ms total)
T1EA0 7328:117 JLINK_IsHalted()  returns FALSE (0000ms, 30737ms total)
T1EA0 7328:317 JLINK_IsHalted()  returns FALSE (0000ms, 30737ms total)
T1EA0 7328:519 JLINK_IsHalted()  returns FALSE (0000ms, 30737ms total)
T1EA0 7328:720 JLINK_IsHalted()  returns FALSE (0000ms, 30737ms total)
T1EA0 7328:921 JLINK_IsHalted()  returns FALSE (0000ms, 30737ms total)
T1EA0 7329:122 JLINK_IsHalted()  returns FALSE (0000ms, 30737ms total)
T1EA0 7329:323 JLINK_IsHalted()  returns FALSE (0000ms, 30737ms total)
T1EA0 7329:524 JLINK_IsHalted()  returns FALSE (0000ms, 30737ms total)
T1EA0 7329:726 JLINK_IsHalted()  returns FALSE (0000ms, 30737ms total)
T1EA0 7329:927 JLINK_IsHalted()  returns FALSE (0000ms, 30737ms total)
T1EA0 7330:129 JLINK_IsHalted()  returns FALSE (0000ms, 30737ms total)
T1EA0 7330:330 JLINK_IsHalted()  returns FALSE (0000ms, 30737ms total)
T1EA0 7330:532 JLINK_IsHalted()  returns FALSE (0000ms, 30737ms total)
T1EA0 7330:732 JLINK_IsHalted()  returns FALSE (0000ms, 30737ms total)
T1EA0 7330:932 JLINK_IsHalted()  returns FALSE (0000ms, 30737ms total)
T1EA0 7331:134 JLINK_IsHalted()  returns FALSE (0001ms, 30738ms total)
T1EA0 7331:336 JLINK_IsHalted()  returns FALSE (0000ms, 30737ms total)
T1EA0 7331:536 JLINK_IsHalted()  returns FALSE (0000ms, 30737ms total)
T1EA0 7331:738 JLINK_IsHalted()  returns FALSE (0000ms, 30737ms total)
T1EA0 7331:939 JLINK_IsHalted()  returns FALSE (0000ms, 30737ms total)
T1EA0 7332:140 JLINK_IsHalted()  returns FALSE (0000ms, 30737ms total)
T1EA0 7332:341 JLINK_IsHalted()  returns FALSE (0000ms, 30737ms total)
T1EA0 7332:542 JLINK_IsHalted()  returns FALSE (0000ms, 30737ms total)
T1EA0 7332:742 JLINK_IsHalted()  returns FALSE (0000ms, 30737ms total)
T1EA0 7332:944 JLINK_IsHalted()  returns FALSE (0000ms, 30737ms total)
T1EA0 7333:146 JLINK_IsHalted()  returns FALSE (0001ms, 30738ms total)
T1EA0 7333:347 JLINK_IsHalted()  returns FALSE (0000ms, 30737ms total)
T1EA0 7333:549 JLINK_IsHalted()  returns FALSE (0000ms, 30737ms total)
T1EA0 7333:750 JLINK_IsHalted()  returns FALSE (0000ms, 30737ms total)
T1EA0 7333:951 JLINK_IsHalted()  returns FALSE (0000ms, 30737ms total)
T1EA0 7334:152 JLINK_IsHalted()  returns FALSE (0000ms, 30737ms total)
T1EA0 7334:353 JLINK_IsHalted()  returns FALSE (0000ms, 30737ms total)
T1EA0 7334:555 JLINK_IsHalted()  returns FALSE (0000ms, 30737ms total)
T1EA0 7334:755 JLINK_IsHalted()  returns FALSE (0000ms, 30737ms total)
T1EA0 7334:955 JLINK_IsHalted()  returns FALSE (0000ms, 30737ms total)
T1EA0 7335:157 JLINK_IsHalted()  returns FALSE (0000ms, 30737ms total)
T1EA0 7335:358 JLINK_IsHalted()  returns FALSE (0000ms, 30737ms total)
T1EA0 7335:559 JLINK_IsHalted()  returns FALSE (0000ms, 30737ms total)
T1EA0 7335:761 JLINK_IsHalted()  returns FALSE (0000ms, 30737ms total)
T1EA0 7335:961 JLINK_IsHalted()  returns FALSE (0000ms, 30737ms total)
T1EA0 7336:161 JLINK_IsHalted()  returns FALSE (0000ms, 30737ms total)
T1EA0 7336:362 JLINK_IsHalted()  returns FALSE (0001ms, 30738ms total)
T1EA0 7336:563 JLINK_IsHalted()  returns FALSE (0000ms, 30737ms total)
T1EA0 7336:768 JLINK_IsHalted()  returns FALSE (0000ms, 30737ms total)
T1EA0 7336:968 JLINK_IsHalted()  returns FALSE (0000ms, 30737ms total)
T1EA0 7337:168 JLINK_IsHalted()  returns FALSE (0000ms, 30737ms total)
T1EA0 7337:371 JLINK_IsHalted()  returns FALSE (0000ms, 30737ms total)
T1EA0 7337:572 JLINK_IsHalted()  returns FALSE (0000ms, 30737ms total)
T1EA0 7337:773 JLINK_IsHalted()  returns FALSE (0000ms, 30737ms total)
T1EA0 7337:974 JLINK_IsHalted()  returns FALSE (0000ms, 30737ms total)
T1EA0 7338:174 JLINK_IsHalted()  returns FALSE (0000ms, 30737ms total)
T1EA0 7338:375 JLINK_IsHalted()  returns FALSE (0000ms, 30737ms total)
T1EA0 7338:575 JLINK_IsHalted()  returns FALSE (0000ms, 30737ms total)
T1EA0 7338:775 JLINK_IsHalted()  returns FALSE (0000ms, 30737ms total)
T1EA0 7338:977 JLINK_IsHalted()  returns FALSE (0000ms, 30737ms total)
T1EA0 7339:178 JLINK_IsHalted()  returns FALSE (0000ms, 30737ms total)
T1EA0 7339:379 JLINK_IsHalted()  returns FALSE (0000ms, 30737ms total)
T1EA0 7339:579 JLINK_IsHalted()  returns FALSE (0000ms, 30737ms total)
T1EA0 7339:780 JLINK_IsHalted()  returns FALSE (0000ms, 30737ms total)
T1EA0 7339:981 JLINK_IsHalted()  returns FALSE (0000ms, 30737ms total)
T1EA0 7340:182 JLINK_IsHalted()  returns FALSE (0000ms, 30737ms total)
T1EA0 7340:385 JLINK_IsHalted()  returns FALSE (0000ms, 30737ms total)
T1EA0 7340:588 JLINK_IsHalted()  returns FALSE (0000ms, 30737ms total)
T1EA0 7340:789 JLINK_IsHalted()  returns FALSE (0000ms, 30737ms total)
T1EA0 7340:990 JLINK_IsHalted()  returns FALSE (0000ms, 30737ms total)
T1EA0 7341:193 JLINK_IsHalted()  returns FALSE (0000ms, 30737ms total)
T1EA0 7341:394 JLINK_IsHalted()  returns FALSE (0001ms, 30738ms total)
T1EA0 7341:596 JLINK_IsHalted()  returns FALSE (0001ms, 30738ms total)
T1EA0 7341:797 JLINK_IsHalted()  returns FALSE (0001ms, 30738ms total)
T1EA0 7342:000 JLINK_IsHalted()  returns FALSE (0000ms, 30737ms total)
T1EA0 7342:200 JLINK_IsHalted()  returns FALSE (0000ms, 30737ms total)
T1EA0 7342:400 JLINK_IsHalted()  returns FALSE (0000ms, 30737ms total)
T1EA0 7342:602 JLINK_IsHalted()  returns FALSE (0000ms, 30737ms total)
T1EA0 7342:802 JLINK_IsHalted()  returns FALSE (0000ms, 30737ms total)
T1EA0 7343:002 JLINK_IsHalted()  returns FALSE (0001ms, 30738ms total)
T1EA0 7343:205 JLINK_IsHalted()  returns FALSE (0000ms, 30737ms total)
T1EA0 7343:406 JLINK_IsHalted()  returns FALSE (0000ms, 30737ms total)
T1EA0 7343:607 JLINK_IsHalted()  returns FALSE (0000ms, 30737ms total)
T1EA0 7343:809 JLINK_IsHalted()  returns FALSE (0000ms, 30737ms total)
T1EA0 7344:010 JLINK_IsHalted()  returns FALSE (0000ms, 30737ms total)
T1EA0 7344:212 JLINK_IsHalted()  returns FALSE (0000ms, 30737ms total)
T1EA0 7344:412 JLINK_IsHalted()  returns FALSE (0000ms, 30737ms total)
T1EA0 7344:614 JLINK_IsHalted()  returns FALSE (0000ms, 30737ms total)
T1EA0 7344:814 JLINK_IsHalted()  returns FALSE (0000ms, 30737ms total)
T1EA0 7345:016 JLINK_IsHalted()  returns FALSE (0000ms, 30737ms total)
T1EA0 7345:217 JLINK_IsHalted()  returns FALSE (0000ms, 30737ms total)
T1EA0 7345:418 JLINK_IsHalted()  returns FALSE (0000ms, 30737ms total)
T1EA0 7345:619 JLINK_IsHalted()  returns FALSE (0000ms, 30737ms total)
T1EA0 7345:819 JLINK_IsHalted()  returns FALSE (0000ms, 30737ms total)
T1EA0 7346:022 JLINK_IsHalted()  returns FALSE (0000ms, 30737ms total)
T1EA0 7346:223 JLINK_IsHalted()  returns FALSE (0000ms, 30737ms total)
T1EA0 7346:423 JLINK_IsHalted()  returns FALSE (0000ms, 30737ms total)
T1EA0 7346:625 JLINK_IsHalted()  returns FALSE (0000ms, 30737ms total)
T1EA0 7346:826 JLINK_IsHalted()  returns FALSE (0000ms, 30737ms total)
T1EA0 7347:028 JLINK_IsHalted()  returns FALSE (0000ms, 30737ms total)
T1EA0 7347:229 JLINK_IsHalted()  returns FALSE (0000ms, 30737ms total)
T1EA0 7347:430 JLINK_IsHalted()  returns FALSE (0000ms, 30737ms total)
T1EA0 7347:631 JLINK_IsHalted()  returns FALSE (0001ms, 30738ms total)
T1EA0 7347:833 JLINK_IsHalted()  returns FALSE (0000ms, 30737ms total)
T1EA0 7348:034 JLINK_IsHalted()  returns FALSE (0000ms, 30737ms total)
T1EA0 7348:234 JLINK_IsHalted()  returns FALSE (0000ms, 30737ms total)
T1EA0 7348:436 JLINK_IsHalted()  returns FALSE (0000ms, 30737ms total)
T1EA0 7348:637 JLINK_IsHalted()  returns FALSE (0000ms, 30737ms total)
T4440 7348:799 JLINK_Halt()  returns 0x00 (0002ms, 30739ms total)
T1EA0 7348:838 JLINK_IsHalted()  returns TRUE (0000ms, 30739ms total)
T1EA0 7348:838 JLINK_GetMOEs(...) -- CPU_ReadMem(4 bytes @ 0xE000ED30)  returns 0x01 (0000ms, 30739ms total)
T1EA0 7348:838 JLINK_ReadReg(R15 (PC))  returns 0x20000004 (0000ms, 30739ms total)
T415C 7348:901 JLINK_GetBPInfo(BPHandle = 3)  returns 0x00 (0000ms, 30739ms total)
T415C 7348:901 JLINK_ClrBPEx(BPHandle = 0x00000003)  returns 0x00 (0001ms, 30740ms total)
T1EA0 7349:040 JLINK_IsHalted()  returns TRUE (0000ms, 30740ms total)
T415C 7349:041 JLINK_ResetPullsRESET(ON) (0000ms, 30740ms total)
T415C 7349:041 JLINK_ResetNoHalt() >0x2F8 JTAG>TotalIRLen = 4, IRPrint = 0x01 >0x30 JTAG> >0x30 JTAG>JTAG chain detection found 1 devices: #0 Id: 0x4BA00477, IRLen: 04, CoreSight JTAG-DPAP map detection skipped. Manually configured AP map found.AP[0]: AHB-AP (IDR: Not set) >0xB0 JTAG> >0x48 JTAG> >0x48 JTAG> >0x70 JTAG> >0x40 JTAG> >0x30 JTAG> >0x40 JTAG> >0x40 JTAG>AP[0]: Core foundAP[0]: AHB-AP ROM base: 0xE00FF000 >0x40 JTAG> >0x40 JTAG> >0x30 JTAG> >0x40 JTAG> >0x40 JTAG>
CPUID register: 0x410FC241. Implementer code: 0x41 (ARM)Found Cortex-M4 r0p1, Little endian. -- Max. mem block: 0x00001F48 -- CPU_ReadMem(4 bytes @ 0xE000EDF0) -- CPU_ReadMem(4 bytes @ 0xE0002000)FPUnit: 6 code (BP) slots and 2 literal slots -- CPU_ReadMem(4 bytes @ 0xE0001000) -- CPU_ReadMem(4 bytes @ 0xE000ED88) -- CPU_WriteMem(4 bytes @ 0xE000ED88) -- CPU_ReadMem(4 bytes @ 0xE000ED88) -- CPU_WriteMem(4 bytes @ 0xE000ED88)CoreSight components:ROMTbl[0] @ E00FF000 -- CPU_ReadMem(16 bytes @ 0xE00FF000)
 -- CPU_ReadMem(16 bytes @ 0xE000EFF0) -- CPU_ReadMem(16 bytes @ 0xE000EFE0)ROMTbl[0][0]: E000E000, CID: B105E00D, PID: 000BB00C SCS-M7 -- CPU_WriteMem(4 bytes @ 0xE0001000) -- CPU_ReadMem(16 bytes @ 0xE0001FF0) -- CPU_ReadMem(16 bytes @ 0xE0001FE0)ROMTbl[0][1]: E0001000, CID: B105E00D, PID: 003BB002 DWT -- CPU_ReadMem(16 bytes @ 0xE0002FF0) -- CPU_ReadMem(16 bytes @ 0xE0002FE0)ROMTbl[0][2]: E0002000, CID: B105E00D, PID: 002BB003 FPB -- CPU_ReadMem(16 bytes @ 0xE0000FF0)
 -- CPU_ReadMem(16 bytes @ 0xE0000FE0)ROMTbl[0][3]: E0000000, CID: B105E00D, PID: 003BB001 ITM -- CPU_ReadMem(16 bytes @ 0xE00FF010) -- CPU_ReadMem(16 bytes @ 0xE0040FF0) -- CPU_ReadMem(16 bytes @ 0xE0040FE0)ROMTbl[0][4]: E0040000, CID: B105900D, PID: 000BB9A1 TPIU
                JLINK_Reset() -- CPU_ReadMem(16 bytes @ 0x20000000) -- CPU_WriteMem(16 bytes @ 0x20000000) -- CPU_ReadMem(4 bytes @ 0xE000EDFC) -- CPU_WriteMem(4 bytes @ 0xE000EDFC) -- CPU_ReadMem(4 bytes @ 0xE0001000) -- CPU_WriteMem(4 bytes @ 0xE000EDFC) -- CPU_WriteMem(16 bytes @ 0x20000000) -- CPU_WriteMem(4 bytes @ 0xE0002000) -- CPU_ReadMem(4 bytes @ 0xE000EDFC) -- CPU_ReadMem(4 bytes @ 0xE0001000) (0022ms, 0022ms total)
                JLINK_Go() -- CPU_ReadMem(4 bytes @ 0xE0001000) -- CPU_WriteMem(4 bytes @ 0xE0002008) -- CPU_WriteMem(4 bytes @ 0xE000200C) -- CPU_WriteMem(4 bytes @ 0xE0002010) -- CPU_WriteMem(4 bytes @ 0xE0002014) -- CPU_WriteMem(4 bytes @ 0xE0002018) -- CPU_WriteMem(4 bytes @ 0xE000201C) -- CPU_WriteMem(4 bytes @ 0xE0001004) (0002ms, 0024ms total)
               (0037ms, 30777ms total)
T415C 7349:087 JLINK_Close() -- CPU is running -- CPU_WriteMem(4 bytes @ 0xE0002008) -- CPU is running -- CPU_WriteMem(4 bytes @ 0xE000200C) -- CPU is running -- CPU_WriteMem(4 bytes @ 0xE0002010) -- CPU is running -- CPU_WriteMem(4 bytes @ 0xE0002014) -- CPU is running -- CPU_WriteMem(4 bytes @ 0xE0002018) -- CPU is running -- CPU_WriteMem(4 bytes @ 0xE000201C) >0x70 JTAG> >0x40 JTAG> >0x30 JTAG> >0x30 JTAG> >0x30 JTAG> >0x30 JTAG> >0x48 JTAG> >0x30 JTAG> >0x08 JTAG> (0013ms, 30790ms total)
T415C 7349:087  (0013ms, 30790ms total)
T415C 7349:087 Closed (0013ms, 30790ms total)
