T415C 7358:740 SEGGER J-Link V6.48a Log File (0000ms, 30832ms total)
T415C 7358:740 DLL Compiled: Jul 30 2019 15:16:09 (0000ms, 30832ms total)
T415C 7358:740 Logging started @ 2022-07-04 10:22 (0000ms, 30832ms total)
T415C 7358:743 JLINK_ExecCommand("Device = ATSAM4E16E", ...). Device "ATSAM4E16E" selected.  returns 0x00 (0001ms, 30833ms total)
T415C 7358:875 JLINK_TIF_Select(JLINKARM_TIF_JTAG)  returns 0x00 (0001ms, 30834ms total)
T415C 7358:876 JLINK_ConfigJTAG(IRPre = 0, DRPre = 0) (0000ms, 30834ms total)
T415C 7358:876 JLINK_SetSpeed(6800) (0000ms, 30834ms total)
T415C 7358:876 JLINK_ResetPullsRESET(OFF) (0000ms, 30834ms total)
T415C 7358:876 JLINK_Connect() >0x2F8 JTAG>TotalIRLen = 4, IRPrint = 0x01 >0x30 JTAG> >0x30 JTAG>JTAG chain detection found 1 devices: #0 Id: 0x4BA00477, IRLen: 04, CoreSight JTAG-DPScanning AP map to find all available APs >0x78 JTAG> >0x48 JTAG> >0x40 JTAG> >0x40 JTAG> >0x48 JTAG> >0x40 JTAG>AP[1]: Stopped AP scan as end of AP map has been reachedAP[0]: AHB-AP (IDR: 0x24770011)Iterating through AP map to find AHB-AP to use >0x78 JTAG> >0x48 JTAG> >0x48 JTAG> >0x70 JTAG> >0x40 JTAG> >0x30 JTAG>
 >0x40 JTAG> >0x40 JTAG>AP[0]: Core foundAP[0]: AHB-AP ROM base: 0xE00FF000 >0x40 JTAG> >0x40 JTAG> >0x30 JTAG> >0x40 JTAG> >0x40 JTAG>CPUID register: 0x410FC241. Implementer code: 0x41 (ARM)Found Cortex-M4 r0p1, Little endian. -- Max. mem block: 0x000023B8 -- CPU_ReadMem(4 bytes @ 0xE000EDF0) -- CPU_WriteMem(4 bytes @ 0xE000EDF0) -- CPU_ReadMem(4 bytes @ 0xE0002000)FPUnit: 6 code (BP) slots and 2 literal slots -- CPU_ReadMem(4 bytes @ 0xE000EDFC) -- CPU_WriteMem(4 bytes @ 0xE000EDFC)
 -- CPU_ReadMem(4 bytes @ 0xE0001000) -- CPU_WriteMem(4 bytes @ 0xE0001000) -- CPU_ReadMem(4 bytes @ 0xE000ED88) -- CPU_WriteMem(4 bytes @ 0xE000ED88) -- CPU_ReadMem(4 bytes @ 0xE000ED88) -- CPU_WriteMem(4 bytes @ 0xE000ED88)CoreSight components:ROMTbl[0] @ E00FF000 -- CPU_ReadMem(16 bytes @ 0xE00FF000) -- CPU_ReadMem(16 bytes @ 0xE000EFF0) -- CPU_ReadMem(16 bytes @ 0xE000EFE0)ROMTbl[0][0]: E000E000, CID: B105E00D, PID: 000BB00C SCS-M7 -- CPU_ReadMem(16 bytes @ 0xE0001FF0)
 -- CPU_ReadMem(16 bytes @ 0xE0001FE0)ROMTbl[0][1]: E0001000, CID: B105E00D, PID: 003BB002 DWT -- CPU_ReadMem(16 bytes @ 0xE0002FF0) -- CPU_ReadMem(16 bytes @ 0xE0002FE0)ROMTbl[0][2]: E0002000, CID: B105E00D, PID: 002BB003 FPB -- CPU_ReadMem(16 bytes @ 0xE0000FF0) -- CPU_ReadMem(16 bytes @ 0xE0000FE0)ROMTbl[0][3]: E0000000, CID: B105E00D, PID: 003BB001 ITM -- CPU_ReadMem(16 bytes @ 0xE00FF010) -- CPU_ReadMem(16 bytes @ 0xE0040FF0) -- CPU_ReadMem(16 bytes @ 0xE0040FE0)
ROMTbl[0][4]: E0040000, CID: B105900D, PID: 000BB9A1 TPIU  returns 0x00 (0020ms, 30854ms total)
T415C 7358:896 JLINK_Halt()  returns 0x00 (0002ms, 30856ms total)
T415C 7358:898 JLINK_BeginDownload(Flags = 0x00) (0000ms, 30856ms total)
T415C 7358:898 JLINK_WriteMem(0x400E0A04, 0x0004 Bytes, ...) - Data: 0B 01 00 5A -- CPU_WriteMem(4 bytes @ 0x400E0A04)  returns 0x04 (0001ms, 30857ms total)
T415C 7358:899 JLINK_EndDownload()  returns 0x00 (0000ms, 30857ms total)
T415C 7358:899 JLINK_ReadMemHW(0x400E0A08, 0x0004 Bytes, ...) -- CPU_ReadMem(4 bytes @ 0x400E0A08) - Data: 01 00 00 00  returns 0x00 (0000ms, 30857ms total)
T415C 7358:899 JLINK_SetResetType(JLINKARM_CM3_RESET_TYPE_NORMAL)  returns JLINKARM_CM3_RESET_TYPE_NORMAL (0000ms, 30857ms total)
T415C 7358:899 JLINK_Reset() -- CPU_ReadMem(16 bytes @ 0x20000000) -- CPU_WriteMem(16 bytes @ 0x20000000) -- CPU_ReadMem(4 bytes @ 0xE000EDFC) -- CPU_WriteMem(4 bytes @ 0xE000EDFC) -- CPU_ReadMem(4 bytes @ 0xE0001000) -- CPU_WriteMem(4 bytes @ 0xE000EDFC) -- CPU_WriteMem(16 bytes @ 0x20000000) -- CPU_WriteMem(4 bytes @ 0xE0002000) -- CPU_ReadMem(4 bytes @ 0xE000EDFC) -- CPU_ReadMem(4 bytes @ 0xE0001000) (0020ms, 30877ms total)
T415C 7358:921 JLINK_JTAG_GetDeviceID(DeviceIndex = 0)  returns 0x4BA00477 (0000ms, 30877ms total)
T415C 7358:921 JLINK_ReadMemU32(0x400E0740, 0x0001 Items, ...) -- CPU_ReadMem(4 bytes @ 0x400E0740) - Data: E0 0C CC A3  returns 1 (0000ms, 30877ms total)
T415C 7358:921 JLINK_ReadMemU32(0x400E0744, 0x0001 Items, ...) -- CPU_ReadMem(4 bytes @ 0x400E0744) - Data: 00 02 12 00  returns 1 (0001ms, 30878ms total)
T415C 7358:922 JLINK_BeginDownload(Flags = 0x00) (0000ms, 30878ms total)
T415C 7358:922 JLINK_WriteMem(0x400E0A04, 0x0004 Bytes, ...) - Data: 05 00 00 5A -- CPU_WriteMem(4 bytes @ 0x400E0A04)  returns 0x04 (0000ms, 30878ms total)
T415C 7358:922 JLINK_EndDownload()  returns 0x00 (0000ms, 30878ms total)
T415C 7358:922 JLINK_ReadMemHW(0x400E0A08, 0x0004 Bytes, ...) -- CPU_ReadMem(4 bytes @ 0x400E0A08) - Data: 00 00 00 00  returns 0x00 (0001ms, 30879ms total)
T415C 7358:924 JLINK_ReadMemHW(0x400E0A08, 0x0004 Bytes, ...) -- CPU_ReadMem(4 bytes @ 0x400E0A08) - Data: 00 00 00 00  returns 0x00 (0000ms, 30879ms total)
T415C 7358:928 JLINK_ReadMemHW(0x400E0A08, 0x0004 Bytes, ...) -- CPU_ReadMem(4 bytes @ 0x400E0A08) - Data: 00 00 00 00  returns 0x00 (0000ms, 30879ms total)
T39C8 7358:930 JLINK_IsHalted()  returns TRUE (0000ms, 30879ms total)
T39C8 7358:930 JLINK_GetMOEs(...) -- CPU_ReadMem(4 bytes @ 0xE000ED30)  returns 0x01 (0000ms, 30879ms total)
T39C8 7358:930 JLINK_ReadReg(R15 (PC))  returns 0x004009DC (0000ms, 30879ms total)
T415C 7358:945 JLINK_ReadMemHW(0x400E0A08, 0x0004 Bytes, ...) -- CPU_ReadMem(4 bytes @ 0x400E0A08) - Data: 00 00 00 00  returns 0x00 (0000ms, 30879ms total)
T415C 7359:009 JLINK_ReadMemHW(0x400E0A08, 0x0004 Bytes, ...) -- CPU_ReadMem(4 bytes @ 0x400E0A08) - Data: 00 00 00 00  returns 0x00 (0000ms, 30879ms total)
T39C8 7359:131 JLINK_IsHalted()  returns TRUE (0000ms, 30879ms total)
T415C 7359:265 JLINK_ReadMemHW(0x400E0A08, 0x0004 Bytes, ...) -- CPU_ReadMem(4 bytes @ 0x400E0A08) - Data: 00 00 00 00  returns 0x00 (0001ms, 30880ms total)
T39C8 7359:331 JLINK_IsHalted()  returns TRUE (0000ms, 30880ms total)
T39C8 7359:532 JLINK_IsHalted()  returns TRUE (0000ms, 30880ms total)
T39C8 7359:735 JLINK_IsHalted()  returns TRUE (0000ms, 30880ms total)
T39C8 7359:935 JLINK_IsHalted()  returns TRUE (0000ms, 30880ms total)
T39C8 7360:135 JLINK_IsHalted()  returns TRUE (0000ms, 30880ms total)
T415C 7360:268 JLINK_ReadMemHW(0x400E0A08, 0x0004 Bytes, ...) -- CPU_ReadMem(4 bytes @ 0x400E0A08) - Data: 00 00 00 00  returns 0x00 (0000ms, 30880ms total)
T415C 7360:269 JLINK_ReadMemHW(0x400E0A08, 0x0004 Bytes, ...) -- CPU_ReadMem(4 bytes @ 0x400E0A08) - Data: 00 00 00 00  returns 0x00 (0001ms, 30881ms total)
T415C 7360:271 JLINK_ReadMemHW(0x400E0A08, 0x0004 Bytes, ...) -- CPU_ReadMem(4 bytes @ 0x400E0A08) - Data: 00 00 00 00  returns 0x00 (0000ms, 30881ms total)
T415C 7360:278 JLINK_ReadMemHW(0x400E0A08, 0x0004 Bytes, ...) -- CPU_ReadMem(4 bytes @ 0x400E0A08) - Data: 00 00 00 00  returns 0x00 (0000ms, 30881ms total)
T415C 7360:295 JLINK_ReadMemHW(0x400E0A08, 0x0004 Bytes, ...) -- CPU_ReadMem(4 bytes @ 0x400E0A08) - Data: 00 00 00 00  returns 0x00 (0000ms, 30881ms total)
T39C8 7360:335 JLINK_IsHalted()  returns TRUE (0000ms, 30881ms total)
T415C 7360:362 JLINK_ReadMemHW(0x400E0A08, 0x0004 Bytes, ...) -- CPU_ReadMem(4 bytes @ 0x400E0A08) - Data: 00 00 00 00  returns 0x00 (0000ms, 30881ms total)
T39C8 7360:536 JLINK_IsHalted()  returns TRUE (0000ms, 30881ms total)
T415C 7360:618 JLINK_ReadMemHW(0x400E0A08, 0x0004 Bytes, ...) -- CPU_ReadMem(4 bytes @ 0x400E0A08) - Data: 00 00 00 00  returns 0x00 (0001ms, 30882ms total)
T39C8 7360:737 JLINK_IsHalted()  returns TRUE (0000ms, 30882ms total)
T39C8 7360:937 JLINK_IsHalted()  returns TRUE (0000ms, 30882ms total)
T39C8 7361:138 JLINK_IsHalted()  returns TRUE (0000ms, 30882ms total)
T39C8 7361:339 JLINK_IsHalted()  returns TRUE (0001ms, 30883ms total)
T39C8 7361:541 JLINK_IsHalted()  returns TRUE (0000ms, 30882ms total)
T415C 7361:622 JLINK_ReadMemHW(0x400E0A08, 0x0004 Bytes, ...) -- CPU_ReadMem(4 bytes @ 0x400E0A08) - Data: 00 00 00 00  returns 0x00 (0000ms, 30882ms total)
T415C 7361:622 JLINK_ReadMemHW(0x400E0A08, 0x0004 Bytes, ...) -- CPU_ReadMem(4 bytes @ 0x400E0A08) - Data: 00 00 00 00  returns 0x00 (0002ms, 30884ms total)
T415C 7361:625 JLINK_ReadMemHW(0x400E0A08, 0x0004 Bytes, ...) -- CPU_ReadMem(4 bytes @ 0x400E0A08) - Data: 00 00 00 00  returns 0x00 (0000ms, 30884ms total)
T415C 7361:629 JLINK_ReadMemHW(0x400E0A08, 0x0004 Bytes, ...) -- CPU_ReadMem(4 bytes @ 0x400E0A08) - Data: 00 00 00 00  returns 0x00 (0000ms, 30884ms total)
T415C 7361:646 JLINK_ReadMemHW(0x400E0A08, 0x0004 Bytes, ...) -- CPU_ReadMem(4 bytes @ 0x400E0A08) - Data: 00 00 00 00  returns 0x00 (0000ms, 30884ms total)
T415C 7361:713 JLINK_ReadMemHW(0x400E0A08, 0x0004 Bytes, ...) -- CPU_ReadMem(4 bytes @ 0x400E0A08) - Data: 00 00 00 00  returns 0x00 (0000ms, 30884ms total)
T39C8 7361:742 JLINK_IsHalted()  returns TRUE (0000ms, 30884ms total)
T39C8 7361:943 JLINK_IsHalted()  returns TRUE (0000ms, 30884ms total)
T415C 7361:970 JLINK_ReadMemHW(0x400E0A08, 0x0004 Bytes, ...) -- CPU_ReadMem(4 bytes @ 0x400E0A08) - Data: 00 00 00 00  returns 0x00 (0000ms, 30884ms total)
T39C8 7362:144 JLINK_IsHalted()  returns TRUE (0000ms, 30884ms total)
T39C8 7362:344 JLINK_IsHalted()  returns TRUE (0000ms, 30884ms total)
T39C8 7362:546 JLINK_IsHalted()  returns TRUE (0000ms, 30884ms total)
T39C8 7362:747 JLINK_IsHalted()  returns TRUE (0000ms, 30884ms total)
T39C8 7362:948 JLINK_IsHalted()  returns TRUE (0000ms, 30884ms total)
T415C 7362:971 JLINK_ReadMemHW(0x400E0A08, 0x0004 Bytes, ...) -- CPU_ReadMem(4 bytes @ 0x400E0A08) - Data: 00 00 00 00  returns 0x00 (0000ms, 30884ms total)
T415C 7362:971 JLINK_ReadMemHW(0x400E0A08, 0x0004 Bytes, ...) -- CPU_ReadMem(4 bytes @ 0x400E0A08) - Data: 00 00 00 00  returns 0x00 (0001ms, 30885ms total)
T415C 7362:976 JLINK_ReadMemHW(0x400E0A08, 0x0004 Bytes, ...) -- CPU_ReadMem(4 bytes @ 0x400E0A08) - Data: 00 00 00 00  returns 0x00 (0000ms, 30885ms total)
T415C 7362:981 JLINK_ReadMemHW(0x400E0A08, 0x0004 Bytes, ...) -- CPU_ReadMem(4 bytes @ 0x400E0A08) - Data: 00 00 00 00  returns 0x00 (0000ms, 30885ms total)
T415C 7362:997 JLINK_ReadMemHW(0x400E0A08, 0x0004 Bytes, ...) -- CPU_ReadMem(4 bytes @ 0x400E0A08) - Data: 00 00 00 00  returns 0x00 (0000ms, 30885ms total)
T415C 7363:062 JLINK_ReadMemHW(0x400E0A08, 0x0004 Bytes, ...) -- CPU_ReadMem(4 bytes @ 0x400E0A08) - Data: 00 00 00 00  returns 0x00 (0000ms, 30885ms total)
T39C8 7363:148 JLINK_IsHalted()  returns TRUE (0000ms, 30885ms total)
T415C 7363:319 JLINK_ReadMemHW(0x400E0A08, 0x0004 Bytes, ...) -- CPU_ReadMem(4 bytes @ 0x400E0A08) - Data: 00 00 00 00  returns 0x00 (0000ms, 30885ms total)
T39C8 7363:349 JLINK_IsHalted()  returns TRUE (0000ms, 30885ms total)
T39C8 7363:550 JLINK_IsHalted()  returns TRUE (0000ms, 30885ms total)
T39C8 7363:752 JLINK_IsHalted()  returns TRUE (0000ms, 30885ms total)
T39C8 7363:954 JLINK_IsHalted()  returns TRUE (0000ms, 30885ms total)
T39C8 7364:156 JLINK_IsHalted()  returns TRUE (0000ms, 30885ms total)
T415C 7364:320 JLINK_ReadMemHW(0x400E0A08, 0x0004 Bytes, ...) -- CPU_ReadMem(4 bytes @ 0x400E0A08) - Data: 01 00 00 00  returns 0x00 (0000ms, 30885ms total)
T39C8 7364:357 JLINK_IsHalted()  returns TRUE (0000ms, 30885ms total)
T415C 7364:358 JLINK_ResetPullsRESET(ON) (0000ms, 30885ms total)
T415C 7364:358 JLINK_ResetNoHalt() >0x2F8 JTAG>TotalIRLen = 4, IRPrint = 0x01 >0x30 JTAG> >0x30 JTAG>JTAG chain detection found 1 devices: #0 Id: 0x4BA00477, IRLen: 04, CoreSight JTAG-DPAP map detection skipped. Manually configured AP map found.AP[0]: AHB-AP (IDR: Not set) >0xB0 JTAG> >0x48 JTAG> >0x48 JTAG> >0x70 JTAG> >0x40 JTAG> >0x30 JTAG> >0x40 JTAG> >0x40 JTAG>AP[0]: Core foundAP[0]: AHB-AP ROM base: 0xE00FF000 >0x40 JTAG> >0x40 JTAG> >0x30 JTAG> >0x40 JTAG> >0x40 JTAG>
CPUID register: 0x410FC241. Implementer code: 0x41 (ARM)Found Cortex-M4 r0p1, Little endian. -- Max. mem block: 0x00001F48 -- CPU_ReadMem(4 bytes @ 0xE000EDF0) -- CPU_ReadMem(4 bytes @ 0xE0002000)FPUnit: 6 code (BP) slots and 2 literal slots -- CPU_ReadMem(4 bytes @ 0xE000EDFC) -- CPU_ReadMem(4 bytes @ 0xE0001000) -- CPU_ReadMem(4 bytes @ 0xE000ED88) -- CPU_WriteMem(4 bytes @ 0xE000ED88) -- CPU_ReadMem(4 bytes @ 0xE000ED88) -- CPU_WriteMem(4 bytes @ 0xE000ED88)CoreSight components:ROMTbl[0] @ E00FF000
 -- CPU_ReadMem(16 bytes @ 0xE00FF000) -- CPU_ReadMem(16 bytes @ 0xE000EFF0) -- CPU_ReadMem(16 bytes @ 0xE000EFE0)ROMTbl[0][0]: E000E000, CID: B105E00D, PID: 000BB00C SCS-M7 -- CPU_WriteMem(4 bytes @ 0xE0001000) -- CPU_ReadMem(16 bytes @ 0xE0001FF0) -- CPU_ReadMem(16 bytes @ 0xE0001FE0)ROMTbl[0][1]: E0001000, CID: B105E00D, PID: 003BB002 DWT -- CPU_ReadMem(16 bytes @ 0xE0002FF0) -- CPU_ReadMem(16 bytes @ 0xE0002FE0)ROMTbl[0][2]: E0002000, CID: B105E00D, PID: 002BB003 FPB
 -- CPU_ReadMem(16 bytes @ 0xE0000FF0) -- CPU_ReadMem(16 bytes @ 0xE0000FE0)ROMTbl[0][3]: E0000000, CID: B105E00D, PID: 003BB001 ITM -- CPU_ReadMem(16 bytes @ 0xE00FF010) -- CPU_ReadMem(16 bytes @ 0xE0040FF0) -- CPU_ReadMem(16 bytes @ 0xE0040FE0)ROMTbl[0][4]: E0040000, CID: B105900D, PID: 000BB9A1 TPIU
                JLINK_Reset() -- CPU_ReadMem(16 bytes @ 0x20000000) -- CPU_WriteMem(16 bytes @ 0x20000000) -- CPU_ReadMem(4 bytes @ 0xE000EDFC) -- CPU_WriteMem(4 bytes @ 0xE000EDFC) -- CPU_ReadMem(4 bytes @ 0xE0001000) -- CPU_WriteMem(4 bytes @ 0xE0001004) -- CPU_WriteMem(4 bytes @ 0xE000EDFC) -- CPU_WriteMem(16 bytes @ 0x20000000) -- CPU_WriteMem(4 bytes @ 0xE0002000) -- CPU_ReadMem(4 bytes @ 0xE000EDFC) -- CPU_ReadMem(4 bytes @ 0xE0001000) (0021ms, 0021ms total)
                JLINK_Go() -- CPU_ReadMem(4 bytes @ 0xE0001000) -- CPU_WriteMem(4 bytes @ 0xE0001004) (0001ms, 0022ms total)
               (0037ms, 30922ms total)
T415C 7364:396 JLINK_TIF_Select(JLINKARM_TIF_JTAG)  returns 0x00 (0000ms, 30922ms total)
T415C 7364:396 JLINK_ConfigJTAG(IRPre = 0, DRPre = 0) (0000ms, 30922ms total)
T415C 7364:396 JLINK_SetSpeed(6800) (0000ms, 30922ms total)
T415C 7364:396 JLINK_ResetPullsRESET(OFF) (0000ms, 30922ms total)
T415C 7364:396 JLINK_Connect() >0x2F8 JTAG>TotalIRLen = 4, IRPrint = 0x01 >0x30 JTAG> >0x30 JTAG>JTAG chain detection found 1 devices: #0 Id: 0x4BA00477, IRLen: 04, CoreSight JTAG-DPAP map detection skipped. Manually configured AP map found.AP[0]: AHB-AP (IDR: Not set) >0xB0 JTAG> >0x48 JTAG> >0x48 JTAG> >0x70 JTAG> >0x40 JTAG> >0x30 JTAG> >0x40 JTAG> >0x40 JTAG>AP[0]: Core foundAP[0]: AHB-AP ROM base: 0xE00FF000 >0x40 JTAG> >0x40 JTAG> >0x30 JTAG> >0x40 JTAG> >0x40 JTAG>
CPUID register: 0x410FC241. Implementer code: 0x41 (ARM)Found Cortex-M4 r0p1, Little endian. -- Max. mem block: 0x00001F48 -- CPU_ReadMem(4 bytes @ 0xE000EDF0) -- CPU_ReadMem(4 bytes @ 0xE0002000)FPUnit: 6 code (BP) slots and 2 literal slots -- CPU_ReadMem(4 bytes @ 0xE000EDFC) -- CPU_ReadMem(4 bytes @ 0xE0001000) -- CPU_WriteMem(4 bytes @ 0xE0001000) -- CPU_ReadMem(4 bytes @ 0xE000ED88) -- CPU_WriteMem(4 bytes @ 0xE000ED88) -- CPU_ReadMem(4 bytes @ 0xE000ED88) -- CPU_WriteMem(4 bytes @ 0xE000ED88)
CoreSight components:ROMTbl[0] @ E00FF000 -- CPU_ReadMem(16 bytes @ 0xE00FF000) -- CPU_ReadMem(16 bytes @ 0xE000EFF0) -- CPU_ReadMem(16 bytes @ 0xE000EFE0)ROMTbl[0][0]: E000E000, CID: B105E00D, PID: 000BB00C SCS-M7 -- CPU_ReadMem(16 bytes @ 0xE0001FF0) -- CPU_ReadMem(16 bytes @ 0xE0001FE0)ROMTbl[0][1]: E0001000, CID: B105E00D, PID: 003BB002 DWT -- CPU_ReadMem(16 bytes @ 0xE0002FF0) -- CPU_ReadMem(16 bytes @ 0xE0002FE0)ROMTbl[0][2]: E0002000, CID: B105E00D, PID: 002BB003 FPB
 -- CPU_ReadMem(16 bytes @ 0xE0000FF0) -- CPU_ReadMem(16 bytes @ 0xE0000FE0)ROMTbl[0][3]: E0000000, CID: B105E00D, PID: 003BB001 ITM -- CPU_ReadMem(16 bytes @ 0xE00FF010) -- CPU_ReadMem(16 bytes @ 0xE0040FF0) -- CPU_ReadMem(16 bytes @ 0xE0040FE0)ROMTbl[0][4]: E0040000, CID: B105900D, PID: 000BB9A1 TPIU  returns 0x00 (0013ms, 30935ms total)
T415C 7364:409 JLINK_Halt()  returns 0x00 (0003ms, 30938ms total)
T415C 7364:412 JLINK_BeginDownload(Flags = 0x00) (0000ms, 30938ms total)
T415C 7364:412 JLINK_WriteMem(0x400E0A04, 0x0004 Bytes, ...) - Data: 0B 01 00 5A -- CPU_WriteMem(4 bytes @ 0x400E0A04)  returns 0x04 (0001ms, 30939ms total)
T415C 7364:413 JLINK_EndDownload()  returns 0x00 (0000ms, 30939ms total)
T415C 7364:413 JLINK_ReadMemHW(0x400E0A08, 0x0004 Bytes, ...) -- CPU_ReadMem(4 bytes @ 0x400E0A08) - Data: 01 00 00 00  returns 0x00 (0000ms, 30939ms total)
T415C 7364:413 JLINK_SetResetType(JLINKARM_CM3_RESET_TYPE_NORMAL)  returns JLINKARM_CM3_RESET_TYPE_NORMAL (0000ms, 30939ms total)
T415C 7364:413 JLINK_Reset() -- CPU_ReadMem(16 bytes @ 0x20000000) -- CPU_WriteMem(16 bytes @ 0x20000000) -- CPU_ReadMem(4 bytes @ 0xE000EDFC) -- CPU_WriteMem(4 bytes @ 0xE000EDFC) -- CPU_ReadMem(4 bytes @ 0xE0001000) -- CPU_WriteMem(4 bytes @ 0xE000EDFC) -- CPU_WriteMem(16 bytes @ 0x20000000) -- CPU_WriteMem(4 bytes @ 0xE0002000) -- CPU_ReadMem(4 bytes @ 0xE000EDFC) -- CPU_ReadMem(4 bytes @ 0xE0001000) (0021ms, 30960ms total)
T415C 7364:436 JLINK_JTAG_GetDeviceID(DeviceIndex = 0)  returns 0x4BA00477 (0000ms, 30960ms total)
T415C 7364:436 JLINK_ReadMemU32(0x400E0740, 0x0001 Items, ...) -- CPU_ReadMem(4 bytes @ 0x400E0740) - Data: E0 0C CC A3  returns 1 (0000ms, 30960ms total)
T415C 7364:436 JLINK_ReadMemU32(0x400E0744, 0x0001 Items, ...) -- CPU_ReadMem(4 bytes @ 0x400E0744) - Data: 00 02 12 00  returns 1 (0001ms, 30961ms total)
T413C 7364:445 JLINK_IsHalted()  returns TRUE (0000ms, 30961ms total)
T413C 7364:445 JLINK_GetMOEs(...) -- CPU_ReadMem(4 bytes @ 0xE000ED30)  returns 0x01 (0000ms, 30961ms total)
T415C 7364:445 JLINK_BeginDownload(Flags = 0x00) (0000ms, 30961ms total)
T413C 7364:445 JLINK_ReadReg(R15 (PC))  returns 0xFFFFFFFE (0000ms, 30961ms total)
T415C 7364:445 JLINK_WriteMem(0x00400000, 0x1D90 Bytes, ...) - Data: A0 39 00 20 DD 09 40 00 DB 09 40 00 DB 09 40 00 ... -- Read from flash cache (7568 bytes @ 0x00400000)  returns 0x1D90 (0001ms, 30962ms total)
T415C 7364:446 JLINK_WriteMem(0x00401D90, 0x0854 Bytes, ...) - Data: BF F3 5F 8F 01 38 FB D1 70 47 01 00 00 09 3D 00 ... -- Read from flash cache (2132 bytes @ 0x00401D90)  returns 0x854 (0000ms, 30962ms total)
T415C 7364:448 JLINK_EndDownload()Old firmware which does not support pausing periodic actions during flash download -- CPU_ReadMem(4 bytes @ 0xE000ED90) -- CPU_ReadMem(4 bytes @ 0xE000ED94) -- -------------------------------------- -- Start of determining dirty areas in flash cache -- End of determining dirty areas -- Start of preparing flash programming -- Calculating RAM usage -- RAM usage = 2860 Bytes -- Preserving CPU registers -- Preparing memory -- Preparing target -- Downloading RAMCode
 -- Checking target RAM -- Preparing RAMCode -- End of preparing flash programming -- CPU is running at 90000 kHz. -- Start of comparing flash -- CRC check was estimated as fastest method -- Comparing range 0x400000 - 0x402FFF (3 Sectors, 12 KB), using multi-block CRC calculation -- CRC does not match for sectors 0-2 -- End of comparing flash -- Start of erasing sectors -- End of erasing sectors -- Start of flash programming -- Programming range 0x00400000 - 0x00402FFF (  3 Sectors, 12 KB)
 -- End of flash programming -- 0x400000 - 0x402FFF (  3 Sectors, 12 KB) -- Start of verifying flash -- Checksum calculation was estimated as fastest method -- End of verifying flash -- Start of restoring -- Restoring RAMCode -- Restore target -- Restore memory -- Restoring CPU registers -- End of restoring -- Bank 0 @ 0x00400000: 1 range affected (12288 bytes) -- Total time needed: 0.281s (Prepare: 0.177s, Compare: 0.002s, Erase: 0.000s, Program: 0.046s, Verify: 0.000s, Restore: 0.054s)  returns 0x3000
 (0286ms, 31248ms total)
T415C 7364:734 JLINK_SetResetType(JLINKARM_CM3_RESET_TYPE_NORMAL)  returns JLINKARM_CM3_RESET_TYPE_NORMAL (0000ms, 31248ms total)
T415C 7364:734 JLINK_Reset() -- CPU_ReadMem(16 bytes @ 0x20000000) -- CPU_WriteMem(16 bytes @ 0x20000000) -- CPU_ReadMem(4 bytes @ 0xE000EDFC) -- CPU_WriteMem(4 bytes @ 0xE000EDFC) -- CPU_ReadMem(4 bytes @ 0xE0001000) -- CPU_WriteMem(4 bytes @ 0xE000EDFC) -- CPU_WriteMem(16 bytes @ 0x20000000) -- CPU_WriteMem(4 bytes @ 0xE0002000) -- CPU_ReadMem(4 bytes @ 0xE000EDFC) -- CPU_ReadMem(4 bytes @ 0xE0001000) (0023ms, 31271ms total)
T413C 7364:848 JLINK_IsHalted()  returns TRUE (0000ms, 31271ms total)
T3844 7364:863 JLINK_Halt()  returns 0x00 (0000ms, 31271ms total)
T3844 7364:863 JLINK_ReadReg(R15 (PC))  returns 0x004009DC (0000ms, 31271ms total)
T3844 7364:863 JLINK_ReadReg(R13 (SP))  returns 0x200039A0 (0000ms, 31271ms total)
T3844 7364:867 JLINK_ReadMemHW(0x004009DC, 0x0004 Bytes, ...) -- CPU_ReadMem(4 bytes @ 0x004009DC) - Data: 00 B5 83 B0  returns 0x00 (0001ms, 31272ms total)
T3844 7364:868 JLINK_ReadReg(R0)  returns 0x00000000 (0000ms, 31272ms total)
T3844 7364:868 JLINK_ReadReg(R1)  returns 0x00000000 (0000ms, 31272ms total)
T3844 7364:868 JLINK_ReadReg(R2)  returns 0x00000000 (0000ms, 31272ms total)
T3844 7364:868 JLINK_ReadReg(R3)  returns 0x00000000 (0000ms, 31272ms total)
T3844 7364:868 JLINK_ReadReg(R4)  returns 0x00000000 (0000ms, 31272ms total)
T3844 7364:868 JLINK_ReadReg(R5)  returns 0x00000000 (0000ms, 31272ms total)
T3844 7364:868 JLINK_ReadReg(R6)  returns 0x00000000 (0000ms, 31272ms total)
T3844 7364:868 JLINK_ReadReg(R7)  returns 0x00000000 (0000ms, 31272ms total)
T3844 7364:868 JLINK_ReadReg(R8)  returns 0x00000000 (0000ms, 31272ms total)
T3844 7364:868 JLINK_ReadReg(R9)  returns 0x00000000 (0000ms, 31272ms total)
T3844 7364:868 JLINK_ReadReg(R10)  returns 0x00000000 (0000ms, 31272ms total)
T3844 7364:868 JLINK_ReadReg(R11)  returns 0x00000000 (0000ms, 31272ms total)
T3844 7364:868 JLINK_ReadReg(R12)  returns 0x00000000 (0000ms, 31272ms total)
T3844 7364:868 JLINK_ReadReg(R13 (SP))  returns 0x200039A0 (0000ms, 31272ms total)
T3844 7364:868 JLINK_ReadReg(R14)  returns 0xFFFFFFFF (0000ms, 31272ms total)
T3844 7364:868 JLINK_ReadReg(R15 (PC))  returns 0x004009DC (0000ms, 31272ms total)
T3844 7364:868 JLINK_ReadReg(XPSR)  returns 0x01000000 (0000ms, 31272ms total)
T3844 7364:868 JLINK_ReadReg(MSP)  returns 0x200039A0 (0000ms, 31272ms total)
T3844 7364:868 JLINK_ReadReg(PSP)  returns 0x00000000 (0000ms, 31272ms total)
T3844 7364:868 JLINK_ReadReg(PRIMASK)  returns 0x00000000 (0000ms, 31272ms total)
T3844 7364:868 JLINK_ReadReg(BASEPRI)  returns 0x00000000 (0000ms, 31272ms total)
T3844 7364:868 JLINK_ReadReg(FAULTMASK)  returns 0x00000000 (0000ms, 31272ms total)
T3844 7364:868 JLINK_ReadReg(CONTROL)  returns 0x00000000 (0000ms, 31272ms total)
T3844 7364:868 JLINK_ReadReg(FPSCR)  returns 0x00000000 (0004ms, 31276ms total)
T3844 7364:872 JLINK_ReadReg(FPS0)  returns 0x00000000 (0000ms, 31276ms total)
T3844 7364:872 JLINK_ReadReg(FPS1)  returns 0x00000000 (0000ms, 31276ms total)
T3844 7364:872 JLINK_ReadReg(FPS2)  returns 0x00000000 (0000ms, 31276ms total)
T3844 7364:872 JLINK_ReadReg(FPS3)  returns 0x00000000 (0000ms, 31276ms total)
T3844 7364:872 JLINK_ReadReg(FPS4)  returns 0x00000000 (0001ms, 31277ms total)
T3844 7364:873 JLINK_ReadReg(FPS5)  returns 0x00000000 (0000ms, 31277ms total)
T3844 7364:873 JLINK_ReadReg(FPS6)  returns 0x00000000 (0000ms, 31277ms total)
T3844 7364:873 JLINK_ReadReg(FPS7)  returns 0x00000000 (0000ms, 31277ms total)
T3844 7364:873 JLINK_ReadReg(FPS8)  returns 0x00000000 (0000ms, 31277ms total)
T3844 7364:873 JLINK_ReadReg(FPS9)  returns 0x00000000 (0000ms, 31277ms total)
T3844 7364:873 JLINK_ReadReg(FPS10)  returns 0x00000000 (0000ms, 31277ms total)
T3844 7364:873 JLINK_ReadReg(FPS11)  returns 0x00000000 (0000ms, 31277ms total)
T3844 7364:873 JLINK_ReadReg(FPS12)  returns 0x00000000 (0000ms, 31277ms total)
T3844 7364:873 JLINK_ReadReg(FPS13)  returns 0x00000000 (0000ms, 31277ms total)
T3844 7364:873 JLINK_ReadReg(FPS14)  returns 0x00000000 (0000ms, 31277ms total)
T3844 7364:873 JLINK_ReadReg(FPS15)  returns 0x00000000 (0000ms, 31277ms total)
T3844 7364:873 JLINK_ReadReg(FPS16)  returns 0x00000000 (0000ms, 31277ms total)
T3844 7364:873 JLINK_ReadReg(FPS17)  returns 0x00000000 (0000ms, 31277ms total)
T3844 7364:873 JLINK_ReadReg(FPS18)  returns 0x00000000 (0000ms, 31277ms total)
T3844 7364:873 JLINK_ReadReg(FPS19)  returns 0x00000000 (0000ms, 31277ms total)
T3844 7364:873 JLINK_ReadReg(FPS20)  returns 0x00000000 (0000ms, 31277ms total)
T3844 7364:873 JLINK_ReadReg(FPS21)  returns 0x00000000 (0000ms, 31277ms total)
T3844 7364:873 JLINK_ReadReg(FPS22)  returns 0x00000000 (0000ms, 31277ms total)
T3844 7364:873 JLINK_ReadReg(FPS23)  returns 0x00000000 (0000ms, 31277ms total)
T3844 7364:873 JLINK_ReadReg(FPS24)  returns 0x00000000 (0000ms, 31277ms total)
T3844 7364:873 JLINK_ReadReg(FPS25)  returns 0x00000000 (0000ms, 31277ms total)
T3844 7364:873 JLINK_ReadReg(FPS26)  returns 0x00000000 (0000ms, 31277ms total)
T3844 7364:873 JLINK_ReadReg(FPS27)  returns 0x00000000 (0000ms, 31277ms total)
T3844 7364:873 JLINK_ReadReg(FPS28)  returns 0x00000000 (0000ms, 31277ms total)
T3844 7364:873 JLINK_ReadReg(FPS29)  returns 0x00000000 (0000ms, 31277ms total)
T3844 7364:873 JLINK_ReadReg(FPS30)  returns 0x00000000 (0000ms, 31277ms total)
T3844 7364:873 JLINK_ReadReg(FPS31)  returns 0x00000000 (0000ms, 31277ms total)
T3844 7364:874 JLINK_ReadMemHW(0x004009DC, 0x0002 Bytes, ...) -- CPU_ReadMem(2 bytes @ 0x004009DC) - Data: 00 B5  returns 0x00 (0001ms, 31278ms total)
T3844 7364:898 JLINK_ReadReg(R0)  returns 0x00000000 (0001ms, 31279ms total)
T3844 7364:899 JLINK_ReadReg(R1)  returns 0x00000000 (0000ms, 31279ms total)
T3844 7364:899 JLINK_ReadReg(R2)  returns 0x00000000 (0000ms, 31279ms total)
T3844 7364:899 JLINK_ReadReg(R3)  returns 0x00000000 (0000ms, 31279ms total)
T3844 7364:899 JLINK_ReadReg(R4)  returns 0x00000000 (0000ms, 31279ms total)
T3844 7364:899 JLINK_ReadReg(R5)  returns 0x00000000 (0000ms, 31279ms total)
T3844 7364:899 JLINK_ReadReg(R6)  returns 0x00000000 (0000ms, 31279ms total)
T3844 7364:899 JLINK_ReadReg(R7)  returns 0x00000000 (0000ms, 31279ms total)
T3844 7364:899 JLINK_ReadReg(R8)  returns 0x00000000 (0000ms, 31279ms total)
T3844 7364:899 JLINK_ReadReg(R9)  returns 0x00000000 (0000ms, 31279ms total)
T3844 7364:899 JLINK_ReadReg(R10)  returns 0x00000000 (0000ms, 31279ms total)
T3844 7364:899 JLINK_ReadReg(R11)  returns 0x00000000 (0000ms, 31279ms total)
T3844 7364:899 JLINK_ReadReg(R12)  returns 0x00000000 (0000ms, 31279ms total)
T3844 7364:899 JLINK_ReadReg(R13 (SP))  returns 0x200039A0 (0000ms, 31279ms total)
T3844 7364:899 JLINK_ReadReg(R14)  returns 0xFFFFFFFF (0000ms, 31279ms total)
T3844 7364:899 JLINK_ReadReg(R15 (PC))  returns 0x004009DC (0000ms, 31279ms total)
T3844 7364:899 JLINK_ReadReg(XPSR)  returns 0x01000000 (0000ms, 31279ms total)
T3844 7364:899 JLINK_ReadReg(MSP)  returns 0x200039A0 (0000ms, 31279ms total)
T3844 7364:899 JLINK_ReadReg(PSP)  returns 0x00000000 (0000ms, 31279ms total)
T3844 7364:899 JLINK_ReadReg(PRIMASK)  returns 0x00000000 (0000ms, 31279ms total)
T3844 7364:899 JLINK_ReadReg(BASEPRI)  returns 0x00000000 (0000ms, 31279ms total)
T3844 7364:899 JLINK_ReadReg(FAULTMASK)  returns 0x00000000 (0000ms, 31279ms total)
T3844 7364:899 JLINK_ReadReg(CONTROL)  returns 0x00000000 (0000ms, 31279ms total)
T3844 7364:899 JLINK_ReadReg(FPSCR)  returns 0x00000000 (0000ms, 31279ms total)
T3844 7364:899 JLINK_ReadReg(FPS0)  returns 0x00000000 (0000ms, 31279ms total)
T3844 7364:899 JLINK_ReadReg(FPS1)  returns 0x00000000 (0000ms, 31279ms total)
T3844 7364:899 JLINK_ReadReg(FPS2)  returns 0x00000000 (0000ms, 31279ms total)
T3844 7364:899 JLINK_ReadReg(FPS3)  returns 0x00000000 (0000ms, 31279ms total)
T3844 7364:899 JLINK_ReadReg(FPS4)  returns 0x00000000 (0000ms, 31279ms total)
T3844 7364:899 JLINK_ReadReg(FPS5)  returns 0x00000000 (0000ms, 31279ms total)
T3844 7364:899 JLINK_ReadReg(FPS6)  returns 0x00000000 (0000ms, 31279ms total)
T3844 7364:899 JLINK_ReadReg(FPS7)  returns 0x00000000 (0000ms, 31279ms total)
T3844 7364:899 JLINK_ReadReg(FPS8)  returns 0x00000000 (0000ms, 31279ms total)
T3844 7364:899 JLINK_ReadReg(FPS9)  returns 0x00000000 (0000ms, 31279ms total)
T3844 7364:899 JLINK_ReadReg(FPS10)  returns 0x00000000 (0000ms, 31279ms total)
T3844 7364:900 JLINK_ReadReg(FPS11)  returns 0x00000000 (0000ms, 31280ms total)
T3844 7364:900 JLINK_ReadReg(FPS12)  returns 0x00000000 (0000ms, 31280ms total)
T3844 7364:900 JLINK_ReadReg(FPS13)  returns 0x00000000 (0000ms, 31280ms total)
T3844 7364:900 JLINK_ReadReg(FPS14)  returns 0x00000000 (0000ms, 31280ms total)
T3844 7364:900 JLINK_ReadReg(FPS15)  returns 0x00000000 (0000ms, 31280ms total)
T3844 7364:900 JLINK_ReadReg(FPS16)  returns 0x00000000 (0000ms, 31280ms total)
T3844 7364:900 JLINK_ReadReg(FPS17)  returns 0x00000000 (0000ms, 31280ms total)
T3844 7364:900 JLINK_ReadReg(FPS18)  returns 0x00000000 (0000ms, 31280ms total)
T3844 7364:900 JLINK_ReadReg(FPS19)  returns 0x00000000 (0000ms, 31280ms total)
T3844 7364:900 JLINK_ReadReg(FPS20)  returns 0x00000000 (0000ms, 31280ms total)
T3844 7364:900 JLINK_ReadReg(FPS21)  returns 0x00000000 (0000ms, 31280ms total)
T3844 7364:900 JLINK_ReadReg(FPS22)  returns 0x00000000 (0000ms, 31280ms total)
T3844 7364:900 JLINK_ReadReg(FPS23)  returns 0x00000000 (0000ms, 31280ms total)
T3844 7364:900 JLINK_ReadReg(FPS24)  returns 0x00000000 (0000ms, 31280ms total)
T3844 7364:900 JLINK_ReadReg(FPS25)  returns 0x00000000 (0000ms, 31280ms total)
T3844 7364:900 JLINK_ReadReg(FPS26)  returns 0x00000000 (0000ms, 31280ms total)
T3844 7364:900 JLINK_ReadReg(FPS27)  returns 0x00000000 (0000ms, 31280ms total)
T3844 7364:900 JLINK_ReadReg(FPS28)  returns 0x00000000 (0000ms, 31280ms total)
T3844 7364:900 JLINK_ReadReg(FPS29)  returns 0x00000000 (0000ms, 31280ms total)
T3844 7364:900 JLINK_ReadReg(FPS30)  returns 0x00000000 (0000ms, 31280ms total)
T3844 7364:900 JLINK_ReadReg(FPS31)  returns 0x00000000 (0000ms, 31280ms total)
T3844 7364:909 JLINK_ReadMemHW(0x004009DC, 0x0004 Bytes, ...) -- CPU_ReadMem(4 bytes @ 0x004009DC) - Data: 00 B5 83 B0  returns 0x00 (0000ms, 31280ms total)
T3844 7364:934 JLINK_ReadMemHW(0x00400270, 0x0002 Bytes, ...) -- CPU_ReadMem(2 bytes @ 0x00400270) - Data: 2D 4B  returns 0x00 (0001ms, 31281ms total)
T3844 7364:935 JLINK_ReadMemHW(0x00400328, 0x0004 Bytes, ...) -- CPU_ReadMem(4 bytes @ 0x00400328) - Data: 85 03 40 00  returns 0x00 (0001ms, 31282ms total)
T3844 7364:936 JLINK_ReadMemHW(0x00400310, 0x0002 Bytes, ...) -- CPU_ReadMem(2 bytes @ 0x00400310) - Data: 19 4D  returns 0x00 (0001ms, 31283ms total)
T415C 7364:954 JLINK_GetNumBPUnits(Type = 0xFFFFFF02)  returns 0x06 (0000ms, 31283ms total)
T415C 7364:954 JLINK_SetBPEx(Addr = 0x00400310, Type = 0xFFFFFFF2)  returns 0x00000001 (0000ms, 31283ms total)
T415C 7364:954 JLINK_GetBPInfo(BPHandle = 1)  returns 0x00 (0000ms, 31283ms total)
T3844 7364:966 JLINK_SetResetType(JLINKARM_CM3_RESET_TYPE_NORMAL)  returns JLINKARM_CM3_RESET_TYPE_NORMAL (0000ms, 31283ms total)
T3844 7364:966 JLINK_Reset() -- CPU_ReadMem(16 bytes @ 0x20000000) -- CPU_WriteMem(16 bytes @ 0x20000000) -- CPU_ReadMem(4 bytes @ 0xE000EDFC) -- CPU_WriteMem(4 bytes @ 0xE000EDFC) -- CPU_ReadMem(4 bytes @ 0xE0001000) -- CPU_WriteMem(4 bytes @ 0xE0001004) -- CPU_WriteMem(4 bytes @ 0xE000EDFC) -- CPU_WriteMem(16 bytes @ 0x20000000) -- CPU_WriteMem(4 bytes @ 0xE0002000) -- CPU_ReadMem(4 bytes @ 0xE000EDFC) -- CPU_ReadMem(4 bytes @ 0xE0001000) (0021ms, 31304ms total)
T413C 7364:987 JLINK_IsHalted()  returns TRUE (0000ms, 31304ms total)
T413C 7364:987 JLINK_GetMOEs(...) -- CPU_ReadMem(4 bytes @ 0xE000ED30)  returns 0x01 (0001ms, 31305ms total)
T413C 7364:988 JLINK_ReadReg(R15 (PC))  returns 0x004009DC (0000ms, 31305ms total)
T3844 7364:997 JLINK_ReadReg(R15 (PC))  returns 0x004009DC (0000ms, 31305ms total)
T3844 7364:997 JLINK_ReadReg(R13 (SP))  returns 0x200039A0 (0000ms, 31305ms total)
T3844 7364:997 JLINK_ReadMemHW(0x004009DC, 0x0004 Bytes, ...) -- CPU_ReadMem(4 bytes @ 0x004009DC) - Data: 00 B5 83 B0  returns 0x00 (0001ms, 31306ms total)
T3844 7365:044 JLINK_ReadMemHW(0x0040026C, 0x0001 Bytes, ...) -- CPU_ReadMem(1 bytes @ 0x0040026C) - Data: 00  returns 0x00 (0001ms, 31307ms total)
T3844 7365:075 JLINK_ReadReg(R15 (PC))  returns 0x004009DC (0000ms, 31307ms total)
T3844 7365:075 JLINK_SetBPEx(Addr = 0x0040026C, Type = 0xFFFFFFF2)  returns 0x00000002 (0000ms, 31307ms total)
T3844 7365:075 JLINK_GetBPInfo(BPHandle = 2)  returns 0x00 (0000ms, 31307ms total)
T3844 7365:076 JLINK_Go() -- CPU_ReadMem(4 bytes @ 0xE0001000) -- CPU_WriteMem(4 bytes @ 0xE000ED30) -- CPU_WriteMem(4 bytes @ 0xE0002008) -- CPU_WriteMem(4 bytes @ 0xE000200C) -- CPU_WriteMem(4 bytes @ 0xE0002010) -- CPU_WriteMem(4 bytes @ 0xE0002014) -- CPU_WriteMem(4 bytes @ 0xE0002018) -- CPU_WriteMem(4 bytes @ 0xE000201C) -- CPU_WriteMem(4 bytes @ 0xE0001004) (0003ms, 31310ms total)
T413C 7365:079 JLINK_IsHalted()  returns FALSE (0000ms, 31310ms total)
T413C 7365:100 JLINK_IsHalted()  returns TRUE (0003ms, 31313ms total)
T413C 7365:103 JLINK_GetMOEs(...) -- CPU_ReadMem(4 bytes @ 0xE000ED30)  returns 0x01 (0000ms, 31310ms total)
T413C 7365:103 JLINK_ReadReg(R15 (PC))  returns 0x0040026C (0000ms, 31310ms total)
T3844 7365:110 JLINK_ReadReg(R15 (PC))  returns 0x0040026C (0000ms, 31310ms total)
T3844 7365:110 JLINK_ReadReg(R13 (SP))  returns 0x20003990 (0000ms, 31310ms total)
T3844 7365:110 JLINK_ReadMemHW(0x0040026C, 0x0004 Bytes, ...) -- CPU_ReadMem(4 bytes @ 0x0040026C) - Data: 00 B5 8D B0  returns 0x00 (0000ms, 31310ms total)
T3844 7365:123 JLINK_WriteU32(0xE000EDFC, 0x01000000) -- CPU_WriteMem(4 bytes @ 0xE000EDFC)  returns 0 (0000ms, 31310ms total)
T3844 7365:123 JLINK_ReadMem (0xE0001000, 0x0004 Bytes, ...) -- CPU_ReadMem(4 bytes @ 0xE0001000) - Data: 01 00 00 40  returns 0x00 (0001ms, 31311ms total)
T3844 7365:124 JLINK_WriteU32(0xE0001000, 0x40000001)  returns 0 (0000ms, 31311ms total)
T3844 7365:124 JLINK_WriteU32(0xE0001028, 0x00000100)  returns 0 (0000ms, 31311ms total)
T3844 7365:124 JLINK_ReadMem (0xE0001028, 0x0004 Bytes, ...) -- CPU_WriteMem(4 bytes @ 0xE0001028) -- CPU_ReadMem(4 bytes @ 0xE0001028) - Data: 00 00 00 00  returns 0x00 (0001ms, 31312ms total)
T3844 7365:125 JLINK_WriteU32(0xE0001024, 0x0000001F)  returns 0 (0000ms, 31312ms total)
T3844 7365:125 JLINK_ReadMem (0xE0001024, 0x0004 Bytes, ...) -- CPU_WriteMem(4 bytes @ 0xE0001024) -- CPU_ReadMem(4 bytes @ 0xE0001024) - Data: 0F 00 00 00  returns 0x00 (0001ms, 31313ms total)
T3844 7365:126 JLINK_WriteU32(0xE0001038, 0x00000100)  returns 0 (0000ms, 31313ms total)
T3844 7365:126 JLINK_ReadMem (0xE0001038, 0x0004 Bytes, ...) -- CPU_WriteMem(4 bytes @ 0xE0001038) -- CPU_ReadMem(4 bytes @ 0xE0001038) - Data: 00 03 00 00  returns 0x00 (0001ms, 31314ms total)
T3844 7365:127 JLINK_WriteU32(0xE0001034, 0x0000001F)  returns 0 (0000ms, 31314ms total)
T3844 7365:127 JLINK_ReadMem (0xE0001034, 0x0004 Bytes, ...) -- CPU_WriteMem(4 bytes @ 0xE0001034) -- CPU_ReadMem(4 bytes @ 0xE0001034) - Data: 0F 00 00 00  returns 0x00 (0001ms, 31315ms total)
T3844 7365:128 JLINK_WriteU32(0xE0001048, 0x00000100)  returns 0 (0000ms, 31315ms total)
T3844 7365:128 JLINK_ReadMem (0xE0001048, 0x0004 Bytes, ...) -- CPU_WriteMem(4 bytes @ 0xE0001048) -- CPU_ReadMem(4 bytes @ 0xE0001048) - Data: 00 00 00 00  returns 0x00 (0000ms, 31315ms total)
T3844 7365:128 JLINK_WriteU32(0xE0001044, 0x0000001F)  returns 0 (0000ms, 31315ms total)
T3844 7365:128 JLINK_ReadMem (0xE0001044, 0x0004 Bytes, ...) -- CPU_WriteMem(4 bytes @ 0xE0001044) -- CPU_ReadMem(4 bytes @ 0xE0001044) - Data: 0F 00 00 00  returns 0x00 (0001ms, 31316ms total)
T3844 7365:129 JLINK_WriteU32(0xE0001058, 0x00000100)  returns 0 (0000ms, 31316ms total)
T3844 7365:129 JLINK_ReadMem (0xE0001058, 0x0004 Bytes, ...) -- CPU_WriteMem(4 bytes @ 0xE0001058) -- CPU_ReadMem(4 bytes @ 0xE0001058) - Data: 00 00 00 00  returns 0x00 (0001ms, 31317ms total)
T3844 7365:130 JLINK_WriteU32(0xE0001054, 0x0000001F)  returns 0 (0000ms, 31317ms total)
T3844 7365:130 JLINK_ReadMem (0xE0001054, 0x0004 Bytes, ...) -- CPU_WriteMem(4 bytes @ 0xE0001054) -- CPU_ReadMem(4 bytes @ 0xE0001054) - Data: 0F 00 00 00  returns 0x00 (0001ms, 31318ms total)
T3844 7365:131 JLINK_WriteU32(0xE0001020, 0x00000000)  returns 0 (0000ms, 31318ms total)
T3844 7365:131 JLINK_WriteU32(0xE0001024, 0x00000000)  returns 0 (0000ms, 31318ms total)
T3844 7365:131 JLINK_WriteU32(0xE0001028, 0x00000000)  returns 0 (0000ms, 31318ms total)
T3844 7365:131 JLINK_WriteU32(0xE0001030, 0x00000000)  returns 0 (0000ms, 31318ms total)
T3844 7365:131 JLINK_WriteU32(0xE0001034, 0x00000000)  returns 0 (0000ms, 31318ms total)
T3844 7365:131 JLINK_WriteU32(0xE0001038, 0x00000000)  returns 0 (0000ms, 31318ms total)
T3844 7365:131 JLINK_WriteU32(0xE0001040, 0x00000000)  returns 0 (0000ms, 31318ms total)
T3844 7365:131 JLINK_WriteU32(0xE0001044, 0x00000000)  returns 0 (0000ms, 31318ms total)
T3844 7365:131 JLINK_WriteU32(0xE0001048, 0x00000000)  returns 0 (0000ms, 31318ms total)
T3844 7365:131 JLINK_WriteU32(0xE0001050, 0x00000000)  returns 0 (0000ms, 31318ms total)
T3844 7365:131 JLINK_WriteU32(0xE0001054, 0x00000000)  returns 0 (0000ms, 31318ms total)
T3844 7365:131 JLINK_WriteU32(0xE0001058, 0x00000000)  returns 0 (0000ms, 31318ms total)
T3844 7365:131 JLINK_GetBPInfo(BPHandle = 2)  returns 0x00 (0000ms, 31318ms total)
T3844 7365:131 JLINK_ClrBPEx(BPHandle = 0x00000002)  returns 0x00 (0000ms, 31318ms total)
T3844 7365:131 JLINK_ReadReg(R15 (PC))  returns 0x0040026C (0000ms, 31318ms total)
T3844 7365:131 JLINK_Go() -- CPU_WriteMem(4 bytes @ 0xE0001000) -- CPU_ReadMem(4 bytes @ 0xE0001000) -- CPU_WriteMem(4 bytes @ 0xE000ED30) -- CPU_WriteMem(4 bytes @ 0xE0001020) -- CPU_WriteMem(4 bytes @ 0xE0001030) -- CPU_WriteMem(4 bytes @ 0xE0001040) -- CPU_WriteMem(4 bytes @ 0xE0001050) -- CPU_WriteMem(4 bytes @ 0xE0001024) -- CPU_WriteMem(4 bytes @ 0xE0001034) -- CPU_WriteMem(4 bytes @ 0xE0001044) -- CPU_WriteMem(4 bytes @ 0xE0001054) -- CPU_WriteMem(4 bytes @ 0xE0001028)
 -- CPU_WriteMem(4 bytes @ 0xE0001038) -- CPU_WriteMem(4 bytes @ 0xE0001048) -- CPU_WriteMem(4 bytes @ 0xE0001058) -- CPU_WriteMem(4 bytes @ 0xE000200C) (0005ms, 31323ms total)
T413C 7365:136 JLINK_IsHalted()  returns FALSE (0000ms, 31323ms total)
T413C 7365:176 JLINK_IsHalted()  returns TRUE (0003ms, 31326ms total)
T413C 7365:179 JLINK_GetMOEs(...) -- CPU_ReadMem(4 bytes @ 0xE000ED30)  returns 0x01 (0001ms, 31324ms total)
T413C 7365:180 JLINK_ReadReg(R15 (PC))  returns 0x00400310 (0000ms, 31324ms total)
T3844 7365:186 JLINK_ReadReg(R15 (PC))  returns 0x00400310 (0000ms, 31324ms total)
T3844 7365:186 JLINK_ReadReg(R13 (SP))  returns 0x20003958 (0000ms, 31324ms total)
T3844 7365:186 JLINK_ReadMemHW(0x00400310, 0x0004 Bytes, ...) -- CPU_ReadMem(4 bytes @ 0x00400310) - Data: 19 4D 26 60  returns 0x00 (0002ms, 31326ms total)
T413C 7365:380 JLINK_IsHalted()  returns TRUE (0000ms, 31326ms total)
T3844 7365:574 JLINK_ReadMem (0x200008A8, 0x0002 Bytes, ...) -- CPU_ReadMem(64 bytes @ 0x20000880) -- Updating C cache (64 bytes @ 0x20000880) -- Read from C cache (2 bytes @ 0x200008A8) - Data: 00 00  returns 0x00 (0001ms, 31327ms total)
T413C 7365:580 JLINK_IsHalted()  returns TRUE (0000ms, 31327ms total)
T3844 7365:760 JLINK_ReadMem (0x200008A8, 0x0002 Bytes, ...) -- Read from C cache (2 bytes @ 0x200008A8) - Data: 00 00  returns 0x00 (0000ms, 31327ms total)
T413C 7365:782 JLINK_IsHalted()  returns TRUE (0000ms, 31327ms total)
T413C 7365:984 JLINK_IsHalted()  returns TRUE (0000ms, 31327ms total)
T413C 7366:185 JLINK_IsHalted()  returns TRUE (0000ms, 31327ms total)
T413C 7366:385 JLINK_IsHalted()  returns TRUE (0001ms, 31328ms total)
T413C 7366:586 JLINK_IsHalted()  returns TRUE (0000ms, 31327ms total)
T413C 7366:786 JLINK_IsHalted()  returns TRUE (0000ms, 31327ms total)
T413C 7366:986 JLINK_IsHalted()  returns TRUE (0000ms, 31327ms total)
T413C 7367:187 JLINK_IsHalted()  returns TRUE (0000ms, 31327ms total)
T413C 7367:388 JLINK_IsHalted()  returns TRUE (0000ms, 31327ms total)
T413C 7367:589 JLINK_IsHalted()  returns TRUE (0000ms, 31327ms total)
T413C 7367:790 JLINK_IsHalted()  returns TRUE (0000ms, 31327ms total)
T3844 7367:790 JLINK_ReadReg(R15 (PC))  returns 0x00400310 (0000ms, 31327ms total)
T3844 7367:790 JLINK_GetBPInfo(BPHandle = 1)  returns 0x00 (0000ms, 31327ms total)
T3844 7367:790 JLINK_ClrBPEx(BPHandle = 0x00000001)  returns 0x00 (0000ms, 31327ms total)
T3844 7367:790 JLINK_Step() -- Read from flash cache (2 bytes @ 0x00400310) -- CPU_ReadMem(4 bytes @ 0xE000ED18) -- CPU_WriteMem(4 bytes @ 0xE000ED18) -- CPU_ReadMem(4 bytes @ 0xE000ED18) -- CPU_WriteMem(4 bytes @ 0xE000ED18) -- CPU_ReadMem(4 bytes @ 0xE0001004) -- Read from flash cache (4 bytes @ 0x00400378) -- Simulated  returns 0x00 (0003ms, 31330ms total)
T3844 7367:793 JLINK_SetBPEx(Addr = 0x00400310, Type = 0xFFFFFFF2)  returns 0x00000003 (0000ms, 31330ms total)
T3844 7367:793 JLINK_GetBPInfo(BPHandle = 3)  returns 0x00 (0000ms, 31330ms total)
T3844 7367:793 JLINK_Go() -- CPU_ReadMem(4 bytes @ 0xE0001000) -- CPU_WriteMem(4 bytes @ 0xE000ED30) -- CPU_WriteMem(4 bytes @ 0xE0001004) (0002ms, 31332ms total)
T413C 7367:795 JLINK_IsHalted()  returns FALSE (0000ms, 31332ms total)
T413C 7367:805 JLINK_IsHalted()  returns FALSE (0000ms, 31332ms total)
T413C 7367:845 JLINK_IsHalted()  returns FALSE (0000ms, 31332ms total)
T413C 7368:006 JLINK_IsHalted()  returns FALSE (0000ms, 31332ms total)
T413C 7368:207 JLINK_IsHalted()  returns FALSE (0000ms, 31332ms total)
T413C 7368:407 JLINK_IsHalted()  returns FALSE (0000ms, 31332ms total)
T413C 7368:609 JLINK_IsHalted()  returns FALSE (0000ms, 31332ms total)
T413C 7368:809 JLINK_IsHalted()  returns FALSE (0000ms, 31332ms total)
T413C 7369:011 JLINK_IsHalted()  returns FALSE (0000ms, 31332ms total)
T413C 7369:212 JLINK_IsHalted()  returns FALSE (0000ms, 31332ms total)
T413C 7369:412 JLINK_IsHalted()  returns FALSE (0000ms, 31332ms total)
T413C 7369:612 JLINK_IsHalted()  returns FALSE (0001ms, 31333ms total)
T413C 7369:815 JLINK_IsHalted()  returns FALSE (0000ms, 31332ms total)
T413C 7370:018 JLINK_IsHalted()  returns FALSE (0000ms, 31332ms total)
T413C 7370:219 JLINK_IsHalted()  returns FALSE (0000ms, 31332ms total)
T413C 7370:420 JLINK_IsHalted()  returns FALSE (0000ms, 31332ms total)
T413C 7370:621 JLINK_IsHalted()  returns FALSE (0000ms, 31332ms total)
T413C 7370:822 JLINK_IsHalted()  returns FALSE (0000ms, 31332ms total)
T413C 7371:023 JLINK_IsHalted()  returns FALSE (0000ms, 31332ms total)
T413C 7371:225 JLINK_IsHalted()  returns FALSE (0000ms, 31332ms total)
T413C 7371:425 JLINK_IsHalted()  returns FALSE (0000ms, 31332ms total)
T413C 7371:627 JLINK_IsHalted()  returns FALSE (0000ms, 31332ms total)
T413C 7371:827 JLINK_IsHalted()  returns FALSE (0000ms, 31332ms total)
T413C 7372:030 JLINK_IsHalted()  returns FALSE (0000ms, 31332ms total)
T413C 7372:230 JLINK_IsHalted()  returns FALSE (0000ms, 31332ms total)
T413C 7372:431 JLINK_IsHalted()  returns FALSE (0000ms, 31332ms total)
T413C 7372:631 JLINK_IsHalted()  returns FALSE (0000ms, 31332ms total)
T413C 7372:833 JLINK_IsHalted()  returns FALSE (0000ms, 31332ms total)
T413C 7373:035 JLINK_IsHalted()  returns FALSE (0000ms, 31332ms total)
T413C 7373:235 JLINK_IsHalted()  returns FALSE (0000ms, 31332ms total)
T413C 7373:436 JLINK_IsHalted()  returns FALSE (0000ms, 31332ms total)
T413C 7373:639 JLINK_IsHalted()  returns FALSE (0001ms, 31333ms total)
T413C 7373:840 JLINK_IsHalted()  returns FALSE (0000ms, 31332ms total)
T413C 7374:041 JLINK_IsHalted()  returns FALSE (0000ms, 31332ms total)
T413C 7374:241 JLINK_IsHalted()  returns FALSE (0000ms, 31332ms total)
T413C 7374:444 JLINK_IsHalted()  returns FALSE (0000ms, 31332ms total)
T413C 7374:644 JLINK_IsHalted()  returns FALSE (0000ms, 31332ms total)
T413C 7374:845 JLINK_IsHalted()  returns FALSE (0000ms, 31332ms total)
T413C 7375:047 JLINK_IsHalted()  returns FALSE (0000ms, 31332ms total)
T413C 7375:248 JLINK_IsHalted()  returns FALSE (0000ms, 31332ms total)
T413C 7375:450 JLINK_IsHalted()  returns FALSE (0000ms, 31332ms total)
T413C 7375:651 JLINK_IsHalted()  returns FALSE (0000ms, 31332ms total)
T413C 7375:852 JLINK_IsHalted()  returns FALSE (0000ms, 31332ms total)
T413C 7376:053 JLINK_IsHalted()  returns FALSE (0000ms, 31332ms total)
T413C 7376:254 JLINK_IsHalted()  returns FALSE (0000ms, 31332ms total)
T413C 7376:455 JLINK_IsHalted()  returns FALSE (0000ms, 31332ms total)
T413C 7376:656 JLINK_IsHalted()  returns FALSE (0000ms, 31332ms total)
T413C 7376:856 JLINK_IsHalted()  returns FALSE (0000ms, 31332ms total)
T413C 7377:057 JLINK_IsHalted()  returns FALSE (0001ms, 31333ms total)
T413C 7377:258 JLINK_IsHalted()  returns FALSE (0000ms, 31332ms total)
T413C 7377:462 JLINK_IsHalted()  returns FALSE (0000ms, 31332ms total)
T413C 7377:663 JLINK_IsHalted()  returns FALSE (0001ms, 31333ms total)
T413C 7377:864 JLINK_IsHalted()  returns FALSE (0000ms, 31332ms total)
T413C 7378:065 JLINK_IsHalted()  returns FALSE (0000ms, 31332ms total)
T413C 7378:266 JLINK_IsHalted()  returns FALSE (0000ms, 31332ms total)
T413C 7378:466 JLINK_IsHalted()  returns FALSE (0000ms, 31332ms total)
T413C 7378:667 JLINK_IsHalted()  returns FALSE (0000ms, 31332ms total)
T413C 7378:870 JLINK_IsHalted()  returns FALSE (0000ms, 31332ms total)
T413C 7379:071 JLINK_IsHalted()  returns FALSE (0001ms, 31333ms total)
T413C 7379:273 JLINK_IsHalted()  returns FALSE (0000ms, 31332ms total)
T413C 7379:473 JLINK_IsHalted()  returns FALSE (0000ms, 31332ms total)
T413C 7379:674 JLINK_IsHalted()  returns FALSE (0000ms, 31332ms total)
T413C 7379:874 JLINK_IsHalted()  returns FALSE (0000ms, 31332ms total)
T413C 7380:075 JLINK_IsHalted()  returns FALSE (0000ms, 31332ms total)
T413C 7380:277 JLINK_IsHalted()  returns FALSE (0000ms, 31332ms total)
T413C 7380:478 JLINK_IsHalted()  returns FALSE (0000ms, 31332ms total)
T413C 7380:679 JLINK_IsHalted()  returns FALSE (0000ms, 31332ms total)
T413C 7380:881 JLINK_IsHalted()  returns FALSE (0001ms, 31333ms total)
T413C 7381:083 JLINK_IsHalted()  returns FALSE (0000ms, 31332ms total)
T413C 7381:283 JLINK_IsHalted()  returns FALSE (0000ms, 31332ms total)
T413C 7381:484 JLINK_IsHalted()  returns FALSE (0000ms, 31332ms total)
T413C 7381:685 JLINK_IsHalted()  returns FALSE (0000ms, 31332ms total)
T413C 7381:886 JLINK_IsHalted()  returns FALSE (0001ms, 31333ms total)
T413C 7382:087 JLINK_IsHalted()  returns FALSE (0000ms, 31332ms total)
T413C 7382:289 JLINK_IsHalted()  returns FALSE (0000ms, 31332ms total)
T413C 7382:489 JLINK_IsHalted()  returns FALSE (0000ms, 31332ms total)
T413C 7382:690 JLINK_IsHalted()  returns FALSE (0000ms, 31332ms total)
T413C 7382:892 JLINK_IsHalted()  returns FALSE (0000ms, 31332ms total)
T413C 7383:092 JLINK_IsHalted()  returns FALSE (0000ms, 31332ms total)
T413C 7383:294 JLINK_IsHalted()  returns FALSE (0000ms, 31332ms total)
T413C 7383:495 JLINK_IsHalted()  returns FALSE (0000ms, 31332ms total)
T413C 7383:697 JLINK_IsHalted()  returns FALSE (0000ms, 31332ms total)
T413C 7383:899 JLINK_IsHalted()  returns FALSE (0000ms, 31332ms total)
T3844 7384:056 JLINK_Halt()  returns 0x00 (0002ms, 31334ms total)
T413C 7384:100 JLINK_IsHalted()  returns TRUE (0000ms, 31334ms total)
T413C 7384:100 JLINK_GetMOEs(...) -- CPU_ReadMem(4 bytes @ 0xE000ED30)  returns 0x01 (0000ms, 31334ms total)
T413C 7384:100 JLINK_ReadReg(R15 (PC))  returns 0x20000004 (0000ms, 31334ms total)
T415C 7384:157 JLINK_GetBPInfo(BPHandle = 3)  returns 0x00 (0000ms, 31334ms total)
T415C 7384:157 JLINK_ClrBPEx(BPHandle = 0x00000003)  returns 0x00 (0000ms, 31334ms total)
T413C 7384:302 JLINK_IsHalted()  returns TRUE (0000ms, 31334ms total)
T415C 7384:302 JLINK_ResetPullsRESET(ON) (0001ms, 31335ms total)
T415C 7384:303 JLINK_ResetNoHalt() >0x2F8 JTAG>TotalIRLen = 4, IRPrint = 0x01 >0x30 JTAG> >0x30 JTAG>JTAG chain detection found 1 devices: #0 Id: 0x4BA00477, IRLen: 04, CoreSight JTAG-DPAP map detection skipped. Manually configured AP map found.AP[0]: AHB-AP (IDR: Not set) >0xB0 JTAG> >0x48 JTAG> >0x48 JTAG> >0x70 JTAG> >0x40 JTAG> >0x30 JTAG> >0x40 JTAG> >0x40 JTAG>AP[0]: Core foundAP[0]: AHB-AP ROM base: 0xE00FF000 >0x40 JTAG> >0x40 JTAG> >0x30 JTAG> >0x40 JTAG> >0x40 JTAG>
CPUID register: 0x410FC241. Implementer code: 0x41 (ARM)Found Cortex-M4 r0p1, Little endian. -- Max. mem block: 0x00001F48 -- CPU_ReadMem(4 bytes @ 0xE000EDF0) -- CPU_ReadMem(4 bytes @ 0xE0002000)FPUnit: 6 code (BP) slots and 2 literal slots -- CPU_ReadMem(4 bytes @ 0xE0001000) -- CPU_ReadMem(4 bytes @ 0xE000ED88) -- CPU_WriteMem(4 bytes @ 0xE000ED88) -- CPU_ReadMem(4 bytes @ 0xE000ED88) -- CPU_WriteMem(4 bytes @ 0xE000ED88)CoreSight components:ROMTbl[0] @ E00FF000 -- CPU_ReadMem(16 bytes @ 0xE00FF000)
 -- CPU_ReadMem(16 bytes @ 0xE000EFF0) -- CPU_ReadMem(16 bytes @ 0xE000EFE0)ROMTbl[0][0]: E000E000, CID: B105E00D, PID: 000BB00C SCS-M7 -- CPU_WriteMem(4 bytes @ 0xE0001000) -- CPU_ReadMem(16 bytes @ 0xE0001FF0) -- CPU_ReadMem(16 bytes @ 0xE0001FE0)ROMTbl[0][1]: E0001000, CID: B105E00D, PID: 003BB002 DWT -- CPU_ReadMem(16 bytes @ 0xE0002FF0) -- CPU_ReadMem(16 bytes @ 0xE0002FE0)ROMTbl[0][2]: E0002000, CID: B105E00D, PID: 002BB003 FPB -- CPU_ReadMem(16 bytes @ 0xE0000FF0)
 -- CPU_ReadMem(16 bytes @ 0xE0000FE0)ROMTbl[0][3]: E0000000, CID: B105E00D, PID: 003BB001 ITM -- CPU_ReadMem(16 bytes @ 0xE00FF010) -- CPU_ReadMem(16 bytes @ 0xE0040FF0) -- CPU_ReadMem(16 bytes @ 0xE0040FE0)ROMTbl[0][4]: E0040000, CID: B105900D, PID: 000BB9A1 TPIU
                JLINK_Reset() -- CPU_ReadMem(16 bytes @ 0x20000000) -- CPU_WriteMem(16 bytes @ 0x20000000) -- CPU_ReadMem(4 bytes @ 0xE000EDFC) -- CPU_WriteMem(4 bytes @ 0xE000EDFC) -- CPU_ReadMem(4 bytes @ 0xE0001000) -- CPU_WriteMem(4 bytes @ 0xE000EDFC) -- CPU_WriteMem(16 bytes @ 0x20000000) -- CPU_WriteMem(4 bytes @ 0xE0002000) -- CPU_ReadMem(4 bytes @ 0xE000EDFC) -- CPU_ReadMem(4 bytes @ 0xE0001000) (0021ms, 0021ms total)
                JLINK_Go() -- CPU_ReadMem(4 bytes @ 0xE0001000) -- CPU_WriteMem(4 bytes @ 0xE0002008) -- CPU_WriteMem(4 bytes @ 0xE000200C) -- CPU_WriteMem(4 bytes @ 0xE0002010) -- CPU_WriteMem(4 bytes @ 0xE0002014) -- CPU_WriteMem(4 bytes @ 0xE0002018) -- CPU_WriteMem(4 bytes @ 0xE000201C) -- CPU_WriteMem(4 bytes @ 0xE0001004) (0003ms, 0024ms total)
               (0048ms, 31383ms total)
T415C 7384:360 JLINK_Close() -- CPU is running -- CPU_WriteMem(4 bytes @ 0xE0002008) -- CPU is running -- CPU_WriteMem(4 bytes @ 0xE000200C) -- CPU is running -- CPU_WriteMem(4 bytes @ 0xE0002010) -- CPU is running -- CPU_WriteMem(4 bytes @ 0xE0002014) -- CPU is running -- CPU_WriteMem(4 bytes @ 0xE0002018) -- CPU is running -- CPU_WriteMem(4 bytes @ 0xE000201C) >0x70 JTAG> >0x40 JTAG> >0x30 JTAG> >0x30 JTAG> >0x30 JTAG> >0x30 JTAG> >0x48 JTAG> >0x30 JTAG> >0x08 JTAG> (0014ms, 31397ms total)
T415C 7384:360  (0014ms, 31397ms total)
T415C 7384:360 Closed (0014ms, 31397ms total)
