T5040 17808:748 SEGGER J-Link V6.48a Log File (0001ms, 25122ms total)
T5040 17808:748 DLL Compiled: Jul 30 2019 15:16:09 (0001ms, 25122ms total)
T5040 17808:748 Logging started @ 2022-07-14 14:26 (0001ms, 25122ms total)
T5040 17808:752 JLINK_ExecCommand("Device = ATSAM4E16E", ...). Device "ATSAM4E16E" selected.  returns 0x00 (0001ms, 25123ms total)
T5040 17808:764 JLINK_TIF_Select(JLINKARM_TIF_JTAG)  returns 0x00 (0001ms, 25124ms total)
T5040 17808:765 JLINK_ConfigJTAG(IRPre = 0, DRPre = 0) (0000ms, 25124ms total)
T5040 17808:765 JLINK_SetSpeed(6800) (0002ms, 25126ms total)
T5040 17808:767 JLINK_ResetPullsRESET(OFF) (0000ms, 25126ms total)
T5040 17808:767 JLINK_Connect() >0x2F8 JTAG>TotalIRLen = 4, IRPrint = 0x01 >0x30 JTAG> >0x30 JTAG>JTAG chain detection found 1 devices: #0 Id: 0x4BA00477, IRLen: 04, CoreSight JTAG-DPScanning AP map to find all available APs >0x78 JTAG> >0x48 JTAG> >0x40 JTAG> >0x40 JTAG> >0x48 JTAG> >0x40 JTAG>AP[1]: Stopped AP scan as end of AP map has been reachedAP[0]: AHB-AP (IDR: 0x24770011)Iterating through AP map to find AHB-AP to use >0x78 JTAG> >0x48 JTAG> >0x48 JTAG> >0x70 JTAG> >0x40 JTAG> >0x30 JTAG>
 >0x40 JTAG> >0x40 JTAG>AP[0]: Core foundAP[0]: AHB-AP ROM base: 0xE00FF000 >0x40 JTAG> >0x40 JTAG> >0x30 JTAG> >0x40 JTAG> >0x40 JTAG>CPUID register: 0x410FC241. Implementer code: 0x41 (ARM)Found Cortex-M4 r0p1, Little endian. -- Max. mem block: 0x000023B8 -- CPU_ReadMem(4 bytes @ 0xE000EDF0) -- CPU_WriteMem(4 bytes @ 0xE000EDF0) -- CPU_ReadMem(4 bytes @ 0xE0002000)FPUnit: 6 code (BP) slots and 2 literal slots -- CPU_ReadMem(4 bytes @ 0xE000EDFC) -- CPU_WriteMem(4 bytes @ 0xE000EDFC)
 -- CPU_ReadMem(4 bytes @ 0xE0001000) -- CPU_WriteMem(4 bytes @ 0xE0001000) -- CPU_ReadMem(4 bytes @ 0xE000ED88) -- CPU_WriteMem(4 bytes @ 0xE000ED88) -- CPU_ReadMem(4 bytes @ 0xE000ED88) -- CPU_WriteMem(4 bytes @ 0xE000ED88)CoreSight components:ROMTbl[0] @ E00FF000 -- CPU_ReadMem(16 bytes @ 0xE00FF000) -- CPU_ReadMem(16 bytes @ 0xE000EFF0) -- CPU_ReadMem(16 bytes @ 0xE000EFE0)ROMTbl[0][0]: E000E000, CID: B105E00D, PID: 000BB00C SCS-M7 -- CPU_ReadMem(16 bytes @ 0xE0001FF0)
 -- CPU_ReadMem(16 bytes @ 0xE0001FE0)ROMTbl[0][1]: E0001000, CID: B105E00D, PID: 003BB002 DWT -- CPU_ReadMem(16 bytes @ 0xE0002FF0) -- CPU_ReadMem(16 bytes @ 0xE0002FE0)ROMTbl[0][2]: E0002000, CID: B105E00D, PID: 002BB003 FPB -- CPU_ReadMem(16 bytes @ 0xE0000FF0) -- CPU_ReadMem(16 bytes @ 0xE0000FE0)ROMTbl[0][3]: E0000000, CID: B105E00D, PID: 003BB001 ITM -- CPU_ReadMem(16 bytes @ 0xE00FF010) -- CPU_ReadMem(16 bytes @ 0xE0040FF0) -- CPU_ReadMem(16 bytes @ 0xE0040FE0)
ROMTbl[0][4]: E0040000, CID: B105900D, PID: 000BB9A1 TPIU  returns 0x00 (0019ms, 25145ms total)
T5040 17808:786 JLINK_Halt()  returns 0x00 (0003ms, 25148ms total)
T5040 17808:789 JLINK_BeginDownload(Flags = 0x00) (0000ms, 25148ms total)
T5040 17808:789 JLINK_WriteMem(0x400E0A04, 0x0004 Bytes, ...) - Data: 0B 01 00 5A -- CPU_WriteMem(4 bytes @ 0x400E0A04)  returns 0x04 (0000ms, 25148ms total)
T5040 17808:789 JLINK_EndDownload()  returns 0x00 (0000ms, 25148ms total)
T5040 17808:789 JLINK_ReadMemHW(0x400E0A08, 0x0004 Bytes, ...) -- CPU_ReadMem(4 bytes @ 0x400E0A08) - Data: 01 00 00 00  returns 0x00 (0001ms, 25149ms total)
T5040 17808:790 JLINK_SetResetType(JLINKARM_CM3_RESET_TYPE_NORMAL)  returns JLINKARM_CM3_RESET_TYPE_NORMAL (0000ms, 25149ms total)
T5040 17808:790 JLINK_Reset() -- CPU_ReadMem(16 bytes @ 0x20000000) -- CPU_WriteMem(16 bytes @ 0x20000000) -- CPU_ReadMem(4 bytes @ 0xE000EDFC) -- CPU_WriteMem(4 bytes @ 0xE000EDFC) -- CPU_ReadMem(4 bytes @ 0xE0001000) -- CPU_WriteMem(4 bytes @ 0xE000EDFC) -- CPU_WriteMem(16 bytes @ 0x20000000) -- CPU_WriteMem(4 bytes @ 0xE0002000) -- CPU_ReadMem(4 bytes @ 0xE000EDFC) -- CPU_ReadMem(4 bytes @ 0xE0001000) (0021ms, 25170ms total)
T5040 17808:813 JLINK_JTAG_GetDeviceID(DeviceIndex = 0)  returns 0x4BA00477 (0000ms, 25170ms total)
T5040 17808:813 JLINK_ReadMemU32(0x400E0740, 0x0001 Items, ...) -- CPU_ReadMem(4 bytes @ 0x400E0740) - Data: E0 0C CC A3  returns 1 (0000ms, 25170ms total)
T5040 17808:813 JLINK_ReadMemU32(0x400E0744, 0x0001 Items, ...) -- CPU_ReadMem(4 bytes @ 0x400E0744) - Data: 00 02 12 00  returns 1 (0001ms, 25171ms total)
T5040 17808:814 JLINK_BeginDownload(Flags = 0x00) (0000ms, 25171ms total)
T5040 17808:814 JLINK_WriteMem(0x400E0A04, 0x0004 Bytes, ...) - Data: 05 00 00 5A -- CPU_WriteMem(4 bytes @ 0x400E0A04)  returns 0x04 (0000ms, 25171ms total)
T5040 17808:814 JLINK_EndDownload()  returns 0x00 (0000ms, 25171ms total)
T5040 17808:814 JLINK_ReadMemHW(0x400E0A08, 0x0004 Bytes, ...) -- CPU_ReadMem(4 bytes @ 0x400E0A08) - Data: 00 00 00 00  returns 0x00 (0000ms, 25171ms total)
T5040 17808:818 JLINK_ReadMemHW(0x400E0A08, 0x0004 Bytes, ...) -- CPU_ReadMem(4 bytes @ 0x400E0A08) - Data: 00 00 00 00  returns 0x00 (0000ms, 25171ms total)
T0D9C 17808:821 JLINK_IsHalted()  returns TRUE (0000ms, 25171ms total)
T0D9C 17808:821 JLINK_GetMOEs(...) -- CPU_ReadMem(4 bytes @ 0xE000ED30)  returns 0x01 (0000ms, 25171ms total)
T0D9C 17808:821 JLINK_ReadReg(R15 (PC))  returns 0x00400F08 (0000ms, 25171ms total)
T5040 17808:823 JLINK_ReadMemHW(0x400E0A08, 0x0004 Bytes, ...) -- CPU_ReadMem(4 bytes @ 0x400E0A08) - Data: 00 00 00 00  returns 0x00 (0000ms, 25171ms total)
T5040 17808:839 JLINK_ReadMemHW(0x400E0A08, 0x0004 Bytes, ...) -- CPU_ReadMem(4 bytes @ 0x400E0A08) - Data: 00 00 00 00  returns 0x00 (0000ms, 25171ms total)
T5040 17808:906 JLINK_ReadMemHW(0x400E0A08, 0x0004 Bytes, ...) -- CPU_ReadMem(4 bytes @ 0x400E0A08) - Data: 00 00 00 00  returns 0x00 (0000ms, 25171ms total)
T0D9C 17809:022 JLINK_IsHalted()  returns TRUE (0000ms, 25171ms total)
T5040 17809:164 JLINK_ReadMemHW(0x400E0A08, 0x0004 Bytes, ...) -- CPU_ReadMem(4 bytes @ 0x400E0A08) - Data: 00 00 00 00  returns 0x00 (0000ms, 25171ms total)
T0D9C 17809:226 JLINK_IsHalted()  returns TRUE (0000ms, 25171ms total)
T0D9C 17809:429 JLINK_IsHalted()  returns TRUE (0000ms, 25171ms total)
T0D9C 17809:633 JLINK_IsHalted()  returns TRUE (0000ms, 25171ms total)
T0D9C 17809:834 JLINK_IsHalted()  returns TRUE (0000ms, 25171ms total)
T0D9C 17810:036 JLINK_IsHalted()  returns TRUE (0001ms, 25172ms total)
T5040 17810:170 JLINK_ReadMemHW(0x400E0A08, 0x0004 Bytes, ...) -- CPU_ReadMem(4 bytes @ 0x400E0A08) - Data: 00 00 00 00  returns 0x00 (0001ms, 25172ms total)
T5040 17810:171 JLINK_ReadMemHW(0x400E0A08, 0x0004 Bytes, ...) -- CPU_ReadMem(4 bytes @ 0x400E0A08) - Data: 00 00 00 00  returns 0x00 (0000ms, 25172ms total)
T5040 17810:175 JLINK_ReadMemHW(0x400E0A08, 0x0004 Bytes, ...) -- CPU_ReadMem(4 bytes @ 0x400E0A08) - Data: 00 00 00 00  returns 0x00 (0001ms, 25173ms total)
T5040 17810:180 JLINK_ReadMemHW(0x400E0A08, 0x0004 Bytes, ...) -- CPU_ReadMem(4 bytes @ 0x400E0A08) - Data: 00 00 00 00  returns 0x00 (0000ms, 25173ms total)
T5040 17810:200 JLINK_ReadMemHW(0x400E0A08, 0x0004 Bytes, ...) -- CPU_ReadMem(4 bytes @ 0x400E0A08) - Data: 00 00 00 00  returns 0x00 (0001ms, 25174ms total)
T0D9C 17810:241 JLINK_IsHalted()  returns TRUE (0000ms, 25174ms total)
T5040 17810:271 JLINK_ReadMemHW(0x400E0A08, 0x0004 Bytes, ...) -- CPU_ReadMem(4 bytes @ 0x400E0A08) - Data: 00 00 00 00  returns 0x00 (0001ms, 25175ms total)
T0D9C 17810:441 JLINK_IsHalted()  returns TRUE (0000ms, 25175ms total)
T5040 17810:534 JLINK_ReadMemHW(0x400E0A08, 0x0004 Bytes, ...) -- CPU_ReadMem(4 bytes @ 0x400E0A08) - Data: 00 00 00 00  returns 0x00 (0001ms, 25176ms total)
T0D9C 17810:645 JLINK_IsHalted()  returns TRUE (0000ms, 25176ms total)
T0D9C 17810:845 JLINK_IsHalted()  returns TRUE (0000ms, 25176ms total)
T0D9C 17811:049 JLINK_IsHalted()  returns TRUE (0000ms, 25176ms total)
T0D9C 17811:250 JLINK_IsHalted()  returns TRUE (0000ms, 25176ms total)
T0D9C 17811:451 JLINK_IsHalted()  returns TRUE (0000ms, 25176ms total)
T5040 17811:538 JLINK_ReadMemHW(0x400E0A08, 0x0004 Bytes, ...) -- CPU_ReadMem(4 bytes @ 0x400E0A08) - Data: 00 00 00 00  returns 0x00 (0001ms, 25177ms total)
T5040 17811:539 JLINK_ReadMemHW(0x400E0A08, 0x0004 Bytes, ...) -- CPU_ReadMem(4 bytes @ 0x400E0A08) - Data: 00 00 00 00  returns 0x00 (0001ms, 25178ms total)
T5040 17811:543 JLINK_ReadMemHW(0x400E0A08, 0x0004 Bytes, ...) -- CPU_ReadMem(4 bytes @ 0x400E0A08) - Data: 00 00 00 00  returns 0x00 (0000ms, 25178ms total)
T5040 17811:547 JLINK_ReadMemHW(0x400E0A08, 0x0004 Bytes, ...) -- CPU_ReadMem(4 bytes @ 0x400E0A08) - Data: 00 00 00 00  returns 0x00 (0001ms, 25179ms total)
T5040 17811:565 JLINK_ReadMemHW(0x400E0A08, 0x0004 Bytes, ...) -- CPU_ReadMem(4 bytes @ 0x400E0A08) - Data: 00 00 00 00  returns 0x00 (0000ms, 25179ms total)
T5040 17811:635 JLINK_ReadMemHW(0x400E0A08, 0x0004 Bytes, ...) -- CPU_ReadMem(4 bytes @ 0x400E0A08) - Data: 00 00 00 00  returns 0x00 (0000ms, 25179ms total)
T0D9C 17811:655 JLINK_IsHalted()  returns TRUE (0000ms, 25179ms total)
T0D9C 17811:860 JLINK_IsHalted()  returns TRUE (0001ms, 25180ms total)
T5040 17811:892 JLINK_ReadMemHW(0x400E0A08, 0x0004 Bytes, ...) -- CPU_ReadMem(4 bytes @ 0x400E0A08) - Data: 00 00 00 00  returns 0x00 (0000ms, 25179ms total)
T0D9C 17812:062 JLINK_IsHalted()  returns TRUE (0000ms, 25179ms total)
T0D9C 17812:264 JLINK_IsHalted()  returns TRUE (0000ms, 25179ms total)
T0D9C 17812:466 JLINK_IsHalted()  returns TRUE (0000ms, 25179ms total)
T0D9C 17812:671 JLINK_IsHalted()  returns TRUE (0000ms, 25179ms total)
T0D9C 17812:872 JLINK_IsHalted()  returns TRUE (0000ms, 25179ms total)
T5040 17812:892 JLINK_ReadMemHW(0x400E0A08, 0x0004 Bytes, ...) -- CPU_ReadMem(4 bytes @ 0x400E0A08) - Data: 00 00 00 00  returns 0x00 (0001ms, 25180ms total)
T5040 17812:893 JLINK_ReadMemHW(0x400E0A08, 0x0004 Bytes, ...) -- CPU_ReadMem(4 bytes @ 0x400E0A08) - Data: 00 00 00 00  returns 0x00 (0000ms, 25180ms total)
T5040 17812:898 JLINK_ReadMemHW(0x400E0A08, 0x0004 Bytes, ...) -- CPU_ReadMem(4 bytes @ 0x400E0A08) - Data: 00 00 00 00  returns 0x00 (0001ms, 25181ms total)
T5040 17812:909 JLINK_ReadMemHW(0x400E0A08, 0x0004 Bytes, ...) -- CPU_ReadMem(4 bytes @ 0x400E0A08) - Data: 00 00 00 00  returns 0x00 (0000ms, 25181ms total)
T5040 17812:928 JLINK_ReadMemHW(0x400E0A08, 0x0004 Bytes, ...) -- CPU_ReadMem(4 bytes @ 0x400E0A08) - Data: 00 00 00 00  returns 0x00 (0000ms, 25181ms total)
T5040 17812:995 JLINK_ReadMemHW(0x400E0A08, 0x0004 Bytes, ...) -- CPU_ReadMem(4 bytes @ 0x400E0A08) - Data: 00 00 00 00  returns 0x00 (0002ms, 25183ms total)
T0D9C 17813:073 JLINK_IsHalted()  returns TRUE (0000ms, 25183ms total)
T5040 17813:258 JLINK_ReadMemHW(0x400E0A08, 0x0004 Bytes, ...) -- CPU_ReadMem(4 bytes @ 0x400E0A08) - Data: 00 00 00 00  returns 0x00 (0001ms, 25184ms total)
T0D9C 17813:277 JLINK_IsHalted()  returns TRUE (0000ms, 25184ms total)
T0D9C 17813:479 JLINK_IsHalted()  returns TRUE (0000ms, 25184ms total)
T0D9C 17813:679 JLINK_IsHalted()  returns TRUE (0000ms, 25184ms total)
T0D9C 17813:880 JLINK_IsHalted()  returns TRUE (0000ms, 25184ms total)
T0D9C 17814:081 JLINK_IsHalted()  returns TRUE (0000ms, 25184ms total)
T5040 17814:260 JLINK_ReadMemHW(0x400E0A08, 0x0004 Bytes, ...) -- CPU_ReadMem(4 bytes @ 0x400E0A08) - Data: 01 00 00 00  returns 0x00 (0000ms, 25184ms total)
T0D9C 17814:287 JLINK_IsHalted()  returns TRUE (0000ms, 25184ms total)
T5040 17814:289 JLINK_ResetPullsRESET(ON) (0000ms, 25184ms total)
T5040 17814:289 JLINK_ResetNoHalt() >0x2F8 JTAG>TotalIRLen = 4, IRPrint = 0x01 >0x30 JTAG> >0x30 JTAG>JTAG chain detection found 1 devices: #0 Id: 0x4BA00477, IRLen: 04, CoreSight JTAG-DPAP map detection skipped. Manually configured AP map found.AP[0]: AHB-AP (IDR: Not set) >0xB0 JTAG> >0x48 JTAG> >0x48 JTAG> >0x70 JTAG> >0x40 JTAG> >0x30 JTAG> >0x40 JTAG> >0x40 JTAG>AP[0]: Core foundAP[0]: AHB-AP ROM base: 0xE00FF000 >0x40 JTAG> >0x40 JTAG> >0x30 JTAG> >0x40 JTAG> >0x40 JTAG>
CPUID register: 0x410FC241. Implementer code: 0x41 (ARM)Found Cortex-M4 r0p1, Little endian. -- Max. mem block: 0x00001F48 -- CPU_ReadMem(4 bytes @ 0xE000EDF0) -- CPU_ReadMem(4 bytes @ 0xE0002000)FPUnit: 6 code (BP) slots and 2 literal slots -- CPU_ReadMem(4 bytes @ 0xE000EDFC) -- CPU_ReadMem(4 bytes @ 0xE0001000) -- CPU_ReadMem(4 bytes @ 0xE000ED88) -- CPU_WriteMem(4 bytes @ 0xE000ED88) -- CPU_ReadMem(4 bytes @ 0xE000ED88) -- CPU_WriteMem(4 bytes @ 0xE000ED88)CoreSight components:ROMTbl[0] @ E00FF000
 -- CPU_ReadMem(16 bytes @ 0xE00FF000) -- CPU_ReadMem(16 bytes @ 0xE000EFF0) -- CPU_ReadMem(16 bytes @ 0xE000EFE0)ROMTbl[0][0]: E000E000, CID: B105E00D, PID: 000BB00C SCS-M7 -- CPU_WriteMem(4 bytes @ 0xE0001000) -- CPU_ReadMem(16 bytes @ 0xE0001FF0) -- CPU_ReadMem(16 bytes @ 0xE0001FE0)ROMTbl[0][1]: E0001000, CID: B105E00D, PID: 003BB002 DWT -- CPU_ReadMem(16 bytes @ 0xE0002FF0) -- CPU_ReadMem(16 bytes @ 0xE0002FE0)ROMTbl[0][2]: E0002000, CID: B105E00D, PID: 002BB003 FPB
 -- CPU_ReadMem(16 bytes @ 0xE0000FF0) -- CPU_ReadMem(16 bytes @ 0xE0000FE0)ROMTbl[0][3]: E0000000, CID: B105E00D, PID: 003BB001 ITM -- CPU_ReadMem(16 bytes @ 0xE00FF010) -- CPU_ReadMem(16 bytes @ 0xE0040FF0) -- CPU_ReadMem(16 bytes @ 0xE0040FE0)ROMTbl[0][4]: E0040000, CID: B105900D, PID: 000BB9A1 TPIU
                JLINK_Reset() -- CPU_ReadMem(16 bytes @ 0x20000000) -- CPU_WriteMem(16 bytes @ 0x20000000) -- CPU_ReadMem(4 bytes @ 0xE000EDFC) -- CPU_WriteMem(4 bytes @ 0xE000EDFC) -- CPU_ReadMem(4 bytes @ 0xE0001000) -- CPU_WriteMem(4 bytes @ 0xE0001004) -- CPU_WriteMem(4 bytes @ 0xE000EDFC) -- CPU_WriteMem(16 bytes @ 0x20000000) -- CPU_WriteMem(4 bytes @ 0xE0002000) -- CPU_ReadMem(4 bytes @ 0xE000EDFC) -- CPU_ReadMem(4 bytes @ 0xE0001000) (0021ms, 0021ms total)
                JLINK_Go() -- CPU_ReadMem(4 bytes @ 0xE0001000) -- CPU_WriteMem(4 bytes @ 0xE0001004) (0001ms, 0022ms total)
               (0037ms, 25221ms total)
T5040 17814:326 JLINK_TIF_Select(JLINKARM_TIF_JTAG)  returns 0x00 (0000ms, 25221ms total)
T5040 17814:326 JLINK_ConfigJTAG(IRPre = 0, DRPre = 0) (0000ms, 25221ms total)
T5040 17814:326 JLINK_SetSpeed(6800) (0000ms, 25221ms total)
T5040 17814:326 JLINK_ResetPullsRESET(OFF) (0000ms, 25221ms total)
T5040 17814:326 JLINK_Connect() >0x2F8 JTAG>TotalIRLen = 4, IRPrint = 0x01 >0x30 JTAG> >0x30 JTAG>JTAG chain detection found 1 devices: #0 Id: 0x4BA00477, IRLen: 04, CoreSight JTAG-DPAP map detection skipped. Manually configured AP map found.AP[0]: AHB-AP (IDR: Not set) >0xB0 JTAG> >0x48 JTAG> >0x48 JTAG> >0x70 JTAG> >0x40 JTAG> >0x30 JTAG> >0x40 JTAG> >0x40 JTAG>AP[0]: Core foundAP[0]: AHB-AP ROM base: 0xE00FF000 >0x40 JTAG> >0x40 JTAG> >0x30 JTAG> >0x40 JTAG> >0x40 JTAG>
CPUID register: 0x410FC241. Implementer code: 0x41 (ARM)Found Cortex-M4 r0p1, Little endian. -- Max. mem block: 0x00001F48 -- CPU_ReadMem(4 bytes @ 0xE000EDF0) -- CPU_ReadMem(4 bytes @ 0xE0002000)FPUnit: 6 code (BP) slots and 2 literal slots -- CPU_ReadMem(4 bytes @ 0xE000EDFC) -- CPU_ReadMem(4 bytes @ 0xE0001000) -- CPU_WriteMem(4 bytes @ 0xE0001000) -- CPU_ReadMem(4 bytes @ 0xE000ED88) -- CPU_WriteMem(4 bytes @ 0xE000ED88) -- CPU_ReadMem(4 bytes @ 0xE000ED88) -- CPU_WriteMem(4 bytes @ 0xE000ED88)
CoreSight components:ROMTbl[0] @ E00FF000 -- CPU_ReadMem(16 bytes @ 0xE00FF000) -- CPU_ReadMem(16 bytes @ 0xE000EFF0) -- CPU_ReadMem(16 bytes @ 0xE000EFE0)ROMTbl[0][0]: E000E000, CID: B105E00D, PID: 000BB00C SCS-M7 -- CPU_ReadMem(16 bytes @ 0xE0001FF0) -- CPU_ReadMem(16 bytes @ 0xE0001FE0)ROMTbl[0][1]: E0001000, CID: B105E00D, PID: 003BB002 DWT -- CPU_ReadMem(16 bytes @ 0xE0002FF0) -- CPU_ReadMem(16 bytes @ 0xE0002FE0)ROMTbl[0][2]: E0002000, CID: B105E00D, PID: 002BB003 FPB
 -- CPU_ReadMem(16 bytes @ 0xE0000FF0) -- CPU_ReadMem(16 bytes @ 0xE0000FE0)ROMTbl[0][3]: E0000000, CID: B105E00D, PID: 003BB001 ITM -- CPU_ReadMem(16 bytes @ 0xE00FF010) -- CPU_ReadMem(16 bytes @ 0xE0040FF0) -- CPU_ReadMem(16 bytes @ 0xE0040FE0)ROMTbl[0][4]: E0040000, CID: B105900D, PID: 000BB9A1 TPIU  returns 0x00 (0014ms, 25235ms total)
T5040 17814:340 JLINK_Halt()  returns 0x00 (0003ms, 25238ms total)
T5040 17814:343 JLINK_BeginDownload(Flags = 0x00) (0000ms, 25238ms total)
T5040 17814:343 JLINK_WriteMem(0x400E0A04, 0x0004 Bytes, ...) - Data: 0B 01 00 5A -- CPU_WriteMem(4 bytes @ 0x400E0A04)  returns 0x04 (0000ms, 25238ms total)
T5040 17814:343 JLINK_EndDownload()  returns 0x00 (0001ms, 25239ms total)
T5040 17814:344 JLINK_ReadMemHW(0x400E0A08, 0x0004 Bytes, ...) -- CPU_ReadMem(4 bytes @ 0x400E0A08) - Data: 01 00 00 00  returns 0x00 (0000ms, 25239ms total)
T5040 17814:344 JLINK_SetResetType(JLINKARM_CM3_RESET_TYPE_NORMAL)  returns JLINKARM_CM3_RESET_TYPE_NORMAL (0000ms, 25239ms total)
T5040 17814:344 JLINK_Reset() -- CPU_ReadMem(16 bytes @ 0x20000000) -- CPU_WriteMem(16 bytes @ 0x20000000) -- CPU_ReadMem(4 bytes @ 0xE000EDFC) -- CPU_WriteMem(4 bytes @ 0xE000EDFC) -- CPU_ReadMem(4 bytes @ 0xE0001000) -- CPU_WriteMem(4 bytes @ 0xE000EDFC) -- CPU_WriteMem(16 bytes @ 0x20000000) -- CPU_WriteMem(4 bytes @ 0xE0002000) -- CPU_ReadMem(4 bytes @ 0xE000EDFC) -- CPU_ReadMem(4 bytes @ 0xE0001000) (0021ms, 25260ms total)
T5040 17814:367 JLINK_JTAG_GetDeviceID(DeviceIndex = 0)  returns 0x4BA00477 (0000ms, 25260ms total)
T5040 17814:367 JLINK_ReadMemU32(0x400E0740, 0x0001 Items, ...) -- CPU_ReadMem(4 bytes @ 0x400E0740) - Data: E0 0C CC A3  returns 1 (0000ms, 25260ms total)
T5040 17814:367 JLINK_ReadMemU32(0x400E0744, 0x0001 Items, ...) -- CPU_ReadMem(4 bytes @ 0x400E0744) - Data: 00 02 12 00  returns 1 (0000ms, 25260ms total)
T2AB0 17814:382 JLINK_IsHalted()  returns TRUE (0000ms, 25260ms total)
T2AB0 17814:382 JLINK_GetMOEs(...) -- CPU_ReadMem(4 bytes @ 0xE000ED30)  returns 0x01 (0000ms, 25260ms total)
T2AB0 17814:382 JLINK_ReadReg(R15 (PC))  returns 0xFFFFFFFE (0000ms, 25260ms total)
T5040 17814:385 JLINK_BeginDownload(Flags = 0x00) (0000ms, 25260ms total)
T5040 17814:385 JLINK_WriteMem(0x00400000, 0x22D0 Bytes, ...) - Data: 40 3A 00 20 1D 0F 40 00 1B 0F 40 00 1B 0F 40 00 ... -- Read from flash cache (8912 bytes @ 0x00400000)  returns 0x22D0 (0000ms, 25260ms total)
T5040 17814:386 JLINK_WriteMem(0x004022D0, 0x084C Bytes, ...) - Data: 02 00 00 00 01 00 00 00 00 09 3D 00 10 00 00 20 ... -- Read from flash cache (2124 bytes @ 0x004022D0)  returns 0x84C (0000ms, 25260ms total)
T2AB0 17814:588 JLINK_IsHalted()  returns TRUE (0000ms, 25260ms total)
T5040 17814:589 JLINK_EndDownload()Old firmware which does not support pausing periodic actions during flash download -- CPU_ReadMem(4 bytes @ 0xE000ED90) -- CPU_ReadMem(4 bytes @ 0xE000ED94) -- -------------------------------------- -- Start of determining dirty areas in flash cache -- End of determining dirty areas -- Start of preparing flash programming -- Calculating RAM usage -- RAM usage = 2860 Bytes -- Preserving CPU registers -- Preparing memory -- Preparing target -- Downloading RAMCode
 -- Checking target RAM -- Preparing RAMCode -- End of preparing flash programming -- CPU is running at 90000 kHz. -- Start of comparing flash -- CRC check was estimated as fastest method -- Comparing range 0x400000 - 0x402FFF (3 Sectors, 12 KB), using multi-block CRC calculation -- CRC does not match for sectors 0-2 -- End of comparing flash -- Start of erasing sectors -- End of erasing sectors -- Start of flash programming -- Programming range 0x00400000 - 0x00402FFF (  3 Sectors, 12 KB)
 -- End of flash programming -- 0x400000 - 0x402FFF (  3 Sectors, 12 KB) -- Start of verifying flash -- Checksum calculation was estimated as fastest method -- End of verifying flash -- Start of restoring -- Restoring RAMCode -- Restore target -- Restore memory -- Restoring CPU registers -- End of restoring -- Bank 0 @ 0x00400000: 1 range affected (12288 bytes) -- Total time needed: 0.304s (Prepare: 0.187s, Compare: 0.005s, Erase: 0.000s, Program: 0.055s, Verify: 0.000s, Restore: 0.055s)  returns 0x3000
 (0308ms, 25568ms total)
T5040 17814:898 JLINK_ResetPullsRESET(ON) (0000ms, 25568ms total)
T5040 17814:898 JLINK_ResetNoHalt() >0x2F8 JTAG>TotalIRLen = 4, IRPrint = 0x01 >0x30 JTAG> >0x30 JTAG>JTAG chain detection found 1 devices: #0 Id: 0x4BA00477, IRLen: 04, CoreSight JTAG-DPAP map detection skipped. Manually configured AP map found.AP[0]: AHB-AP (IDR: Not set) >0xB0 JTAG> >0x48 JTAG> >0x48 JTAG> >0x70 JTAG> >0x40 JTAG> >0x30 JTAG> >0x40 JTAG> >0x40 JTAG>AP[0]: Core foundAP[0]: AHB-AP ROM base: 0xE00FF000 >0x40 JTAG> >0x40 JTAG> >0x30 JTAG> >0x40 JTAG> >0x40 JTAG>
CPUID register: 0x410FC241. Implementer code: 0x41 (ARM)Found Cortex-M4 r0p1, Little endian. -- Max. mem block: 0x00001F48 -- CPU_ReadMem(4 bytes @ 0xE000EDF0) -- CPU_ReadMem(4 bytes @ 0xE0002000)FPUnit: 6 code (BP) slots and 2 literal slots -- CPU_ReadMem(4 bytes @ 0xE000EDFC) -- CPU_ReadMem(4 bytes @ 0xE0001000) -- CPU_ReadMem(4 bytes @ 0xE000ED88) -- CPU_WriteMem(4 bytes @ 0xE000ED88) -- CPU_ReadMem(4 bytes @ 0xE000ED88) -- CPU_WriteMem(4 bytes @ 0xE000ED88)CoreSight components:ROMTbl[0] @ E00FF000
 -- CPU_ReadMem(16 bytes @ 0xE00FF000) -- CPU_ReadMem(16 bytes @ 0xE000EFF0) -- CPU_ReadMem(16 bytes @ 0xE000EFE0)ROMTbl[0][0]: E000E000, CID: B105E00D, PID: 000BB00C SCS-M7 -- CPU_WriteMem(4 bytes @ 0xE0001000) -- CPU_ReadMem(16 bytes @ 0xE0001FF0) -- CPU_ReadMem(16 bytes @ 0xE0001FE0)ROMTbl[0][1]: E0001000, CID: B105E00D, PID: 003BB002 DWT -- CPU_ReadMem(16 bytes @ 0xE0002FF0) -- CPU_ReadMem(16 bytes @ 0xE0002FE0)ROMTbl[0][2]: E0002000, CID: B105E00D, PID: 002BB003 FPB
 -- CPU_ReadMem(16 bytes @ 0xE0000FF0) -- CPU_ReadMem(16 bytes @ 0xE0000FE0)ROMTbl[0][3]: E0000000, CID: B105E00D, PID: 003BB001 ITM -- CPU_ReadMem(16 bytes @ 0xE00FF010) -- CPU_ReadMem(16 bytes @ 0xE0040FF0) -- CPU_ReadMem(16 bytes @ 0xE0040FE0)ROMTbl[0][4]: E0040000, CID: B105900D, PID: 000BB9A1 TPIU
                JLINK_Reset() -- CPU_ReadMem(16 bytes @ 0x20000000) -- CPU_WriteMem(16 bytes @ 0x20000000) -- CPU_ReadMem(4 bytes @ 0xE000EDFC) -- CPU_WriteMem(4 bytes @ 0xE000EDFC) -- CPU_ReadMem(4 bytes @ 0xE0001000) -- CPU_WriteMem(4 bytes @ 0xE000EDFC) -- CPU_WriteMem(16 bytes @ 0x20000000) -- CPU_WriteMem(4 bytes @ 0xE0002000) -- CPU_ReadMem(4 bytes @ 0xE000EDFC) -- CPU_ReadMem(4 bytes @ 0xE0001000) (0023ms, 0023ms total)
                JLINK_Go() -- CPU_ReadMem(4 bytes @ 0xE0001000) -- CPU_WriteMem(4 bytes @ 0xE0001004) (0001ms, 0024ms total)
               (0038ms, 25606ms total)
T5040 17814:945 JLINK_Close() >0x70 JTAG> >0x40 JTAG> >0x30 JTAG> >0x30 JTAG> >0x30 JTAG> >0x30 JTAG> >0x48 JTAG> >0x30 JTAG> >0x08 JTAG> (0006ms, 25612ms total)
T5040 17814:945  (0006ms, 25612ms total)
T5040 17814:945 Closed (0006ms, 25612ms total)
